https://graph.qq.com/oauth2.0/token?grant_type=authorization_code&client_id=101393174&redirect_uri=http%3A%2F%2Fhttps://wx.pinquduo.cn%2Fqq%2Fuser%2Fget_user_info.php&client_secret=931bb8335b2c74bf79a299ec86c633c1&code=58F649967D7F5880B9EC287307623D76
https://graph.qq.com/oauth2.0/me?access_token=3D64B347673385BF452EDBD2B3A80F08
https://graph.qq.com/user/get_user_info?oauth_consumer_key=101393174&access_token=3D64B347673385BF452EDBD2B3A80F08&openid=964EEE642DCA4886D7F31F4D9515456B&format=json
https://graph.qq.com/oauth2.0/token?grant_type=authorization_code&client_id=101393174&redirect_uri=http%3A%2F%2Fhttps://wx.pinquduo.cn%2Fqq%2Fuser%2Fget_user_info.php&client_secret=931bb8335b2c74bf79a299ec86c633c1&code=23AE2B575288F30176ABE3F48709E3E2
https://graph.qq.com/oauth2.0/me?access_token=92CA9E4FE9B90234944468F27926C111
https://graph.qq.com/user/get_user_info?oauth_consumer_key=101393174&access_token=92CA9E4FE9B90234944468F27926C111&openid=87B8FB3268A6B49C95B410AA5372F6B3&format=json
https://graph.qq.com/oauth2.0/token?grant_type=authorization_code&client_id=101393174&redirect_uri=http%3A%2F%2Fhttps://wx.pinquduo.cn%2Fqq%2Fuser%2Fget_user_info.php&client_secret=931bb8335b2c74bf79a299ec86c633c1&code=107A8E6732D30BF19A99EEA5479E173E
https://graph.qq.com/oauth2.0/me?access_token=E406EF3D3854D455BB176DB7D6B51F16
https://graph.qq.com/user/get_user_info?oauth_consumer_key=101393174&access_token=E406EF3D3854D455BB176DB7D6B51F16&openid=11BFDDEB69457B80D7C116411D203613&format=json
https://graph.qq.com/oauth2.0/token?grant_type=authorization_code&client_id=101393174&redirect_uri=http%3A%2F%2Fhttps://wx.pinquduo.cn%2Fqq%2Fuser%2Fget_user_info.php&client_secret=931bb8335b2c74bf79a299ec86c633c1&code=107A8E6732D30BF19A99EEA5479E173E
https://graph.qq.com/oauth2.0/token?grant_type=authorization_code&client_id=101393174&redirect_uri=http%3A%2F%2Fhttps://wx.pinquduo.cn%2Fqq%2Fuser%2Fget_user_info.php&client_secret=931bb8335b2c74bf79a299ec86c633c1&code=107A8E6732D30BF19A99EEA5479E173E
https://graph.qq.com/oauth2.0/token?grant_type=authorization_code&client_id=101393174&redirect_uri=http%3A%2F%2Fhttps://wx.pinquduo.cn%2Fqq%2Fuser%2Fget_user_info.php&client_secret=931bb8335b2c74bf79a299ec86c633c1&code=107A8E6732D30BF19A99EEA5479E173E
https://graph.qq.com/oauth2.0/token?grant_type=authorization_code&client_id=101393174&redirect_uri=http%3A%2F%2Fhttps://wx.pinquduo.cn%2Fqq%2Fuser%2Fget_user_info.php&client_secret=931bb8335b2c74bf79a299ec86c633c1&code=107A8E6732D30BF19A99EEA5479E173E
https://graph.qq.com/oauth2.0/token?grant_type=authorization_code&client_id=101393174&redirect_uri=http%3A%2F%2Fhttps://wx.pinquduo.cn%2Fqq%2Fuser%2Fget_user_info.php&client_secret=931bb8335b2c74bf79a299ec86c633c1&code=107A8E6732D30BF19A99EEA5479E173E
https://graph.qq.com/oauth2.0/token?grant_type=authorization_code&client_id=101393174&redirect_uri=http%3A%2F%2Fhttps://wx.pinquduo.cn%2Fqq%2Fuser%2Fget_user_info.php&client_secret=931bb8335b2c74bf79a299ec86c633c1&code=33BF5E80306556B0ED9E115FB5D9B423
https://graph.qq.com/oauth2.0/me?access_token=E406EF3D3854D455BB176DB7D6B51F16
https://graph.qq.com/user/get_user_info?oauth_consumer_key=101393174&access_token=E406EF3D3854D455BB176DB7D6B51F16&openid=11BFDDEB69457B80D7C116411D203613&format=json
https://graph.qq.com/oauth2.0/token?grant_type=authorization_code&client_id=101393174&redirect_uri=http%3A%2F%2Fhttps://wx.pinquduo.cn%2Fqq%2Fuser%2Fget_user_info.php&client_secret=931bb8335b2c74bf79a299ec86c633c1&code=33BF5E80306556B0ED9E115FB5D9B423
https://graph.qq.com/oauth2.0/token?grant_type=authorization_code&client_id=101393174&redirect_uri=http%3A%2F%2Fhttps://wx.pinquduo.cn%2Fqq%2Fuser%2Fget_user_info.php&client_secret=931bb8335b2c74bf79a299ec86c633c1&code=33BF5E80306556B0ED9E115FB5D9B423
https://graph.qq.com/oauth2.0/token?grant_type=authorization_code&client_id=101393174&redirect_uri=http%3A%2F%2Fhttps://wx.pinquduo.cn%2Fqq%2Fuser%2Fget_user_info.php&client_secret=931bb8335b2c74bf79a299ec86c633c1&code=33BF5E80306556B0ED9E115FB5D9B423
https://graph.qq.com/oauth2.0/token?grant_type=authorization_code&client_id=101393174&redirect_uri=http%3A%2F%2Fhttps://wx.pinquduo.cn%2Fqq%2Fuser%2Fget_user_info.php&client_secret=931bb8335b2c74bf79a299ec86c633c1&code=33BF5E80306556B0ED9E115FB5D9B423
https://graph.qq.com/oauth2.0/token?grant_type=authorization_code&client_id=101393174&redirect_uri=http%3A%2F%2Fhttps://wx.pinquduo.cn%2Fqq%2Fuser%2Fget_user_info.php&client_secret=931bb8335b2c74bf79a299ec86c633c1&code=94BA685EF5E976C41C16A8FBDEDE7F85
https://graph.qq.com/oauth2.0/me?access_token=E406EF3D3854D455BB176DB7D6B51F16
https://graph.qq.com/user/get_user_info?oauth_consumer_key=101393174&access_token=E406EF3D3854D455BB176DB7D6B51F16&openid=11BFDDEB69457B80D7C116411D203613&format=json
https://graph.qq.com/oauth2.0/token?grant_type=authorization_code&client_id=101393174&redirect_uri=http%3A%2F%2Fhttps://wx.pinquduo.cn%2Fqq%2Fuser%2Fget_user_info.php&client_secret=931bb8335b2c74bf79a299ec86c633c1&code=94BA685EF5E976C41C16A8FBDEDE7F85
https://graph.qq.com/oauth2.0/token?grant_type=authorization_code&client_id=101393174&redirect_uri=http%3A%2F%2Fhttps://wx.pinquduo.cn%2Fqq%2Fuser%2Fget_user_info.php&client_secret=931bb8335b2c74bf79a299ec86c633c1&code=F5512DD68DCE4DCDA4E8986C634F85BB
https://graph.qq.com/oauth2.0/me?access_token=E017F56A755928E0BBDA28A9DE7B2A93
https://graph.qq.com/user/get_user_info?oauth_consumer_key=101393174&access_token=E017F56A755928E0BBDA28A9DE7B2A93&openid=22A9DFCFA4193543F5EC2905874A94EA&format=json
https://graph.qq.com/oauth2.0/token?grant_type=authorization_code&client_id=101393174&redirect_uri=http%3A%2F%2Fhttps://wx.pinquduo.cn%2Fqq%2Fuser%2Fget_user_info.php&client_secret=931bb8335b2c74bf79a299ec86c633c1&code=F8B34D21C3B5E687EAD27E87AD8399FC
https://graph.qq.com/oauth2.0/me?access_token=C0F34C6EFF709CD32AFC23728F6729BA
https://graph.qq.com/user/get_user_info?oauth_consumer_key=101393174&access_token=C0F34C6EFF709CD32AFC23728F6729BA&openid=015664F1EFB033CD26DF9AF2AD9D7BAE&format=json
https://graph.qq.com/oauth2.0/token?grant_type=authorization_code&client_id=101393174&redirect_uri=http%3A%2F%2Fhttps://wx.pinquduo.cn%2Fqq%2Fuser%2Fget_user_info.php&client_secret=931bb8335b2c74bf79a299ec86c633c1&code=657B10AAC6043FBA9DA3E81B85370690
https://graph.qq.com/oauth2.0/me?access_token=B289ADC92E32A24C74F471E4011B98EE
https://graph.qq.com/user/get_user_info?oauth_consumer_key=101393174&access_token=B289ADC92E32A24C74F471E4011B98EE&openid=D632BDB017D159E59FB39E2472449427&format=json
https://graph.qq.com/oauth2.0/token?grant_type=authorization_code&client_id=101393174&redirect_uri=http%3A%2F%2Fhttps://wx.pinquduo.cn%2Fqq%2Fuser%2Fget_user_info.php&client_secret=931bb8335b2c74bf79a299ec86c633c1&code=425EAFF2C71D87B697F0346BBC8DC0B1
https://graph.qq.com/oauth2.0/me?access_token=B289ADC92E32A24C74F471E4011B98EE
https://graph.qq.com/user/get_user_info?oauth_consumer_key=101393174&access_token=B289ADC92E32A24C74F471E4011B98EE&openid=D632BDB017D159E59FB39E2472449427&format=json
https://graph.qq.com/oauth2.0/token?grant_type=authorization_code&client_id=101393174&redirect_uri=http%3A%2F%2Fhttps://wx.pinquduo.cn%2Fqq%2Fuser%2Fget_user_info.php&client_secret=931bb8335b2c74bf79a299ec86c633c1&code=DAA6C638748B34CBC895011A203A21DF
https://graph.qq.com/oauth2.0/me?access_token=B289ADC92E32A24C74F471E4011B98EE
https://graph.qq.com/user/get_user_info?oauth_consumer_key=101393174&access_token=B289ADC92E32A24C74F471E4011B98EE&openid=D632BDB017D159E59FB39E2472449427&format=json
https://graph.qq.com/oauth2.0/token?grant_type=authorization_code&client_id=101393174&redirect_uri=http%3A%2F%2Fhttps://wx.pinquduo.cn%2Fqq%2Fuser%2Fget_user_info.php&client_secret=931bb8335b2c74bf79a299ec86c633c1&code=AAC03DE3BB4F0FCA829F37CBCE511029
https://graph.qq.com/oauth2.0/me?access_token=B289ADC92E32A24C74F471E4011B98EE
https://graph.qq.com/user/get_user_info?oauth_consumer_key=101393174&access_token=B289ADC92E32A24C74F471E4011B98EE&openid=D632BDB017D159E59FB39E2472449427&format=json
https://graph.qq.com/oauth2.0/token?grant_type=authorization_code&client_id=101393174&redirect_uri=http%3A%2F%2Fhttps://wx.pinquduo.cn%2Fqq%2Fuser%2Fget_user_info.php&client_secret=931bb8335b2c74bf79a299ec86c633c1&code=BE9FBB58A0F39E2ABE8A8BEBCB5B4801
https://graph.qq.com/oauth2.0/me?access_token=B289ADC92E32A24C74F471E4011B98EE
https://graph.qq.com/user/get_user_info?oauth_consumer_key=101393174&access_token=B289ADC92E32A24C74F471E4011B98EE&openid=D632BDB017D159E59FB39E2472449427&format=json
https://graph.qq.com/oauth2.0/token?grant_type=authorization_code&client_id=101393174&redirect_uri=http%3A%2F%2Fhttps://wx.pinquduo.cn%2Fqq%2Fuser%2Fget_user_info.php&client_secret=931bb8335b2c74bf79a299ec86c633c1&code=5B65978F4061F6C9CC504CF67B09F7AB
https://graph.qq.com/oauth2.0/me?access_token=CE3CCD564F2ACFADBE36C5285247D2C5
https://graph.qq.com/user/get_user_info?oauth_consumer_key=101393174&access_token=CE3CCD564F2ACFADBE36C5285247D2C5&openid=C17036277496FA057E7FEE0B6FA8BA6E&format=json
https://graph.qq.com/oauth2.0/token?grant_type=authorization_code&client_id=101393174&redirect_uri=http%3A%2F%2Fhttps://wx.pinquduo.cn%2Fqq%2Fuser%2Fget_user_info.php&client_secret=931bb8335b2c74bf79a299ec86c633c1&code=5F67D2A49F3F323C7AD7939307045D65
https://graph.qq.com/oauth2.0/me?access_token=753462EB1DFE07B281CDC6C5E3E543F9
https://graph.qq.com/user/get_user_info?oauth_consumer_key=101393174&access_token=753462EB1DFE07B281CDC6C5E3E543F9&openid=95F4304E8D1EDAA60DF15CA4BF0A9EDD&format=json
https://graph.qq.com/oauth2.0/token?grant_type=authorization_code&client_id=101393174&redirect_uri=http%3A%2F%2Fhttps://wx.pinquduo.cn%2Fqq%2Fuser%2Fget_user_info.php&client_secret=931bb8335b2c74bf79a299ec86c633c1&code=72DEE3C90B2F8BDDD79078F2DD52063C
https://graph.qq.com/oauth2.0/me?access_token=753462EB1DFE07B281CDC6C5E3E543F9
https://graph.qq.com/user/get_user_info?oauth_consumer_key=101393174&access_token=753462EB1DFE07B281CDC6C5E3E543F9&openid=95F4304E8D1EDAA60DF15CA4BF0A9EDD&format=json
https://graph.qq.com/oauth2.0/token?grant_type=authorization_code&client_id=101393174&redirect_uri=http%3A%2F%2Fhttps://wx.pinquduo.cn%2Fqq%2Fuser%2Fget_user_info.php&client_secret=931bb8335b2c74bf79a299ec86c633c1&code=175E324C8B3519AB5C2E78BC11EEC5BB
https://graph.qq.com/oauth2.0/me?access_token=753462EB1DFE07B281CDC6C5E3E543F9
https://graph.qq.com/user/get_user_info?oauth_consumer_key=101393174&access_token=753462EB1DFE07B281CDC6C5E3E543F9&openid=95F4304E8D1EDAA60DF15CA4BF0A9EDD&format=json
https://graph.qq.com/oauth2.0/token?grant_type=authorization_code&client_id=101393174&redirect_uri=http%3A%2F%2Fhttps://wx.pinquduo.cn%2Fqq%2Fuser%2Fget_user_info.php&client_secret=931bb8335b2c74bf79a299ec86c633c1&code=263735F370B74B058EB1655009160E9D
https://graph.qq.com/oauth2.0/me?access_token=5A7717194328F46F5D7D16334F4AC088
https://graph.qq.com/user/get_user_info?oauth_consumer_key=101393174&access_token=5A7717194328F46F5D7D16334F4AC088&openid=10E521D582566684D2CE9442AACE2F0A&format=json
https://graph.qq.com/oauth2.0/token?grant_type=authorization_code&client_id=101393174&redirect_uri=http%3A%2F%2Fhttps://wx.pinquduo.cn%2Fqq%2Fuser%2Fget_user_info.php&client_secret=931bb8335b2c74bf79a299ec86c633c1&code=006AE55F353BF43398C765D9EB9E09BF
https://graph.qq.com/oauth2.0/me?access_token=0C5D462689C6B0F264105D9362339EE0
https://graph.qq.com/user/get_user_info?oauth_consumer_key=101393174&access_token=0C5D462689C6B0F264105D9362339EE0&openid=5183D46A2A7C0CF6AF6F850693594833&format=json
https://graph.qq.com/oauth2.0/token?grant_type=authorization_code&client_id=101393174&redirect_uri=http%3A%2F%2Fhttps://wx.pinquduo.cn%2Fqq%2Fuser%2Fget_user_info.php&client_secret=931bb8335b2c74bf79a299ec86c633c1&code=3DED50B5471176A8DC6C9B0C785EB573
https://graph.qq.com/oauth2.0/me?access_token=5C21B5D7FA6CA108E21ADDA240600B7C
https://graph.qq.com/user/get_user_info?oauth_consumer_key=101393174&access_token=5C21B5D7FA6CA108E21ADDA240600B7C&openid=7E43C2EDE17E9D881B1DE69B0578476B&format=json
https://graph.qq.com/oauth2.0/token?grant_type=authorization_code&client_id=101393174&redirect_uri=http%3A%2F%2Fhttps://wx.pinquduo.cn%2Fqq%2Fuser%2Fget_user_info.php&client_secret=931bb8335b2c74bf79a299ec86c633c1&code=CCCB6149CDD0DB3DBD9A1F5241252BB9
https://graph.qq.com/oauth2.0/me?access_token=5C21B5D7FA6CA108E21ADDA240600B7C
https://graph.qq.com/user/get_user_info?oauth_consumer_key=101393174&access_token=5C21B5D7FA6CA108E21ADDA240600B7C&openid=7E43C2EDE17E9D881B1DE69B0578476B&format=json
https://graph.qq.com/oauth2.0/token?grant_type=authorization_code&client_id=101393174&redirect_uri=http%3A%2F%2Fhttps://wx.pinquduo.cn%2Fqq%2Fuser%2Fget_user_info.php&client_secret=931bb8335b2c74bf79a299ec86c633c1&code=6CFA8F026310AACCA4B186E57E2A2F53
https://graph.qq.com/oauth2.0/me?access_token=5C21B5D7FA6CA108E21ADDA240600B7C
https://graph.qq.com/user/get_user_info?oauth_consumer_key=101393174&access_token=5C21B5D7FA6CA108E21ADDA240600B7C&openid=7E43C2EDE17E9D881B1DE69B0578476B&format=json
https://graph.qq.com/oauth2.0/token?grant_type=authorization_code&client_id=101393174&redirect_uri=http%3A%2F%2Fhttps://wx.pinquduo.cn%2Fqq%2Fuser%2Fget_user_info.php&client_secret=931bb8335b2c74bf79a299ec86c633c1&code=F29FE0DF644FC1CB7A83C294DD047F1A
https://graph.qq.com/oauth2.0/me?access_token=0C5D462689C6B0F264105D9362339EE0
https://graph.qq.com/user/get_user_info?oauth_consumer_key=101393174&access_token=0C5D462689C6B0F264105D9362339EE0&openid=5183D46A2A7C0CF6AF6F850693594833&format=json
https://graph.qq.com/oauth2.0/token?grant_type=authorization_code&client_id=101393174&redirect_uri=http%3A%2F%2Fhttps://wx.pinquduo.cn%2Fqq%2Fuser%2Fget_user_info.php&client_secret=931bb8335b2c74bf79a299ec86c633c1&code=0EB001334CF4E5FB866D5BFB29D2E89E
https://graph.qq.com/oauth2.0/me?access_token=5C21B5D7FA6CA108E21ADDA240600B7C
https://graph.qq.com/user/get_user_info?oauth_consumer_key=101393174&access_token=5C21B5D7FA6CA108E21ADDA240600B7C&openid=7E43C2EDE17E9D881B1DE69B0578476B&format=json
https://graph.qq.com/oauth2.0/token?grant_type=authorization_code&client_id=101393174&redirect_uri=http%3A%2F%2Fhttps://wx.pinquduo.cn%2Fqq%2Fuser%2Fget_user_info.php&client_secret=931bb8335b2c74bf79a299ec86c633c1&code=64157A53EC6C3219B92F28CF7E8CE108
https://graph.qq.com/oauth2.0/me?access_token=5A7717194328F46F5D7D16334F4AC088
https://graph.qq.com/user/get_user_info?oauth_consumer_key=101393174&access_token=5A7717194328F46F5D7D16334F4AC088&openid=10E521D582566684D2CE9442AACE2F0A&format=json
https://graph.qq.com/oauth2.0/token?grant_type=authorization_code&client_id=101393174&redirect_uri=http%3A%2F%2Fhttps://wx.pinquduo.cn%2Fqq%2Fuser%2Fget_user_info.php&client_secret=931bb8335b2c74bf79a299ec86c633c1&code=EE7FF95FEF9BCD4A5A87A7BE043E44FB
https://graph.qq.com/oauth2.0/me?access_token=5A7717194328F46F5D7D16334F4AC088
https://graph.qq.com/user/get_user_info?oauth_consumer_key=101393174&access_token=5A7717194328F46F5D7D16334F4AC088&openid=10E521D582566684D2CE9442AACE2F0A&format=json
https://graph.qq.com/oauth2.0/token?grant_type=authorization_code&client_id=101393174&redirect_uri=http%3A%2F%2Fhttps://wx.pinquduo.cn%2Fqq%2Fuser%2Fget_user_info.php&client_secret=931bb8335b2c74bf79a299ec86c633c1&code=5211FB28B7F68B97211DC302B3EE8F40
https://graph.qq.com/oauth2.0/me?access_token=5A7717194328F46F5D7D16334F4AC088
https://graph.qq.com/user/get_user_info?oauth_consumer_key=101393174&access_token=5A7717194328F46F5D7D16334F4AC088&openid=10E521D582566684D2CE9442AACE2F0A&format=json
https://graph.qq.com/oauth2.0/token?grant_type=authorization_code&client_id=101393174&redirect_uri=http%3A%2F%2Fhttps://wx.pinquduo.cn%2Fqq%2Fuser%2Fget_user_info.php&client_secret=931bb8335b2c74bf79a299ec86c633c1&code=77978C26FD1D77CEF9B086440F647101
https://graph.qq.com/oauth2.0/me?access_token=D7CE7C7B60CBF4A9FAD7F3C3C35F4373
https://graph.qq.com/user/get_user_info?oauth_consumer_key=101393174&access_token=D7CE7C7B60CBF4A9FAD7F3C3C35F4373&openid=0D59240FDFB0D6BB0706B8B4EEBCE069&format=json
https://graph.qq.com/oauth2.0/token?grant_type=authorization_code&client_id=101393174&redirect_uri=http%3A%2F%2Fhttps://wx.pinquduo.cn%2Fqq%2Fuser%2Fget_user_info.php&client_secret=931bb8335b2c74bf79a299ec86c633c1&code=223786D29EEA869542170DBB3C81DE10
https://graph.qq.com/oauth2.0/me?access_token=6B787B8000C05417093D76969990534F
https://graph.qq.com/user/get_user_info?oauth_consumer_key=101393174&access_token=6B787B8000C05417093D76969990534F&openid=B0C0128A65EA51BA6F6B2CB316172CD6&format=json
https://graph.qq.com/oauth2.0/token?grant_type=authorization_code&client_id=101393174&redirect_uri=http%3A%2F%2Fhttps://wx.pinquduo.cn%2Fqq%2Fuser%2Fget_user_info.php&client_secret=931bb8335b2c74bf79a299ec86c633c1&code=738A7D3E7A0E5756C676FE545611365D
https://graph.qq.com/oauth2.0/me?access_token=6B787B8000C05417093D76969990534F
https://graph.qq.com/user/get_user_info?oauth_consumer_key=101393174&access_token=6B787B8000C05417093D76969990534F&openid=B0C0128A65EA51BA6F6B2CB316172CD6&format=json
https://graph.qq.com/oauth2.0/token?grant_type=authorization_code&client_id=101393174&redirect_uri=http%3A%2F%2Fhttps://wx.pinquduo.cn%2Fqq%2Fuser%2Fget_user_info.php&client_secret=931bb8335b2c74bf79a299ec86c633c1&code=A2C5E27750FA75E40B437F0027470589
https://graph.qq.com/oauth2.0/me?access_token=068C80B445E316122DE0F17C08C071FE
https://graph.qq.com/user/get_user_info?oauth_consumer_key=101393174&access_token=068C80B445E316122DE0F17C08C071FE&openid=3DF0BE55AE40EF6C2D68084C94D367E2&format=json
https://graph.qq.com/oauth2.0/token?grant_type=authorization_code&client_id=101393174&redirect_uri=http%3A%2F%2Fhttps://wx.pinquduo.cn%2Fqq%2Fuser%2Fget_user_info.php&client_secret=931bb8335b2c74bf79a299ec86c633c1&code=F25E73E61BAE8EEA66CA7C878D8F91C5
https://graph.qq.com/oauth2.0/me?access_token=6B787B8000C05417093D76969990534F
https://graph.qq.com/user/get_user_info?oauth_consumer_key=101393174&access_token=6B787B8000C05417093D76969990534F&openid=B0C0128A65EA51BA6F6B2CB316172CD6&format=json
https://graph.qq.com/oauth2.0/token?grant_type=authorization_code&client_id=101393174&redirect_uri=http%3A%2F%2Fhttps://wx.pinquduo.cn%2Fqq%2Fuser%2Fget_user_info.php&client_secret=931bb8335b2c74bf79a299ec86c633c1&code=1071F2C9E0C1ED0BC1A64DD3DC584FB2
https://graph.qq.com/oauth2.0/me?access_token=068C80B445E316122DE0F17C08C071FE
https://graph.qq.com/user/get_user_info?oauth_consumer_key=101393174&access_token=068C80B445E316122DE0F17C08C071FE&openid=3DF0BE55AE40EF6C2D68084C94D367E2&format=json
https://graph.qq.com/oauth2.0/token?grant_type=authorization_code&client_id=101393174&redirect_uri=http%3A%2F%2Fhttps://wx.pinquduo.cn%2Fqq%2Fuser%2Fget_user_info.php&client_secret=931bb8335b2c74bf79a299ec86c633c1&code=92E60D24A213AA1D5D8F9C03D714A6D8
https://graph.qq.com/oauth2.0/me?access_token=432A6C538342F61163B28FCF363C71B7
https://graph.qq.com/user/get_user_info?oauth_consumer_key=101393174&access_token=432A6C538342F61163B28FCF363C71B7&openid=F00A5A320438281356F0810BD094003C&format=json
https://graph.qq.com/oauth2.0/token?grant_type=authorization_code&client_id=101393174&redirect_uri=http%3A%2F%2Fhttps://wx.pinquduo.cn%2Fqq%2Fuser%2Fget_user_info.php&client_secret=931bb8335b2c74bf79a299ec86c633c1&code=1071F2C9E0C1ED0BC1A64DD3DC584FB2
https://graph.qq.com/oauth2.0/token?grant_type=authorization_code&client_id=101393174&redirect_uri=http%3A%2F%2Fhttps://wx.pinquduo.cn%2Fqq%2Fuser%2Fget_user_info.php&client_secret=931bb8335b2c74bf79a299ec86c633c1&code=E72637179F97E93F7CA73739B63B07F8
https://graph.qq.com/oauth2.0/me?access_token=432A6C538342F61163B28FCF363C71B7
https://graph.qq.com/user/get_user_info?oauth_consumer_key=101393174&access_token=432A6C538342F61163B28FCF363C71B7&openid=F00A5A320438281356F0810BD094003C&format=json
https://graph.qq.com/oauth2.0/token?grant_type=authorization_code&client_id=101393174&redirect_uri=http%3A%2F%2Fhttps://wx.pinquduo.cn%2Fqq%2Fuser%2Fget_user_info.php&client_secret=931bb8335b2c74bf79a299ec86c633c1&code=B65F733B7A80C0E389E6B88318549D9E
https://graph.qq.com/oauth2.0/me?access_token=432A6C538342F61163B28FCF363C71B7
https://graph.qq.com/user/get_user_info?oauth_consumer_key=101393174&access_token=432A6C538342F61163B28FCF363C71B7&openid=F00A5A320438281356F0810BD094003C&format=json
https://graph.qq.com/oauth2.0/token?grant_type=authorization_code&client_id=101393174&redirect_uri=http%3A%2F%2Fhttps://wx.pinquduo.cn%2Fqq%2Fuser%2Fget_user_info.php&client_secret=931bb8335b2c74bf79a299ec86c633c1&code=99C61F3FE84EE7776CBD6D3AE326E9CA
https://graph.qq.com/oauth2.0/me?access_token=92CA9E4FE9B90234944468F27926C111
https://graph.qq.com/user/get_user_info?oauth_consumer_key=101393174&access_token=92CA9E4FE9B90234944468F27926C111&openid=87B8FB3268A6B49C95B410AA5372F6B3&format=json
https://graph.qq.com/oauth2.0/token?grant_type=authorization_code&client_id=101393174&redirect_uri=http%3A%2F%2Fhttps://wx.pinquduo.cn%2Fqq%2Fuser%2Fget_user_info.php&client_secret=931bb8335b2c74bf79a299ec86c633c1&code=99C61F3FE84EE7776CBD6D3AE326E9CA
https://graph.qq.com/oauth2.0/token?grant_type=authorization_code&client_id=101393174&redirect_uri=http%3A%2F%2Fhttps://wx.pinquduo.cn%2Fqq%2Fuser%2Fget_user_info.php&client_secret=931bb8335b2c74bf79a299ec86c633c1&code=99C61F3FE84EE7776CBD6D3AE3E9CA
https://graph.qq.com/oauth2.0/token?grant_type=authorization_code&client_id=101393174&redirect_uri=http%3A%2F%2Fhttps://wx.pinquduo.cn%2Fqq%2Fuser%2Fget_user_info.php&client_secret=931bb8335b2c74bf79a299ec86c633c1&code=E4C3D3F128912A3F56F752B1AF1241CC
https://graph.qq.com/oauth2.0/me?access_token=92CA9E4FE9B90234944468F27926C111
https://graph.qq.com/user/get_user_info?oauth_consumer_key=101393174&access_token=92CA9E4FE9B90234944468F27926C111&openid=87B8FB3268A6B49C95B410AA5372F6B3&format=json
https://graph.qq.com/oauth2.0/token?grant_type=authorization_code&client_id=101393174&redirect_uri=http%3A%2F%2Fhttps://wx.pinquduo.cn%2Fqq%2Fuser%2Fget_user_info.php&client_secret=931bb8335b2c74bf79a299ec86c633c1&code=E4C3D3F128912A3F56F752B1AF1241CC
https://graph.qq.com/oauth2.0/token?grant_type=authorization_code&client_id=101393174&redirect_uri=http%3A%2F%2Fhttps://wx.pinquduo.cn%2Fqq%2Fuser%2Fget_user_info.php&client_secret=931bb8335b2c74bf79a299ec86c633c1&code=03EDBF6AA8BF08D2DB55AEDF6AF40F80
https://graph.qq.com/oauth2.0/me?access_token=0C5D462689C6B0F264105D9362339EE0
https://graph.qq.com/user/get_user_info?oauth_consumer_key=101393174&access_token=0C5D462689C6B0F264105D9362339EE0&openid=5183D46A2A7C0CF6AF6F850693594833&format=json
https://graph.qq.com/oauth2.0/token?grant_type=authorization_code&client_id=101393174&redirect_uri=http%3A%2F%2Fhttps://wx.pinquduo.cn%2Fqq%2Fuser%2Fget_user_info.php&client_secret=931bb8335b2c74bf79a299ec86c633c1&code=0091C38F5BC15AE6983865E009AC1581
https://graph.qq.com/oauth2.0/me?access_token=92CA9E4FE9B90234944468F27926C111
https://graph.qq.com/user/get_user_info?oauth_consumer_key=101393174&access_token=92CA9E4FE9B90234944468F27926C111&openid=87B8FB3268A6B49C95B410AA5372F6B3&format=json
