<xml><ToUserName><![CDATA[gh_d0b59cc1b2c7]]></ToUserName>
<FromUserName><![CDATA[oHSHkvh-6F89HVk7vMDmCOKOnBn8]]></FromUserName>
<CreateTime>1503560055</CreateTime>
<MsgType><![CDATA[event]]></MsgType>
<Event><![CDATA[subscribe]]></Event>
<EventKey><![CDATA[qrscene_694004]]></EventKey>
<Ticket><![CDATA[gQF18DwAAAAAAAAAAS5odHRwOi8vd2VpeGluLnFxLmNvbS9xLzAyNENUdzFrdHhiQS0xSFg1djFwMVQAAgR7NJ5ZAwSAUQEA]]></Ticket>
</xml>
<xml><ToUserName><![CDATA[gh_d0b59cc1b2c7]]></ToUserName>
<FromUserName><![CDATA[oHSHkvhH8ST8bGdddZLuOhQSukxw]]></FromUserName>
<CreateTime>1503560055</CreateTime>
<MsgType><![CDATA[event]]></MsgType>
<Event><![CDATA[unsubscribe]]></Event>
<EventKey><![CDATA[]]></EventKey>
</xml>
<xml><ToUserName><![CDATA[gh_d0b59cc1b2c7]]></ToUserName>
<FromUserName><![CDATA[oHSHkvox04wPJy22xdeZnL_pUNrA]]></FromUserName>
<CreateTime>1503560057</CreateTime>
<MsgType><![CDATA[event]]></MsgType>
<Event><![CDATA[unsubscribe]]></Event>
<EventKey><![CDATA[]]></EventKey>
</xml>
<xml><ToUserName><![CDATA[gh_d0b59cc1b2c7]]></ToUserName>
<FromUserName><![CDATA[oHSHkvisIgFqjMfNWs8fuYAeaEuY]]></FromUserName>
<CreateTime>1503560058</CreateTime>
<MsgType><![CDATA[event]]></MsgType>
<Event><![CDATA[subscribe]]></Event>
<EventKey><![CDATA[qrscene_699312]]></EventKey>
<Ticket><![CDATA[gQHY8DwAAAAAAAAAAS5odHRwOi8vd2VpeGluLnFxLmNvbS9xLzAyRXJKTzBydHhiQS0xS3dpdnhwMU4AAgQggZ5ZAwSAUQEA]]></Ticket>
</xml>
<xml><ToUserName><![CDATA[gh_d0b59cc1b2c7]]></ToUserName>
<FromUserName><![CDATA[oHSHkvsvmOxOlRGpe5vUViogeqrQ]]></FromUserName>
<CreateTime>1503560060</CreateTime>
<MsgType><![CDATA[event]]></MsgType>
<Event><![CDATA[subscribe]]></Event>
<EventKey><![CDATA[qrscene_698612]]></EventKey>
<Ticket><![CDATA[gQF-8DwAAAAAAAAAAS5odHRwOi8vd2VpeGluLnFxLmNvbS9xLzAyQ0ZfYjFNdHhiQS0xSWhldnhwMXoAAgSRfJ5ZAwSAUQEA]]></Ticket>
</xml>
<xml><ToUserName><![CDATA[gh_d0b59cc1b2c7]]></ToUserName>
<FromUserName><![CDATA[oHSHkvgWX0vdU9bE4uuzK4Quykw4]]></FromUserName>
<CreateTime>1503560060</CreateTime>
<MsgType><![CDATA[event]]></MsgType>
<Event><![CDATA[unsubscribe]]></Event>
<EventKey><![CDATA[]]></EventKey>
</xml>
<xml><ToUserName><![CDATA[gh_d0b59cc1b2c7]]></ToUserName>
<FromUserName><![CDATA[oHSHkvnZfbhicGmccKp6pjVmBlrg]]></FromUserName>
<CreateTime>1503560060</CreateTime>
<MsgType><![CDATA[event]]></MsgType>
<Event><![CDATA[subscribe]]></Event>
<EventKey><![CDATA[qrscene_689519]]></EventKey>
<Ticket><![CDATA[gQE08TwAAAAAAAAAAS5odHRwOi8vd2VpeGluLnFxLmNvbS9xLzAyYU95aTFKdHhiQS0xSi1IdWhwMV8AAgT_mZ1ZAwSAUQEA]]></Ticket>
</xml>
<xml><ToUserName><![CDATA[gh_d0b59cc1b2c7]]></ToUserName>
<FromUserName><![CDATA[oHSHkvjngxqyZohmKVMK2JTdMrK8]]></FromUserName>
<CreateTime>1503560061</CreateTime>
<MsgType><![CDATA[event]]></MsgType>
<Event><![CDATA[unsubscribe]]></Event>
<EventKey><![CDATA[]]></EventKey>
</xml>
<xml><ToUserName><![CDATA[gh_d0b59cc1b2c7]]></ToUserName>
<FromUserName><![CDATA[oHSHkvg0zk1yj1iJE5QvX2TEvzDw]]></FromUserName>
<CreateTime>1503560061</CreateTime>
<MsgType><![CDATA[event]]></MsgType>
<Event><![CDATA[subscribe]]></Event>
<EventKey><![CDATA[qrscene_698555]]></EventKey>
<Ticket><![CDATA[gQFP8DwAAAAAAAAAAS5odHRwOi8vd2VpeGluLnFxLmNvbS9xLzAyLTdneDE0dHhiQS0xS0hkdnhwMU8AAgQrfJ5ZAwSAUQEA]]></Ticket>
</xml>
<xml><ToUserName><![CDATA[gh_d0b59cc1b2c7]]></ToUserName>
<FromUserName><![CDATA[oHSHkviIr0nkJmfTuKjvF5H4ZMLw]]></FromUserName>
<CreateTime>1503560061</CreateTime>
<MsgType><![CDATA[event]]></MsgType>
<Event><![CDATA[subscribe]]></Event>
<EventKey><![CDATA[qrscene_698555]]></EventKey>
<Ticket><![CDATA[gQFP8DwAAAAAAAAAAS5odHRwOi8vd2VpeGluLnFxLmNvbS9xLzAyLTdneDE0dHhiQS0xS0hkdnhwMU8AAgQrfJ5ZAwSAUQEA]]></Ticket>
</xml>
<xml><ToUserName><![CDATA[gh_d0b59cc1b2c7]]></ToUserName>
<FromUserName><![CDATA[oHSHkvqKHKIXzsHchMfnziifSsAk]]></FromUserName>
<CreateTime>1503560062</CreateTime>
<MsgType><![CDATA[event]]></MsgType>
<Event><![CDATA[SCAN]]></Event>
<EventKey><![CDATA[697292]]></EventKey>
<Ticket><![CDATA[gQEf8TwAAAAAAAAAAS5odHRwOi8vd2VpeGluLnFxLmNvbS9xLzAyRjVGMjEtdHhiQS0xSmQwdmhwMWsAAgTNbp5ZAwSAUQEA]]></Ticket>
</xml>
<xml><ToUserName><![CDATA[gh_d0b59cc1b2c7]]></ToUserName>
<FromUserName><![CDATA[oHSHkvm3VCcywSPbQuYsnGnPCIQU]]></FromUserName>
<CreateTime>1503560064</CreateTime>
<MsgType><![CDATA[event]]></MsgType>
<Event><![CDATA[subscribe]]></Event>
<EventKey><![CDATA[qrscene_696409]]></EventKey>
<Ticket><![CDATA[gQEs8TwAAAAAAAAAAS5odHRwOi8vd2VpeGluLnFxLmNvbS9xLzAyRy05OTF6dHhiQS0xRU9PdmhwMUIAAgSyYJ5ZAwSAUQEA]]></Ticket>
</xml>
<xml><ToUserName><![CDATA[gh_d0b59cc1b2c7]]></ToUserName>
<FromUserName><![CDATA[oHSHkvtduATIaQs8Lpwu9twqXGo4]]></FromUserName>
<CreateTime>1503560064</CreateTime>
<MsgType><![CDATA[event]]></MsgType>
<Event><![CDATA[subscribe]]></Event>
<EventKey><![CDATA[qrscene_699010]]></EventKey>
<Ticket><![CDATA[gQHg7zwAAAAAAAAAAS5odHRwOi8vd2VpeGluLnFxLmNvbS9xLzAycjVJWjB3dHhiQS0xS09ndnhwMWEAAgQyf55ZAwSAUQEA]]></Ticket>
</xml>
<xml><ToUserName><![CDATA[gh_d0b59cc1b2c7]]></ToUserName>
<FromUserName><![CDATA[oHSHkvsK6yTFA9NH4RwF1r21rwPY]]></FromUserName>
<CreateTime>1503560064</CreateTime>
<MsgType><![CDATA[event]]></MsgType>
<Event><![CDATA[subscribe]]></Event>
<EventKey><![CDATA[qrscene_694872]]></EventKey>
<Ticket><![CDATA[gQFJ8DwAAAAAAAAAAS5odHRwOi8vd2VpeGluLnFxLmNvbS9xLzAyMERadDFfdHhiQS0xSDRvdnhwMVMAAgRER55ZAwSAUQEA]]></Ticket>
</xml>
<xml><ToUserName><![CDATA[gh_d0b59cc1b2c7]]></ToUserName>
<FromUserName><![CDATA[oHSHkvjzjSpunwu1RHvYcoTVk_PU]]></FromUserName>
<CreateTime>1503560064</CreateTime>
<MsgType><![CDATA[event]]></MsgType>
<Event><![CDATA[subscribe]]></Event>
<EventKey><![CDATA[qrscene_698837]]></EventKey>
<Ticket><![CDATA[gQHj7zwAAAAAAAAAAS5odHRwOi8vd2VpeGluLnFxLmNvbS9xLzAyMHB3eDFQdHhiQS0xS09mdmhwMVEAAgQyfp5ZAwSAUQEA]]></Ticket>
</xml>
<xml><ToUserName><![CDATA[gh_d0b59cc1b2c7]]></ToUserName>
<FromUserName><![CDATA[oHSHkvmXRgmvu0F3sxa630fdyMpU]]></FromUserName>
<CreateTime>1503560065</CreateTime>
<MsgType><![CDATA[event]]></MsgType>
<Event><![CDATA[TEMPLATESENDJOBFINISH]]></Event>
<MsgID>420304867</MsgID>
<Status><![CDATA[success]]></Status>
</xml>
<xml><ToUserName><![CDATA[gh_d0b59cc1b2c7]]></ToUserName>
<FromUserName><![CDATA[oHSHkvo6Y7P93_Xj92sEy2-IjhSs]]></FromUserName>
<CreateTime>1503560066</CreateTime>
<MsgType><![CDATA[event]]></MsgType>
<Event><![CDATA[SCAN]]></Event>
<EventKey><![CDATA[699254]]></EventKey>
<Ticket><![CDATA[gQFR8TwAAAAAAAAAAS5odHRwOi8vd2VpeGluLnFxLmNvbS9xLzAyaGhfWDEwdHhiQS0xSkJpdnhwMVEAAgTlgJ5ZAwSAUQEA]]></Ticket>
</xml>
<xml><ToUserName><![CDATA[gh_d0b59cc1b2c7]]></ToUserName>
<FromUserName><![CDATA[oHSHkvrM4ynzkTGRTdxgF9rEJTcw]]></FromUserName>
<CreateTime>1503560066</CreateTime>
<MsgType><![CDATA[event]]></MsgType>
<Event><![CDATA[unsubscribe]]></Event>
<EventKey><![CDATA[]]></EventKey>
</xml>
<xml><ToUserName><![CDATA[gh_d0b59cc1b2c7]]></ToUserName>
<FromUserName><![CDATA[oHSHkvsvmOxOlRGpe5vUViogeqrQ]]></FromUserName>
<CreateTime>1503560066</CreateTime>
<MsgType><![CDATA[event]]></MsgType>
<Event><![CDATA[VIEW]]></Event>
<EventKey><![CDATA[https://open.weixin.qq.com/connect/oauth2/authorize?appid=wxdbc22996638a2c73&redirect_uri=https://wx.pinquduo.cn/wechat/login.php?page_name=home&response_type=code&scope=snsapi_userinfo&state=123&connect_redirect=1&a=123#wechat_redirect]]></EventKey>
<MenuId>419509394</MenuId>
</xml>
<xml><ToUserName><![CDATA[gh_d0b59cc1b2c7]]></ToUserName>
<FromUserName><![CDATA[oHSHkvt7Sh_m_OUApEfaxxmTiCpI]]></FromUserName>
<CreateTime>1503560067</CreateTime>
<MsgType><![CDATA[event]]></MsgType>
<Event><![CDATA[subscribe]]></Event>
<EventKey><![CDATA[qrscene_697859]]></EventKey>
<Ticket><![CDATA[gQGK8DwAAAAAAAAAAS5odHRwOi8vd2VpeGluLnFxLmNvbS9xLzAyQTF1MTFRdHhiQS0xS2Q3dmhwMWcAAgQNdp5ZAwSAUQEA]]></Ticket>
</xml>
<xml><ToUserName><![CDATA[gh_d0b59cc1b2c7]]></ToUserName>
<FromUserName><![CDATA[oHSHkvi90uUC2UdhCuQs4hQabt8I]]></FromUserName>
<CreateTime>1503560069</CreateTime>
<MsgType><![CDATA[event]]></MsgType>
<Event><![CDATA[subscribe]]></Event>
<EventKey><![CDATA[qrscene_698644]]></EventKey>
<Ticket><![CDATA[gQH57zwAAAAAAAAAAS5odHRwOi8vd2VpeGluLnFxLmNvbS9xLzAydmFmXzBOdHhiQS0xSmpldmhwMXkAAgTTfJ5ZAwSAUQEA]]></Ticket>
</xml>
<xml><ToUserName><![CDATA[gh_d0b59cc1b2c7]]></ToUserName>
<FromUserName><![CDATA[oHSHkvq4oWxGDW3eZGS81TXq73QE]]></FromUserName>
<CreateTime>1503560069</CreateTime>
<MsgType><![CDATA[event]]></MsgType>
<Event><![CDATA[subscribe]]></Event>
<EventKey><![CDATA[qrscene_692877]]></EventKey>
<Ticket><![CDATA[gQE88TwAAAAAAAAAAS5odHRwOi8vd2VpeGluLnFxLmNvbS9xLzAydlZ2YjBRdHhiQS0xQThKdjFwMWQAAgSIG55ZAwSAUQEA]]></Ticket>
</xml>
<xml><ToUserName><![CDATA[gh_d0b59cc1b2c7]]></ToUserName>
<FromUserName><![CDATA[oHSHkvsYIUjcHRplexF53sNNDMo0]]></FromUserName>
<CreateTime>1503560071</CreateTime>
<MsgType><![CDATA[event]]></MsgType>
<Event><![CDATA[unsubscribe]]></Event>
<EventKey><![CDATA[]]></EventKey>
</xml>
<xml><ToUserName><![CDATA[gh_d0b59cc1b2c7]]></ToUserName>
<FromUserName><![CDATA[oHSHkvh2a3roFEjgNK4TssLV2Lzc]]></FromUserName>
<CreateTime>1503560073</CreateTime>
<MsgType><![CDATA[event]]></MsgType>
<Event><![CDATA[subscribe]]></Event>
<EventKey><![CDATA[qrscene_697935]]></EventKey>
<Ticket><![CDATA[gQF-8DwAAAAAAAAAAS5odHRwOi8vd2VpeGluLnFxLmNvbS9xLzAyVFlicjFEdHhiQS0xSkg4dk5wMW4AAgTrdp5ZAwSAUQEA]]></Ticket>
</xml>
<xml><ToUserName><![CDATA[gh_d0b59cc1b2c7]]></ToUserName>
<FromUserName><![CDATA[oHSHkvtyRoz0N_UalzS6jcUL0KfA]]></FromUserName>
<CreateTime>1503560074</CreateTime>
<MsgType><![CDATA[event]]></MsgType>
<Event><![CDATA[subscribe]]></Event>
<EventKey><![CDATA[qrscene_698896]]></EventKey>
<Ticket><![CDATA[gQHb7zwAAAAAAAAAAS5odHRwOi8vd2VpeGluLnFxLmNvbS9xLzAybHJ4RTBrdHhiQS0xTDNmdk5wMVcAAgRDfp5ZAwSAUQEA]]></Ticket>
</xml>
<xml><ToUserName><![CDATA[gh_d0b59cc1b2c7]]></ToUserName>
<FromUserName><![CDATA[oHSHkvq4oWxGDW3eZGS81TXq73QE]]></FromUserName>
<CreateTime>1503560076</CreateTime>
<MsgType><![CDATA[event]]></MsgType>
<Event><![CDATA[unsubscribe]]></Event>
<EventKey><![CDATA[]]></EventKey>
</xml>
<xml><ToUserName><![CDATA[gh_d0b59cc1b2c7]]></ToUserName>
<FromUserName><![CDATA[oHSHkvsuTOrplPxi-zOgiIJ8J9Hc]]></FromUserName>
<CreateTime>1503560076</CreateTime>
<MsgType><![CDATA[event]]></MsgType>
<Event><![CDATA[unsubscribe]]></Event>
<EventKey><![CDATA[]]></EventKey>
</xml>
<xml><ToUserName><![CDATA[gh_d0b59cc1b2c7]]></ToUserName>
<FromUserName><![CDATA[oHSHkvo6Y7P93_Xj92sEy2-IjhSs]]></FromUserName>
<CreateTime>1503560077</CreateTime>
<MsgType><![CDATA[event]]></MsgType>
<Event><![CDATA[unsubscribe]]></Event>
<EventKey><![CDATA[]]></EventKey>
</xml>
<xml><ToUserName><![CDATA[gh_d0b59cc1b2c7]]></ToUserName>
<FromUserName><![CDATA[oHSHkvlPSnq65UgS8AweMKfE1XAQ]]></FromUserName>
<CreateTime>1503560077</CreateTime>
<MsgType><![CDATA[event]]></MsgType>
<Event><![CDATA[SCAN]]></Event>
<EventKey><![CDATA[699254]]></EventKey>
<Ticket><![CDATA[gQFR8TwAAAAAAAAAAS5odHRwOi8vd2VpeGluLnFxLmNvbS9xLzAyaGhfWDEwdHhiQS0xSkJpdnhwMVEAAgTlgJ5ZAwSAUQEA]]></Ticket>
</xml>
<xml><ToUserName><![CDATA[gh_d0b59cc1b2c7]]></ToUserName>
<FromUserName><![CDATA[oHSHkvmbYQtJbW3Ct0p3PlDj8dG4]]></FromUserName>
<CreateTime>1503560078</CreateTime>
<MsgType><![CDATA[event]]></MsgType>
<Event><![CDATA[subscribe]]></Event>
<EventKey><![CDATA[qrscene_697935]]></EventKey>
<Ticket><![CDATA[gQF-8DwAAAAAAAAAAS5odHRwOi8vd2VpeGluLnFxLmNvbS9xLzAyVFlicjFEdHhiQS0xSkg4dk5wMW4AAgTrdp5ZAwSAUQEA]]></Ticket>
</xml>
<xml><ToUserName><![CDATA[gh_d0b59cc1b2c7]]></ToUserName>
<FromUserName><![CDATA[oHSHkvs5obxLCpjFRYNeLb7NuYQ8]]></FromUserName>
<CreateTime>1503560078</CreateTime>
<MsgType><![CDATA[event]]></MsgType>
<Event><![CDATA[SCAN]]></Event>
<EventKey><![CDATA[697935]]></EventKey>
<Ticket><![CDATA[gQF-8DwAAAAAAAAAAS5odHRwOi8vd2VpeGluLnFxLmNvbS9xLzAyVFlicjFEdHhiQS0xSkg4dk5wMW4AAgTrdp5ZAwSAUQEA]]></Ticket>
</xml>
<xml><ToUserName><![CDATA[gh_d0b59cc1b2c7]]></ToUserName>
<FromUserName><![CDATA[oHSHkvqKIllasE6sNicdUrxGbMYk]]></FromUserName>
<CreateTime>1503560078</CreateTime>
<MsgType><![CDATA[event]]></MsgType>
<Event><![CDATA[SCAN]]></Event>
<EventKey><![CDATA[697935]]></EventKey>
<Ticket><![CDATA[gQF-8DwAAAAAAAAAAS5odHRwOi8vd2VpeGluLnFxLmNvbS9xLzAyVFlicjFEdHhiQS0xSkg4dk5wMW4AAgTrdp5ZAwSAUQEA]]></Ticket>
</xml>
<xml><ToUserName><![CDATA[gh_d0b59cc1b2c7]]></ToUserName>
<FromUserName><![CDATA[oHSHkvnRpgb5yDnqEsh3l0Wb-cU4]]></FromUserName>
<CreateTime>1503560079</CreateTime>
<MsgType><![CDATA[event]]></MsgType>
<Event><![CDATA[subscribe]]></Event>
<EventKey><![CDATA[qrscene_697935]]></EventKey>
<Ticket><![CDATA[gQF-8DwAAAAAAAAAAS5odHRwOi8vd2VpeGluLnFxLmNvbS9xLzAyVFlicjFEdHhiQS0xSkg4dk5wMW4AAgTrdp5ZAwSAUQEA]]></Ticket>
</xml>
<xml><ToUserName><![CDATA[gh_d0b59cc1b2c7]]></ToUserName>
<FromUserName><![CDATA[oHSHkvjzjSpunwu1RHvYcoTVk_PU]]></FromUserName>
<CreateTime>1503560081</CreateTime>
<MsgType><![CDATA[event]]></MsgType>
<Event><![CDATA[unsubscribe]]></Event>
<EventKey><![CDATA[]]></EventKey>
</xml>
<xml><ToUserName><![CDATA[gh_d0b59cc1b2c7]]></ToUserName>
<FromUserName><![CDATA[oHSHkvhpZwot3PpSTHUYysCD1gSs]]></FromUserName>
<CreateTime>1503560082</CreateTime>
<MsgType><![CDATA[event]]></MsgType>
<Event><![CDATA[subscribe]]></Event>
<EventKey><![CDATA[qrscene_693043]]></EventKey>
<Ticket><![CDATA[gQEY8TwAAAAAAAAAAS5odHRwOi8vd2VpeGluLnFxLmNvbS9xLzAycUxSNzBEdHhiQS0xQzJNdjFwMXYAAgQCH55ZAwSAUQEA]]></Ticket>
</xml>
<xml><ToUserName><![CDATA[gh_d0b59cc1b2c7]]></ToUserName>
<FromUserName><![CDATA[oHSHkvl9E3INrYvtYasgtuANTDOE]]></FromUserName>
<CreateTime>1503560082</CreateTime>
<MsgType><![CDATA[event]]></MsgType>
<Event><![CDATA[subscribe]]></Event>
<EventKey><![CDATA[qrscene_697935]]></EventKey>
<Ticket><![CDATA[gQF-8DwAAAAAAAAAAS5odHRwOi8vd2VpeGluLnFxLmNvbS9xLzAyVFlicjFEdHhiQS0xSkg4dk5wMW4AAgTrdp5ZAwSAUQEA]]></Ticket>
</xml>
<xml><ToUserName><![CDATA[gh_d0b59cc1b2c7]]></ToUserName>
<FromUserName><![CDATA[oHSHkvg0zk1yj1iJE5QvX2TEvzDw]]></FromUserName>
<CreateTime>1503560082</CreateTime>
<MsgType><![CDATA[event]]></MsgType>
<Event><![CDATA[unsubscribe]]></Event>
<EventKey><![CDATA[]]></EventKey>
</xml>
<xml><ToUserName><![CDATA[gh_d0b59cc1b2c7]]></ToUserName>
<FromUserName><![CDATA[oHSHkvkJgjR_zuK3k48UDy6knJbE]]></FromUserName>
<CreateTime>1503560085</CreateTime>
<MsgType><![CDATA[text]]></MsgType>
<Content><![CDATA[人呢？]]></Content>
<MsgId>6457741393066285079</MsgId>
</xml>
<xml><ToUserName><![CDATA[gh_d0b59cc1b2c7]]></ToUserName>
<FromUserName><![CDATA[oHSHkvq4kXSe6P_Iu5dBersclHDo]]></FromUserName>
<CreateTime>1503560086</CreateTime>
<MsgType><![CDATA[event]]></MsgType>
<Event><![CDATA[unsubscribe]]></Event>
<EventKey><![CDATA[]]></EventKey>
</xml>
<xml><ToUserName><![CDATA[gh_d0b59cc1b2c7]]></ToUserName>
<FromUserName><![CDATA[oHSHkvnRf6LwVWVUpz22DJ4SnZ5A]]></FromUserName>
<CreateTime>1503560086</CreateTime>
<MsgType><![CDATA[event]]></MsgType>
<Event><![CDATA[subscribe]]></Event>
<EventKey><![CDATA[qrscene_692507]]></EventKey>
<Ticket><![CDATA[gQHu8DwAAAAAAAAAAS5odHRwOi8vd2VpeGluLnFxLmNvbS9xLzAyV3MwZjFjdHhiQS0xQm5DdjFwMWsAAgTXFJ5ZAwSAUQEA]]></Ticket>
</xml>
<xml><ToUserName><![CDATA[gh_d0b59cc1b2c7]]></ToUserName>
<FromUserName><![CDATA[oHSHkvvB_TsX6XOuvds5M_h7ZDNo]]></FromUserName>
<CreateTime>1503560086</CreateTime>
<MsgType><![CDATA[event]]></MsgType>
<Event><![CDATA[SCAN]]></Event>
<EventKey><![CDATA[685823]]></EventKey>
<Ticket><![CDATA[gQFK8TwAAAAAAAAAAS5odHRwOi8vd2VpeGluLnFxLmNvbS9xLzAyM2RvSzA0dHhiQS0xSjAwdTFwMVYAAgTAbp1ZAwSAUQEA]]></Ticket>
</xml>
<xml><ToUserName><![CDATA[gh_d0b59cc1b2c7]]></ToUserName>
<FromUserName><![CDATA[oHSHkvn-WYQiz2fwFASXJH_XzMyc]]></FromUserName>
<CreateTime>1503560089</CreateTime>
<MsgType><![CDATA[event]]></MsgType>
<Event><![CDATA[subscribe]]></Event>
<EventKey><![CDATA[qrscene_698191]]></EventKey>
<Ticket><![CDATA[gQHv7zwAAAAAAAAAAS5odHRwOi8vd2VpeGluLnFxLmNvbS9xLzAyYl9iUTFKdHhiQS0xS3JhdnhwMVQAAgQbeZ5ZAwSAUQEA]]></Ticket>
</xml>
<xml><ToUserName><![CDATA[gh_d0b59cc1b2c7]]></ToUserName>
<FromUserName><![CDATA[oHSHkvsK6yTFA9NH4RwF1r21rwPY]]></FromUserName>
<CreateTime>1503560089</CreateTime>
<MsgType><![CDATA[event]]></MsgType>
<Event><![CDATA[VIEW]]></Event>
<EventKey><![CDATA[https://open.weixin.qq.com/connect/oauth2/authorize?appid=wxdbc22996638a2c73&redirect_uri=https://wx.pinquduo.cn/wechat/login.php?page_name=home&response_type=code&scope=snsapi_userinfo&state=123&connect_redirect=1&a=123#wechat_redirect]]></EventKey>
<MenuId>419509394</MenuId>
</xml>
<xml><ToUserName><![CDATA[gh_d0b59cc1b2c7]]></ToUserName>
<FromUserName><![CDATA[oHSHkviJxhSTA2rEusQhRFI57e5w]]></FromUserName>
<CreateTime>1503560090</CreateTime>
<MsgType><![CDATA[event]]></MsgType>
<Event><![CDATA[subscribe]]></Event>
<EventKey><![CDATA[qrscene_685823]]></EventKey>
<Ticket><![CDATA[gQFK8TwAAAAAAAAAAS5odHRwOi8vd2VpeGluLnFxLmNvbS9xLzAyM2RvSzA0dHhiQS0xSjAwdTFwMVYAAgTAbp1ZAwSAUQEA]]></Ticket>
</xml>
<xml><ToUserName><![CDATA[gh_d0b59cc1b2c7]]></ToUserName>
<FromUserName><![CDATA[oHSHkvsvmOxOlRGpe5vUViogeqrQ]]></FromUserName>
<CreateTime>1503560091</CreateTime>
<MsgType><![CDATA[event]]></MsgType>
<Event><![CDATA[SCAN]]></Event>
<EventKey><![CDATA[698612]]></EventKey>
<Ticket><![CDATA[gQF-8DwAAAAAAAAAAS5odHRwOi8vd2VpeGluLnFxLmNvbS9xLzAyQ0ZfYjFNdHhiQS0xSWhldnhwMXoAAgSRfJ5ZAwSAUQEA]]></Ticket>
</xml>
<xml><ToUserName><![CDATA[gh_d0b59cc1b2c7]]></ToUserName>
<FromUserName><![CDATA[oHSHkvskoWqhq8fr5_k6977deATE]]></FromUserName>
<CreateTime>1503560092</CreateTime>
<MsgType><![CDATA[event]]></MsgType>
<Event><![CDATA[subscribe]]></Event>
<EventKey><![CDATA[qrscene_698963]]></EventKey>
<Ticket><![CDATA[gQFa8DwAAAAAAAAAAS5odHRwOi8vd2VpeGluLnFxLmNvbS9xLzAycUdmYzBBdHhiQS0xSjlndmhwMXcAAgTJfp5ZAwSAUQEA]]></Ticket>
</xml>
<xml><ToUserName><![CDATA[gh_d0b59cc1b2c7]]></ToUserName>
<FromUserName><![CDATA[oHSHkvgtBxHpXONGJ694LKrCcB2k]]></FromUserName>
<CreateTime>1503560093</CreateTime>
<MsgType><![CDATA[event]]></MsgType>
<Event><![CDATA[subscribe]]></Event>
<EventKey><![CDATA[qrscene_698933]]></EventKey>
<Ticket><![CDATA[gQFo8DwAAAAAAAAAAS5odHRwOi8vd2VpeGluLnFxLmNvbS9xLzAyaDNtbDBzdHhiQS0xSXBndk5wMVgAAgSZfp5ZAwSAUQEA]]></Ticket>
</xml>
<xml><ToUserName><![CDATA[gh_d0b59cc1b2c7]]></ToUserName>
<FromUserName><![CDATA[oHSHkvt7Sh_m_OUApEfaxxmTiCpI]]></FromUserName>
<CreateTime>1503560094</CreateTime>
<MsgType><![CDATA[event]]></MsgType>
<Event><![CDATA[unsubscribe]]></Event>
<EventKey><![CDATA[]]></EventKey>
</xml>
<xml><ToUserName><![CDATA[gh_d0b59cc1b2c7]]></ToUserName>
<FromUserName><![CDATA[oHSHkvujJLNuCA1tDfeWyehN-BhU]]></FromUserName>
<CreateTime>1503560094</CreateTime>
<MsgType><![CDATA[event]]></MsgType>
<Event><![CDATA[unsubscribe]]></Event>
<EventKey><![CDATA[]]></EventKey>
</xml>
<xml><ToUserName><![CDATA[gh_d0b59cc1b2c7]]></ToUserName>
<FromUserName><![CDATA[oHSHkvlEgUXiXJWseWO67iYCMsks]]></FromUserName>
<CreateTime>1503560094</CreateTime>
<MsgType><![CDATA[event]]></MsgType>
<Event><![CDATA[unsubscribe]]></Event>
<EventKey><![CDATA[]]></EventKey>
</xml>
<xml><ToUserName><![CDATA[gh_d0b59cc1b2c7]]></ToUserName>
<FromUserName><![CDATA[oHSHkvsFL7G7PQgk2uw8IEeRD94U]]></FromUserName>
<CreateTime>1503560095</CreateTime>
<MsgType><![CDATA[event]]></MsgType>
<Event><![CDATA[unsubscribe]]></Event>
<EventKey><![CDATA[]]></EventKey>
</xml>
<xml><ToUserName><![CDATA[gh_d0b59cc1b2c7]]></ToUserName>
<FromUserName><![CDATA[oHSHkvkpCpiKwvLzJOfKxPrhLSfw]]></FromUserName>
<CreateTime>1503560096</CreateTime>
<MsgType><![CDATA[event]]></MsgType>
<Event><![CDATA[subscribe]]></Event>
<EventKey><![CDATA[qrscene_699145]]></EventKey>
<Ticket><![CDATA[gQHu8DwAAAAAAAAAAS5odHRwOi8vd2VpeGluLnFxLmNvbS9xLzAyVU10YjBXdHhiQS0xTDlodnhwMUEAAgRJgJ5ZAwSAUQEA]]></Ticket>
</xml>
<xml><ToUserName><![CDATA[gh_d0b59cc1b2c7]]></ToUserName>
<FromUserName><![CDATA[oHSHkvsvmOxOlRGpe5vUViogeqrQ]]></FromUserName>
<CreateTime>1503560097</CreateTime>
<MsgType><![CDATA[event]]></MsgType>
<Event><![CDATA[VIEW]]></Event>
<EventKey><![CDATA[https://open.weixin.qq.com/connect/oauth2/authorize?appid=wxdbc22996638a2c73&redirect_uri=https://wx.pinquduo.cn/wechat/login.php?page_name=home&response_type=code&scope=snsapi_userinfo&state=123&connect_redirect=1&a=123#wechat_redirect]]></EventKey>
<MenuId>419509394</MenuId>
</xml>
<xml><ToUserName><![CDATA[gh_d0b59cc1b2c7]]></ToUserName>
<FromUserName><![CDATA[oHSHkvv8pVAbROz6rztGz_-TDh2M]]></FromUserName>
<CreateTime>1503560098</CreateTime>
<MsgType><![CDATA[event]]></MsgType>
<Event><![CDATA[subscribe]]></Event>
<EventKey><![CDATA[qrscene_694004]]></EventKey>
<Ticket><![CDATA[gQF18DwAAAAAAAAAAS5odHRwOi8vd2VpeGluLnFxLmNvbS9xLzAyNENUdzFrdHhiQS0xSFg1djFwMVQAAgR7NJ5ZAwSAUQEA]]></Ticket>
</xml>
<xml><ToUserName><![CDATA[gh_d0b59cc1b2c7]]></ToUserName>
<FromUserName><![CDATA[oHSHkvk_pb1YJlOtDpdkNg4ncLg4]]></FromUserName>
<CreateTime>1503560098</CreateTime>
<MsgType><![CDATA[event]]></MsgType>
<Event><![CDATA[SCAN]]></Event>
<EventKey><![CDATA[699145]]></EventKey>
<Ticket><![CDATA[gQHu8DwAAAAAAAAAAS5odHRwOi8vd2VpeGluLnFxLmNvbS9xLzAyVU10YjBXdHhiQS0xTDlodnhwMUEAAgRJgJ5ZAwSAUQEA]]></Ticket>
</xml>
<xml><ToUserName><![CDATA[gh_d0b59cc1b2c7]]></ToUserName>
<FromUserName><![CDATA[oHSHkvmNRxWxz4cvigdysGbqxI64]]></FromUserName>
<CreateTime>1503560099</CreateTime>
<MsgType><![CDATA[event]]></MsgType>
<Event><![CDATA[SCAN]]></Event>
<EventKey><![CDATA[697935]]></EventKey>
<Ticket><![CDATA[gQF-8DwAAAAAAAAAAS5odHRwOi8vd2VpeGluLnFxLmNvbS9xLzAyVFlicjFEdHhiQS0xSkg4dk5wMW4AAgTrdp5ZAwSAUQEA]]></Ticket>
</xml>
<xml><ToUserName><![CDATA[gh_d0b59cc1b2c7]]></ToUserName>
<FromUserName><![CDATA[oHSHkvswQpT6tR8-jwOX-2OnAOGc]]></FromUserName>
<CreateTime>1503560099</CreateTime>
<MsgType><![CDATA[event]]></MsgType>
<Event><![CDATA[subscribe]]></Event>
<EventKey><![CDATA[qrscene_697935]]></EventKey>
<Ticket><![CDATA[gQF-8DwAAAAAAAAAAS5odHRwOi8vd2VpeGluLnFxLmNvbS9xLzAyVFlicjFEdHhiQS0xSkg4dk5wMW4AAgTrdp5ZAwSAUQEA]]></Ticket>
</xml>
<xml><ToUserName><![CDATA[gh_d0b59cc1b2c7]]></ToUserName>
<FromUserName><![CDATA[oHSHkvp6hUPK_vCdyoxoVx9jkVGM]]></FromUserName>
<CreateTime>1503560100</CreateTime>
<MsgType><![CDATA[event]]></MsgType>
<Event><![CDATA[SCAN]]></Event>
<EventKey><![CDATA[698191]]></EventKey>
<Ticket><![CDATA[gQHv7zwAAAAAAAAAAS5odHRwOi8vd2VpeGluLnFxLmNvbS9xLzAyYl9iUTFKdHhiQS0xS3JhdnhwMVQAAgQbeZ5ZAwSAUQEA]]></Ticket>
</xml>
<xml><ToUserName><![CDATA[gh_d0b59cc1b2c7]]></ToUserName>
<FromUserName><![CDATA[oHSHkvq4kXSe6P_Iu5dBersclHDo]]></FromUserName>
<CreateTime>1503560100</CreateTime>
<MsgType><![CDATA[event]]></MsgType>
<Event><![CDATA[subscribe]]></Event>
<EventKey><![CDATA[qrscene_698555]]></EventKey>
<Ticket><![CDATA[gQFP8DwAAAAAAAAAAS5odHRwOi8vd2VpeGluLnFxLmNvbS9xLzAyLTdneDE0dHhiQS0xS0hkdnhwMU8AAgQrfJ5ZAwSAUQEA]]></Ticket>
</xml>
<xml><ToUserName><![CDATA[gh_d0b59cc1b2c7]]></ToUserName>
<FromUserName><![CDATA[oHSHkvreuwf_0oYxK6Jk8gnaJIEc]]></FromUserName>
<CreateTime>1503560102</CreateTime>
<MsgType><![CDATA[event]]></MsgType>
<Event><![CDATA[unsubscribe]]></Event>
<EventKey><![CDATA[]]></EventKey>
</xml>
<xml><ToUserName><![CDATA[gh_d0b59cc1b2c7]]></ToUserName>
<FromUserName><![CDATA[oHSHkvq0xtVLsOKC-m1Jjc9AwTNs]]></FromUserName>
<CreateTime>1503560102</CreateTime>
<MsgType><![CDATA[event]]></MsgType>
<Event><![CDATA[subscribe]]></Event>
<EventKey><![CDATA[qrscene_699147]]></EventKey>
<Ticket><![CDATA[gQHV8DwAAAAAAAAAAS5odHRwOi8vd2VpeGluLnFxLmNvbS9xLzAyNWVvYTBodHhiQS0xTGhodmhwMTAAAgRRgJ5ZAwSAUQEA]]></Ticket>
</xml>
<xml><ToUserName><![CDATA[gh_d0b59cc1b2c7]]></ToUserName>
<FromUserName><![CDATA[oHSHkvghrRmsfhrzF3rXf2N-s0u4]]></FromUserName>
<CreateTime>1503560104</CreateTime>
<MsgType><![CDATA[event]]></MsgType>
<Event><![CDATA[SCAN]]></Event>
<EventKey><![CDATA[686829]]></EventKey>
<Ticket><![CDATA[gQF78DwAAAAAAAAAAS5odHRwOi8vd2VpeGluLnFxLmNvbS9xLzAyNjNXdTBTdHhiQS0xSndkdWhwMUMAAgTge51ZAwSAUQEA]]></Ticket>
</xml>
<xml><ToUserName><![CDATA[gh_d0b59cc1b2c7]]></ToUserName>
<FromUserName><![CDATA[oHSHkvv8pVAbROz6rztGz_-TDh2M]]></FromUserName>
<CreateTime>1503560104</CreateTime>
<MsgType><![CDATA[event]]></MsgType>
<Event><![CDATA[unsubscribe]]></Event>
<EventKey><![CDATA[]]></EventKey>
</xml>
<xml><ToUserName><![CDATA[gh_d0b59cc1b2c7]]></ToUserName>
<FromUserName><![CDATA[oHSHkvqxbJJoifMRINjZb1vrW5Fg]]></FromUserName>
<CreateTime>1503560104</CreateTime>
<MsgType><![CDATA[event]]></MsgType>
<Event><![CDATA[SCAN]]></Event>
<EventKey><![CDATA[697476]]></EventKey>
<Ticket><![CDATA[gQEs8DwAAAAAAAAAAS5odHRwOi8vd2VpeGluLnFxLmNvbS9xLzAyYW5ITzBhdHhiQS0xS2kydmhwMWgAAgQScZ5ZAwSAUQEA]]></Ticket>
</xml>
<xml><ToUserName><![CDATA[gh_d0b59cc1b2c7]]></ToUserName>
<FromUserName><![CDATA[oHSHkvhEb6bfMyMBpmJXDdjAUbmU]]></FromUserName>
<CreateTime>1503560104</CreateTime>
<MsgType><![CDATA[event]]></MsgType>
<Event><![CDATA[subscribe]]></Event>
<EventKey><![CDATA[qrscene_698299]]></EventKey>
<Ticket><![CDATA[gQEM8DwAAAAAAAAAAS5odHRwOi8vd2VpeGluLnFxLmNvbS9xLzAyZXU1YTFTdHhiQS0xS1VidjFwMXcAAgQ4ep5ZAwSAUQEA]]></Ticket>
</xml>
<xml><ToUserName><![CDATA[gh_d0b59cc1b2c7]]></ToUserName>
<FromUserName><![CDATA[oHSHkvgqYoL9Rz5WWc8DfioPLUZI]]></FromUserName>
<CreateTime>1503560106</CreateTime>
<MsgType><![CDATA[event]]></MsgType>
<Event><![CDATA[SCAN]]></Event>
<EventKey><![CDATA[697935]]></EventKey>
<Ticket><![CDATA[gQF-8DwAAAAAAAAAAS5odHRwOi8vd2VpeGluLnFxLmNvbS9xLzAyVFlicjFEdHhiQS0xSkg4dk5wMW4AAgTrdp5ZAwSAUQEA]]></Ticket>
</xml>
<xml><ToUserName><![CDATA[gh_d0b59cc1b2c7]]></ToUserName>
<FromUserName><![CDATA[oHSHkvn_7Oo5K11ljJHAs2Z7W63c]]></FromUserName>
<CreateTime>1503560106</CreateTime>
<MsgType><![CDATA[event]]></MsgType>
<Event><![CDATA[subscribe]]></Event>
<EventKey><![CDATA[qrscene_698628]]></EventKey>
<Ticket><![CDATA[gQGZ8DwAAAAAAAAAAS5odHRwOi8vd2VpeGluLnFxLmNvbS9xLzAyYlZJcDFtdHhiQS0xSVBldk5wMTkAAgSzfJ5ZAwSAUQEA]]></Ticket>
</xml>
<xml><ToUserName><![CDATA[gh_d0b59cc1b2c7]]></ToUserName>
<FromUserName><![CDATA[oHSHkvrAU-LsjcjAOouS9bOmF7KA]]></FromUserName>
<CreateTime>1503560106</CreateTime>
<MsgType><![CDATA[event]]></MsgType>
<Event><![CDATA[subscribe]]></Event>
<EventKey><![CDATA[qrscene_698354]]></EventKey>
<Ticket><![CDATA[gQG88DwAAAAAAAAAAS5odHRwOi8vd2VpeGluLnFxLmNvbS9xLzAyT2JnNzFNdHhiQS0xSjFjdnhwMUIAAgTBep5ZAwSAUQEA]]></Ticket>
</xml>
<xml><ToUserName><![CDATA[gh_d0b59cc1b2c7]]></ToUserName>
<FromUserName><![CDATA[oHSHkvjmVj6hFgoZTxgKr_VjSHiM]]></FromUserName>
<CreateTime>1503560111</CreateTime>
<MsgType><![CDATA[event]]></MsgType>
<Event><![CDATA[VIEW]]></Event>
<EventKey><![CDATA[https://open.weixin.qq.com/connect/oauth2/authorize?appid=wxdbc22996638a2c73&redirect_uri=https://wx.pinquduo.cn/wechat/login.php?page_name=home&response_type=code&scope=snsapi_userinfo&state=123&connect_redirect=1&a=123#wechat_redirect]]></EventKey>
<MenuId>419509394</MenuId>
</xml>
<xml><ToUserName><![CDATA[gh_d0b59cc1b2c7]]></ToUserName>
<FromUserName><![CDATA[oHSHkvvu-KRxH9-SVobLJSG5fp24]]></FromUserName>
<CreateTime>1503560111</CreateTime>
<MsgType><![CDATA[event]]></MsgType>
<Event><![CDATA[subscribe]]></Event>
<EventKey><![CDATA[qrscene_698537]]></EventKey>
<Ticket><![CDATA[gQFj8DwAAAAAAAAAAS5odHRwOi8vd2VpeGluLnFxLmNvbS9xLzAyZGI2STFZdHhiQS0xSzRkdnhwMU8AAgQEfJ5ZAwSAUQEA]]></Ticket>
</xml>
<xml><ToUserName><![CDATA[gh_d0b59cc1b2c7]]></ToUserName>
<FromUserName><![CDATA[oHSHkvhNKeLfQphVzD5nSJ_hYik8]]></FromUserName>
<CreateTime>1503560111</CreateTime>
<MsgType><![CDATA[event]]></MsgType>
<Event><![CDATA[subscribe]]></Event>
<EventKey><![CDATA[qrscene_697525]]></EventKey>
<Ticket><![CDATA[gQF18DwAAAAAAAAAAS5odHRwOi8vd2VpeGluLnFxLmNvbS9xLzAydHFRcTFpdHhiQS0xSXEzdnhwMTYAAgSacZ5ZAwSAUQEA]]></Ticket>
</xml>
<xml><ToUserName><![CDATA[gh_d0b59cc1b2c7]]></ToUserName>
<FromUserName><![CDATA[oHSHkvrEnI992EdhZKs4insN-B6k]]></FromUserName>
<CreateTime>1503560111</CreateTime>
<MsgType><![CDATA[event]]></MsgType>
<Event><![CDATA[unsubscribe]]></Event>
<EventKey><![CDATA[]]></EventKey>
</xml>
<xml><ToUserName><![CDATA[gh_d0b59cc1b2c7]]></ToUserName>
<FromUserName><![CDATA[oHSHkvjPgNrPb9eGuRpqfXqlpYrA]]></FromUserName>
<CreateTime>1503560112</CreateTime>
<MsgType><![CDATA[event]]></MsgType>
<Event><![CDATA[subscribe]]></Event>
<EventKey><![CDATA[qrscene_698742]]></EventKey>
<Ticket><![CDATA[gQHl8DwAAAAAAAAAAS5odHRwOi8vd2VpeGluLnFxLmNvbS9xLzAyMm5PWjFNdHhiQS0xSWZmdk5wMUEAAgSPfZ5ZAwSAUQEA]]></Ticket>
</xml>
<xml><ToUserName><![CDATA[gh_d0b59cc1b2c7]]></ToUserName>
<FromUserName><![CDATA[oHSHkvjmVj6hFgoZTxgKr_VjSHiM]]></FromUserName>
<CreateTime>1503560112</CreateTime>
<MsgType><![CDATA[event]]></MsgType>
<Event><![CDATA[TEMPLATESENDJOBFINISH]]></Event>
<MsgID>420304990</MsgID>
<Status><![CDATA[success]]></Status>
</xml>
<xml><ToUserName><![CDATA[gh_d0b59cc1b2c7]]></ToUserName>
<FromUserName><![CDATA[oHSHkvrn8Q6SkyaGBhGV42bGy7DI]]></FromUserName>
<CreateTime>1503560112</CreateTime>
<MsgType><![CDATA[event]]></MsgType>
<Event><![CDATA[subscribe]]></Event>
<EventKey><![CDATA[qrscene_698354]]></EventKey>
<Ticket><![CDATA[gQG88DwAAAAAAAAAAS5odHRwOi8vd2VpeGluLnFxLmNvbS9xLzAyT2JnNzFNdHhiQS0xSjFjdnhwMUIAAgTBep5ZAwSAUQEA]]></Ticket>
</xml>
<xml><ToUserName><![CDATA[gh_d0b59cc1b2c7]]></ToUserName>
<FromUserName><![CDATA[oHSHkvi_3Wcp_Lv8EJc5sMLi3J2A]]></FromUserName>
<CreateTime>1503560113</CreateTime>
<MsgType><![CDATA[event]]></MsgType>
<Event><![CDATA[subscribe]]></Event>
<EventKey><![CDATA[qrscene_689146]]></EventKey>
<Ticket><![CDATA[gQHY8DwAAAAAAAAAAS5odHRwOi8vd2VpeGluLnFxLmNvbS9xLzAybEZ0bDBKdHhiQS0xTGhDdU5wMU8AAgRRlZ1ZAwSAUQEA]]></Ticket>
</xml>
<xml><ToUserName><![CDATA[gh_d0b59cc1b2c7]]></ToUserName>
<FromUserName><![CDATA[oHSHkvnxdfxUrlQvPLHH2p-zBzJo]]></FromUserName>
<CreateTime>1503560113</CreateTime>
<MsgType><![CDATA[event]]></MsgType>
<Event><![CDATA[subscribe]]></Event>
<EventKey><![CDATA[qrscene_697935]]></EventKey>
<Ticket><![CDATA[gQF-8DwAAAAAAAAAAS5odHRwOi8vd2VpeGluLnFxLmNvbS9xLzAyVFlicjFEdHhiQS0xSkg4dk5wMW4AAgTrdp5ZAwSAUQEA]]></Ticket>
</xml>
<xml><ToUserName><![CDATA[gh_d0b59cc1b2c7]]></ToUserName>
<FromUserName><![CDATA[oHSHkvvkLikM38ruHbJ_0iKSyKEk]]></FromUserName>
<CreateTime>1503560114</CreateTime>
<MsgType><![CDATA[event]]></MsgType>
<Event><![CDATA[subscribe]]></Event>
<EventKey><![CDATA[qrscene_697935]]></EventKey>
<Ticket><![CDATA[gQF-8DwAAAAAAAAAAS5odHRwOi8vd2VpeGluLnFxLmNvbS9xLzAyVFlicjFEdHhiQS0xSkg4dk5wMW4AAgTrdp5ZAwSAUQEA]]></Ticket>
</xml>
<xml><ToUserName><![CDATA[gh_d0b59cc1b2c7]]></ToUserName>
<FromUserName><![CDATA[oHSHkvgQeKoJeN0ReY__Y7KWHXDI]]></FromUserName>
<CreateTime>1503560115</CreateTime>
<MsgType><![CDATA[event]]></MsgType>
<Event><![CDATA[SCAN]]></Event>
<EventKey><![CDATA[698896]]></EventKey>
<Ticket><![CDATA[gQHb7zwAAAAAAAAAAS5odHRwOi8vd2VpeGluLnFxLmNvbS9xLzAybHJ4RTBrdHhiQS0xTDNmdk5wMVcAAgRDfp5ZAwSAUQEA]]></Ticket>
</xml>
<xml><ToUserName><![CDATA[gh_d0b59cc1b2c7]]></ToUserName>
<FromUserName><![CDATA[oHSHkvtyRoz0N_UalzS6jcUL0KfA]]></FromUserName>
<CreateTime>1503560116</CreateTime>
<MsgType><![CDATA[event]]></MsgType>
<Event><![CDATA[unsubscribe]]></Event>
<EventKey><![CDATA[]]></EventKey>
</xml>
<xml><ToUserName><![CDATA[gh_d0b59cc1b2c7]]></ToUserName>
<FromUserName><![CDATA[oHSHkvmNRxWxz4cvigdysGbqxI64]]></FromUserName>
<CreateTime>1503560118</CreateTime>
<MsgType><![CDATA[event]]></MsgType>
<Event><![CDATA[SCAN]]></Event>
<EventKey><![CDATA[697935]]></EventKey>
<Ticket><![CDATA[gQF-8DwAAAAAAAAAAS5odHRwOi8vd2VpeGluLnFxLmNvbS9xLzAyVFlicjFEdHhiQS0xSkg4dk5wMW4AAgTrdp5ZAwSAUQEA]]></Ticket>
</xml>
<xml><ToUserName><![CDATA[gh_d0b59cc1b2c7]]></ToUserName>
<FromUserName><![CDATA[oHSHkvs0KbnrdGTdaWEZDo6CZ6yk]]></FromUserName>
<CreateTime>1503560118</CreateTime>
<MsgType><![CDATA[event]]></MsgType>
<Event><![CDATA[SCAN]]></Event>
<EventKey><![CDATA[697035]]></EventKey>
<Ticket><![CDATA[gQGR8DwAAAAAAAAAAS5odHRwOi8vd2VpeGluLnFxLmNvbS9xLzAyYkVzOTB5dHhiQS0xRlRYdjFwMUwAAgT3aZ5ZAwSAUQEA]]></Ticket>
</xml>
<xml><ToUserName><![CDATA[gh_d0b59cc1b2c7]]></ToUserName>
<FromUserName><![CDATA[oHSHkvswQpT6tR8-jwOX-2OnAOGc]]></FromUserName>
<CreateTime>1503560119</CreateTime>
<MsgType><![CDATA[event]]></MsgType>
<Event><![CDATA[unsubscribe]]></Event>
<EventKey><![CDATA[]]></EventKey>
</xml>
<xml><ToUserName><![CDATA[gh_d0b59cc1b2c7]]></ToUserName>
<FromUserName><![CDATA[oHSHkvhpZwot3PpSTHUYysCD1gSs]]></FromUserName>
<CreateTime>1503560121</CreateTime>
<MsgType><![CDATA[event]]></MsgType>
<Event><![CDATA[unsubscribe]]></Event>
<EventKey><![CDATA[]]></EventKey>
</xml>
<xml><ToUserName><![CDATA[gh_d0b59cc1b2c7]]></ToUserName>
<FromUserName><![CDATA[oHSHkvrf88m8hHbnBrIg1nFh9Umc]]></FromUserName>
<CreateTime>1503560121</CreateTime>
<MsgType><![CDATA[event]]></MsgType>
<Event><![CDATA[subscribe]]></Event>
<EventKey><![CDATA[qrscene_697035]]></EventKey>
<Ticket><![CDATA[gQGR8DwAAAAAAAAAAS5odHRwOi8vd2VpeGluLnFxLmNvbS9xLzAyYkVzOTB5dHhiQS0xRlRYdjFwMUwAAgT3aZ5ZAwSAUQEA]]></Ticket>
</xml>
<xml><ToUserName><![CDATA[gh_d0b59cc1b2c7]]></ToUserName>
<FromUserName><![CDATA[oHSHkvoAC6NFMPohhrL0g8hFOHyE]]></FromUserName>
<CreateTime>1503560123</CreateTime>
<MsgType><![CDATA[event]]></MsgType>
<Event><![CDATA[SCAN]]></Event>
<EventKey><![CDATA[697035]]></EventKey>
<Ticket><![CDATA[gQGR8DwAAAAAAAAAAS5odHRwOi8vd2VpeGluLnFxLmNvbS9xLzAyYkVzOTB5dHhiQS0xRlRYdjFwMUwAAgT3aZ5ZAwSAUQEA]]></Ticket>
</xml>
<xml><ToUserName><![CDATA[gh_d0b59cc1b2c7]]></ToUserName>
<FromUserName><![CDATA[oHSHkvnRpgb5yDnqEsh3l0Wb-cU4]]></FromUserName>
<CreateTime>1503560123</CreateTime>
<MsgType><![CDATA[event]]></MsgType>
<Event><![CDATA[unsubscribe]]></Event>
<EventKey><![CDATA[]]></EventKey>
</xml>
<xml><ToUserName><![CDATA[gh_d0b59cc1b2c7]]></ToUserName>
<FromUserName><![CDATA[oHSHkvr101UdCmhrSXRDu9sLD2Go]]></FromUserName>
<CreateTime>1503560125</CreateTime>
<MsgType><![CDATA[event]]></MsgType>
<Event><![CDATA[subscribe]]></Event>
<EventKey><![CDATA[qrscene_697935]]></EventKey>
<Ticket><![CDATA[gQF-8DwAAAAAAAAAAS5odHRwOi8vd2VpeGluLnFxLmNvbS9xLzAyVFlicjFEdHhiQS0xSkg4dk5wMW4AAgTrdp5ZAwSAUQEA]]></Ticket>
</xml>
<xml><ToUserName><![CDATA[gh_d0b59cc1b2c7]]></ToUserName>
<FromUserName><![CDATA[oHSHkvs0KbnrdGTdaWEZDo6CZ6yk]]></FromUserName>
<CreateTime>1503560125</CreateTime>
<MsgType><![CDATA[event]]></MsgType>
<Event><![CDATA[unsubscribe]]></Event>
<EventKey><![CDATA[]]></EventKey>
</xml>
<xml><ToUserName><![CDATA[gh_d0b59cc1b2c7]]></ToUserName>
<FromUserName><![CDATA[oHSHkvt6qB7JjEVk7MozKISWyayY]]></FromUserName>
<CreateTime>1503560127</CreateTime>
<MsgType><![CDATA[event]]></MsgType>
<Event><![CDATA[unsubscribe]]></Event>
<EventKey><![CDATA[]]></EventKey>
</xml>
<xml><ToUserName><![CDATA[gh_d0b59cc1b2c7]]></ToUserName>
<FromUserName><![CDATA[oHSHkvsgG_DlUf4eNv4BRkptSy1Y]]></FromUserName>
<CreateTime>1503560128</CreateTime>
<MsgType><![CDATA[event]]></MsgType>
<Event><![CDATA[SCAN]]></Event>
<EventKey><![CDATA[698933]]></EventKey>
<Ticket><![CDATA[gQFo8DwAAAAAAAAAAS5odHRwOi8vd2VpeGluLnFxLmNvbS9xLzAyaDNtbDBzdHhiQS0xSXBndk5wMVgAAgSZfp5ZAwSAUQEA]]></Ticket>
</xml>
<xml><ToUserName><![CDATA[gh_d0b59cc1b2c7]]></ToUserName>
<FromUserName><![CDATA[oHSHkvjLIytY1TzL2fAMGoqxEgwk]]></FromUserName>
<CreateTime>1503560128</CreateTime>
<MsgType><![CDATA[event]]></MsgType>
<Event><![CDATA[subscribe]]></Event>
<EventKey><![CDATA[qrscene_697935]]></EventKey>
<Ticket><![CDATA[gQF-8DwAAAAAAAAAAS5odHRwOi8vd2VpeGluLnFxLmNvbS9xLzAyVFlicjFEdHhiQS0xSkg4dk5wMW4AAgTrdp5ZAwSAUQEA]]></Ticket>
</xml>
<xml><ToUserName><![CDATA[gh_d0b59cc1b2c7]]></ToUserName>
<FromUserName><![CDATA[oHSHkvgQeKoJeN0ReY__Y7KWHXDI]]></FromUserName>
<CreateTime>1503560130</CreateTime>
<MsgType><![CDATA[event]]></MsgType>
<Event><![CDATA[unsubscribe]]></Event>
<EventKey><![CDATA[]]></EventKey>
</xml>
<xml><ToUserName><![CDATA[gh_d0b59cc1b2c7]]></ToUserName>
<FromUserName><![CDATA[oHSHkvq4kXSe6P_Iu5dBersclHDo]]></FromUserName>
<CreateTime>1503560130</CreateTime>
<MsgType><![CDATA[event]]></MsgType>
<Event><![CDATA[unsubscribe]]></Event>
<EventKey><![CDATA[]]></EventKey>
</xml>
<xml><ToUserName><![CDATA[gh_d0b59cc1b2c7]]></ToUserName>
<FromUserName><![CDATA[oHSHkvh0S_agAue-JmwoqsSRgg6Q]]></FromUserName>
<CreateTime>1503560132</CreateTime>
<MsgType><![CDATA[event]]></MsgType>
<Event><![CDATA[subscribe]]></Event>
<EventKey><![CDATA[qrscene_697292]]></EventKey>
<Ticket><![CDATA[gQEf8TwAAAAAAAAAAS5odHRwOi8vd2VpeGluLnFxLmNvbS9xLzAyRjVGMjEtdHhiQS0xSmQwdmhwMWsAAgTNbp5ZAwSAUQEA]]></Ticket>
</xml>
<xml><ToUserName><![CDATA[gh_d0b59cc1b2c7]]></ToUserName>
<FromUserName><![CDATA[oHSHkviMEJyL1qAI2u2PA0jS2omQ]]></FromUserName>
<CreateTime>1503560132</CreateTime>
<MsgType><![CDATA[event]]></MsgType>
<Event><![CDATA[subscribe]]></Event>
<EventKey><![CDATA[]]></EventKey>
</xml>
<xml><ToUserName><![CDATA[gh_d0b59cc1b2c7]]></ToUserName>
<FromUserName><![CDATA[oHSHkvgktxHUeaT299z0uFp7BEj0]]></FromUserName>
<CreateTime>1503560133</CreateTime>
<MsgType><![CDATA[event]]></MsgType>
<Event><![CDATA[subscribe]]></Event>
<EventKey><![CDATA[qrscene_697935]]></EventKey>
<Ticket><![CDATA[gQF-8DwAAAAAAAAAAS5odHRwOi8vd2VpeGluLnFxLmNvbS9xLzAyVFlicjFEdHhiQS0xSkg4dk5wMW4AAgTrdp5ZAwSAUQEA]]></Ticket>
</xml>
<xml><ToUserName><![CDATA[gh_d0b59cc1b2c7]]></ToUserName>
<FromUserName><![CDATA[oHSHkvoDFNW9QK8q9sJUySKL63WI]]></FromUserName>
<CreateTime>1503560135</CreateTime>
<MsgType><![CDATA[event]]></MsgType>
<Event><![CDATA[subscribe]]></Event>
<EventKey><![CDATA[qrscene_694004]]></EventKey>
<Ticket><![CDATA[gQF18DwAAAAAAAAAAS5odHRwOi8vd2VpeGluLnFxLmNvbS9xLzAyNENUdzFrdHhiQS0xSFg1djFwMVQAAgR7NJ5ZAwSAUQEA]]></Ticket>
</xml>
<xml><ToUserName><![CDATA[gh_d0b59cc1b2c7]]></ToUserName>
<FromUserName><![CDATA[oHSHkvrVVgMcpuBGimJUr9jVZW0U]]></FromUserName>
<CreateTime>1503560135</CreateTime>
<MsgType><![CDATA[event]]></MsgType>
<Event><![CDATA[subscribe]]></Event>
<EventKey><![CDATA[qrscene_697873]]></EventKey>
<Ticket><![CDATA[gQHS8DwAAAAAAAAAAS5odHRwOi8vd2VpeGluLnFxLmNvbS9xLzAyMk9kNjFjdHhiQS0xS0w3djFwMTYAAgQwdp5ZAwSAUQEA]]></Ticket>
</xml>
<xml><ToUserName><![CDATA[gh_d0b59cc1b2c7]]></ToUserName>
<FromUserName><![CDATA[oHSHkvvlRV5RJMzncAeCwE1gLPac]]></FromUserName>
<CreateTime>1503560136</CreateTime>
<MsgType><![CDATA[event]]></MsgType>
<Event><![CDATA[VIEW]]></Event>
<EventKey><![CDATA[https://open.weixin.qq.com/connect/oauth2/authorize?appid=wxdbc22996638a2c73&redirect_uri=https://wx.pinquduo.cn/wechat/login.php?page_name=home&response_type=code&scope=snsapi_userinfo&state=123&connect_redirect=1&a=123#wechat_redirect]]></EventKey>
<MenuId>419509394</MenuId>
</xml>
<xml><ToUserName><![CDATA[gh_d0b59cc1b2c7]]></ToUserName>
<FromUserName><![CDATA[oHSHkvk4kbWeM9c498AiDnFZl0v8]]></FromUserName>
<CreateTime>1503560136</CreateTime>
<MsgType><![CDATA[event]]></MsgType>
<Event><![CDATA[SCAN]]></Event>
<EventKey><![CDATA[697035]]></EventKey>
<Ticket><![CDATA[gQGR8DwAAAAAAAAAAS5odHRwOi8vd2VpeGluLnFxLmNvbS9xLzAyYkVzOTB5dHhiQS0xRlRYdjFwMUwAAgT3aZ5ZAwSAUQEA]]></Ticket>
</xml>
<xml><ToUserName><![CDATA[gh_d0b59cc1b2c7]]></ToUserName>
<FromUserName><![CDATA[oHSHkvhTXC4s3qkdZKX88uTLun6o]]></FromUserName>
<CreateTime>1503560137</CreateTime>
<MsgType><![CDATA[event]]></MsgType>
<Event><![CDATA[SCAN]]></Event>
<EventKey><![CDATA[694466]]></EventKey>
<Ticket><![CDATA[gQHw8DwAAAAAAAAAAS5odHRwOi8vd2VpeGluLnFxLmNvbS9xLzAyWjZoMDE5dHhiQS0xRlZodmhwMTYAAgT5P55ZAwSAUQEA]]></Ticket>
</xml>
<xml><ToUserName><![CDATA[gh_d0b59cc1b2c7]]></ToUserName>
<FromUserName><![CDATA[oHSHkvoBpz-1unq2sfR2Tnbyn6ng]]></FromUserName>
<CreateTime>1503560137</CreateTime>
<MsgType><![CDATA[event]]></MsgType>
<Event><![CDATA[subscribe]]></Event>
<EventKey><![CDATA[qrscene_698191]]></EventKey>
<Ticket><![CDATA[gQHv7zwAAAAAAAAAAS5odHRwOi8vd2VpeGluLnFxLmNvbS9xLzAyYl9iUTFKdHhiQS0xS3JhdnhwMVQAAgQbeZ5ZAwSAUQEA]]></Ticket>
</xml>
<xml><ToUserName><![CDATA[gh_d0b59cc1b2c7]]></ToUserName>
<FromUserName><![CDATA[oHSHkvkFfHhnyaC_EQ5FDuHyergs]]></FromUserName>
<CreateTime>1503560138</CreateTime>
<MsgType><![CDATA[event]]></MsgType>
<Event><![CDATA[subscribe]]></Event>
<EventKey><![CDATA[qrscene_698742]]></EventKey>
<Ticket><![CDATA[gQHl8DwAAAAAAAAAAS5odHRwOi8vd2VpeGluLnFxLmNvbS9xLzAyMm5PWjFNdHhiQS0xSWZmdk5wMUEAAgSPfZ5ZAwSAUQEA]]></Ticket>
</xml>
<xml><ToUserName><![CDATA[gh_d0b59cc1b2c7]]></ToUserName>
<FromUserName><![CDATA[oHSHkvrq04GZBjqm4kwGXVVhl1sk]]></FromUserName>
<CreateTime>1503560139</CreateTime>
<MsgType><![CDATA[event]]></MsgType>
<Event><![CDATA[subscribe]]></Event>
<EventKey><![CDATA[qrscene_697021]]></EventKey>
<Ticket><![CDATA[gQEC8TwAAAAAAAAAAS5odHRwOi8vd2VpeGluLnFxLmNvbS9xLzAySnlZRzFWdHhiQS0xRjlYdjFwMTYAAgTJaZ5ZAwSAUQEA]]></Ticket>
</xml>
<xml><ToUserName><![CDATA[gh_d0b59cc1b2c7]]></ToUserName>
<FromUserName><![CDATA[oHSHkvqn2F0l8ywLJc25JYZABHdg]]></FromUserName>
<CreateTime>1503560139</CreateTime>
<MsgType><![CDATA[event]]></MsgType>
<Event><![CDATA[SCAN]]></Event>
<EventKey><![CDATA[698902]]></EventKey>
<Ticket><![CDATA[gQEu8DwAAAAAAAAAAS5odHRwOi8vd2VpeGluLnFxLmNvbS9xLzAyT01VRjBLdHhiQS0xTGJmdjFwMW4AAgRLfp5ZAwSAUQEA]]></Ticket>
</xml>
<xml><ToUserName><![CDATA[gh_d0b59cc1b2c7]]></ToUserName>
<FromUserName><![CDATA[oHSHkvkPkerF6nDHTGm_lZZtTPqo]]></FromUserName>
<CreateTime>1503560140</CreateTime>
<MsgType><![CDATA[event]]></MsgType>
<Event><![CDATA[SCAN]]></Event>
<EventKey><![CDATA[698902]]></EventKey>
<Ticket><![CDATA[gQEu8DwAAAAAAAAAAS5odHRwOi8vd2VpeGluLnFxLmNvbS9xLzAyT01VRjBLdHhiQS0xTGJmdjFwMW4AAgRLfp5ZAwSAUQEA]]></Ticket>
</xml>
<xml><ToUserName><![CDATA[gh_d0b59cc1b2c7]]></ToUserName>
<FromUserName><![CDATA[oHSHkvr101UdCmhrSXRDu9sLD2Go]]></FromUserName>
<CreateTime>1503560140</CreateTime>
<MsgType><![CDATA[event]]></MsgType>
<Event><![CDATA[unsubscribe]]></Event>
<EventKey><![CDATA[]]></EventKey>
</xml>
<xml><ToUserName><![CDATA[gh_d0b59cc1b2c7]]></ToUserName>
<FromUserName><![CDATA[oHSHkvgktxHUeaT299z0uFp7BEj0]]></FromUserName>
<CreateTime>1503560141</CreateTime>
<MsgType><![CDATA[event]]></MsgType>
<Event><![CDATA[unsubscribe]]></Event>
<EventKey><![CDATA[]]></EventKey>
</xml>
