<xml>
<ToUserName><![CDATA[oHSHkvhA9iG8mrCDwkvHwsKLfseo]]></ToUserName>
<FromUserName><![CDATA[gh_d0b59cc1b2c7]]></FromUserName>
<CreateTime>1503131375</CreateTime>
<MsgType><![CDATA[news]]></MsgType>
<ArticleCount>1</ArticleCount>
<Articles>
    <item>
        <Title><![CDATA[您有4-5斤泰国金枕头榴莲待查收，点击免费领取]]></Title>
        <Description><![CDATA[点击免费领取4-5斤泰国金枕头榴莲]]></Description>
        <PicUrl><![CDATA[http://cdn.pinquduo.cn/weixinliulian.jpg]]></PicUrl>
        <Url><![CDATA[https://wx.pinquduo.cn/likes.html]]></Url>
    </item>
</Articles>
</xml><xml>
<ToUserName><![CDATA[oHSHkvmxffi-45Ri-3S1zoP1FW_M]]></ToUserName>
<FromUserName><![CDATA[gh_d0b59cc1b2c7]]></FromUserName>
<CreateTime>1503131376</CreateTime>
<MsgType><![CDATA[news]]></MsgType>
<ArticleCount>1</ArticleCount>
<Articles>
    <item>
        <Title><![CDATA[您有4-5斤泰国金枕头榴莲待查收，点击免费领取]]></Title>
        <Description><![CDATA[点击免费领取4-5斤泰国金枕头榴莲]]></Description>
        <PicUrl><![CDATA[http://cdn.pinquduo.cn/weixinliulian.jpg]]></PicUrl>
        <Url><![CDATA[https://wx.pinquduo.cn/likes.html]]></Url>
    </item>
</Articles>
</xml><xml>
<ToUserName><![CDATA[oHSHkvs2n1zsUaVhwGJns1rN7Thw]]></ToUserName>
<FromUserName><![CDATA[gh_d0b59cc1b2c7]]></FromUserName>
<CreateTime>1503131377</CreateTime>
<MsgType><![CDATA[news]]></MsgType>
<ArticleCount>1</ArticleCount>
<Articles>
    <item>
        <Title><![CDATA[您有4-5斤泰国金枕头榴莲待查收，点击免费领取]]></Title>
        <Description><![CDATA[点击免费领取4-5斤泰国金枕头榴莲]]></Description>
        <PicUrl><![CDATA[http://cdn.pinquduo.cn/weixinliulian.jpg]]></PicUrl>
        <Url><![CDATA[https://wx.pinquduo.cn/likes.html]]></Url>
    </item>
</Articles>
</xml><xml>
<ToUserName><![CDATA[oHSHkvs-S3I-p9dGf6iTAejrh2M0]]></ToUserName>
<FromUserName><![CDATA[gh_d0b59cc1b2c7]]></FromUserName>
<CreateTime>1503131379</CreateTime>
<MsgType><![CDATA[news]]></MsgType>
<ArticleCount>1</ArticleCount>
<Articles>
    <item>
        <Title><![CDATA[您有4-5斤泰国金枕头榴莲待查收，点击免费领取]]></Title>
        <Description><![CDATA[点击免费领取4-5斤泰国金枕头榴莲]]></Description>
        <PicUrl><![CDATA[http://cdn.pinquduo.cn/weixinliulian.jpg]]></PicUrl>
        <Url><![CDATA[https://wx.pinquduo.cn/likes.html]]></Url>
    </item>
</Articles>
</xml><xml>
<ToUserName><![CDATA[oHSHkvgRKXqc1pFeAlldEgeI_s7I]]></ToUserName>
<FromUserName><![CDATA[gh_d0b59cc1b2c7]]></FromUserName>
<CreateTime>1503131393</CreateTime>
<MsgType><![CDATA[news]]></MsgType>
<ArticleCount>1</ArticleCount>
<Articles>
    <item>
        <Title><![CDATA[您有4-5斤泰国金枕头榴莲待查收，点击免费领取]]></Title>
        <Description><![CDATA[点击免费领取4-5斤泰国金枕头榴莲]]></Description>
        <PicUrl><![CDATA[http://cdn.pinquduo.cn/weixinliulian.jpg]]></PicUrl>
        <Url><![CDATA[https://wx.pinquduo.cn/likes.html]]></Url>
    </item>
</Articles>
</xml><xml>
<ToUserName><![CDATA[oHSHkvg54zwqFo7cWadz5FxbZ5HA]]></ToUserName>
<FromUserName><![CDATA[gh_d0b59cc1b2c7]]></FromUserName>
<CreateTime>1503131395</CreateTime>
<MsgType><![CDATA[news]]></MsgType>
<ArticleCount>1</ArticleCount>
<Articles>
    <item>
        <Title><![CDATA[您有4-5斤泰国金枕头榴莲待查收，点击免费领取]]></Title>
        <Description><![CDATA[点击免费领取4-5斤泰国金枕头榴莲]]></Description>
        <PicUrl><![CDATA[http://cdn.pinquduo.cn/weixinliulian.jpg]]></PicUrl>
        <Url><![CDATA[https://wx.pinquduo.cn/likes.html]]></Url>
    </item>
</Articles>
</xml><xml>
<ToUserName><![CDATA[oHSHkvh7ItTzBuOK3kkhoHSCQCuo]]></ToUserName>
<FromUserName><![CDATA[gh_d0b59cc1b2c7]]></FromUserName>
<CreateTime>1503131396</CreateTime>
<MsgType><![CDATA[news]]></MsgType>
<ArticleCount>1</ArticleCount>
<Articles>
    <item>
        <Title><![CDATA[您有4-5斤泰国金枕头榴莲待查收，点击免费领取]]></Title>
        <Description><![CDATA[点击免费领取4-5斤泰国金枕头榴莲]]></Description>
        <PicUrl><![CDATA[http://cdn.pinquduo.cn/weixinliulian.jpg]]></PicUrl>
        <Url><![CDATA[https://wx.pinquduo.cn/likes.html]]></Url>
    </item>
</Articles>
</xml><xml>
<ToUserName><![CDATA[oHSHkvjrKhy1qfrjGlGBSFkjQW04]]></ToUserName>
<FromUserName><![CDATA[gh_d0b59cc1b2c7]]></FromUserName>
<CreateTime>1503131399</CreateTime>
<MsgType><![CDATA[news]]></MsgType>
<ArticleCount>1</ArticleCount>
<Articles>
    <item>
        <Title><![CDATA[您有4-5斤泰国金枕头榴莲待查收，点击免费领取]]></Title>
        <Description><![CDATA[点击免费领取4-5斤泰国金枕头榴莲]]></Description>
        <PicUrl><![CDATA[http://cdn.pinquduo.cn/weixinliulian.jpg]]></PicUrl>
        <Url><![CDATA[https://wx.pinquduo.cn/likes.html]]></Url>
    </item>
</Articles>
</xml><xml>
<ToUserName><![CDATA[oHSHkvpHcR02DoxNb4qeK_TNlXzg]]></ToUserName>
<FromUserName><![CDATA[gh_d0b59cc1b2c7]]></FromUserName>
<CreateTime>1503131401</CreateTime>
<MsgType><![CDATA[news]]></MsgType>
<ArticleCount>1</ArticleCount>
<Articles>
    <item>
        <Title><![CDATA[您有4-5斤泰国金枕头榴莲待查收，点击免费领取]]></Title>
        <Description><![CDATA[点击免费领取4-5斤泰国金枕头榴莲]]></Description>
        <PicUrl><![CDATA[http://cdn.pinquduo.cn/weixinliulian.jpg]]></PicUrl>
        <Url><![CDATA[https://wx.pinquduo.cn/likes.html]]></Url>
    </item>
</Articles>
</xml><xml>
<ToUserName><![CDATA[oHSHkvoRuEcDKkVmdUPKruN8cLT4]]></ToUserName>
<FromUserName><![CDATA[gh_d0b59cc1b2c7]]></FromUserName>
<CreateTime>1503131401</CreateTime>
<MsgType><![CDATA[news]]></MsgType>
<ArticleCount>1</ArticleCount>
<Articles>
    <item>
        <Title><![CDATA[您有4-5斤泰国金枕头榴莲待查收，点击免费领取]]></Title>
        <Description><![CDATA[点击免费领取4-5斤泰国金枕头榴莲]]></Description>
        <PicUrl><![CDATA[http://cdn.pinquduo.cn/weixinliulian.jpg]]></PicUrl>
        <Url><![CDATA[https://wx.pinquduo.cn/likes.html]]></Url>
    </item>
</Articles>
</xml><xml>
<ToUserName><![CDATA[oHSHkvgIsUmGMUWU1-EwejcFZqZM]]></ToUserName>
<FromUserName><![CDATA[gh_d0b59cc1b2c7]]></FromUserName>
<CreateTime>1503131408</CreateTime>
<MsgType><![CDATA[news]]></MsgType>
<ArticleCount>1</ArticleCount>
<Articles>
    <item>
        <Title><![CDATA[您有4-5斤泰国金枕头榴莲待查收，点击免费领取]]></Title>
        <Description><![CDATA[点击免费领取4-5斤泰国金枕头榴莲]]></Description>
        <PicUrl><![CDATA[http://cdn.pinquduo.cn/weixinliulian.jpg]]></PicUrl>
        <Url><![CDATA[https://wx.pinquduo.cn/likes.html]]></Url>
    </item>
</Articles>
</xml><xml>
<ToUserName><![CDATA[oHSHkvqKWXp8H-joNhoMIkq5W818]]></ToUserName>
<FromUserName><![CDATA[gh_d0b59cc1b2c7]]></FromUserName>
<CreateTime>1503131409</CreateTime>
<MsgType><![CDATA[news]]></MsgType>
<ArticleCount>1</ArticleCount>
<Articles>
    <item>
        <Title><![CDATA[您有4-5斤泰国金枕头榴莲待查收，点击免费领取]]></Title>
        <Description><![CDATA[点击免费领取4-5斤泰国金枕头榴莲]]></Description>
        <PicUrl><![CDATA[http://cdn.pinquduo.cn/weixinliulian.jpg]]></PicUrl>
        <Url><![CDATA[https://wx.pinquduo.cn/likes.html]]></Url>
    </item>
</Articles>
</xml><xml>
<ToUserName><![CDATA[oHSHkvhZa6iNSSuCwX4GERnhMpv0]]></ToUserName>
<FromUserName><![CDATA[gh_d0b59cc1b2c7]]></FromUserName>
<CreateTime>1503131409</CreateTime>
<MsgType><![CDATA[news]]></MsgType>
<ArticleCount>1</ArticleCount>
<Articles>
    <item>
        <Title><![CDATA[您有4-5斤泰国金枕头榴莲待查收，点击免费领取]]></Title>
        <Description><![CDATA[点击免费领取4-5斤泰国金枕头榴莲]]></Description>
        <PicUrl><![CDATA[http://cdn.pinquduo.cn/weixinliulian.jpg]]></PicUrl>
        <Url><![CDATA[https://wx.pinquduo.cn/likes.html]]></Url>
    </item>
</Articles>
</xml><xml>
<ToUserName><![CDATA[oHSHkvvAGel7f3kmPo3AGBGrE4Ho]]></ToUserName>
<FromUserName><![CDATA[gh_d0b59cc1b2c7]]></FromUserName>
<CreateTime>1503131417</CreateTime>
<MsgType><![CDATA[news]]></MsgType>
<ArticleCount>1</ArticleCount>
<Articles>
    <item>
        <Title><![CDATA[您有4-5斤泰国金枕头榴莲待查收，点击免费领取]]></Title>
        <Description><![CDATA[点击免费领取4-5斤泰国金枕头榴莲]]></Description>
        <PicUrl><![CDATA[http://cdn.pinquduo.cn/weixinliulian.jpg]]></PicUrl>
        <Url><![CDATA[https://wx.pinquduo.cn/likes.html]]></Url>
    </item>
</Articles>
</xml><xml>
<ToUserName><![CDATA[oHSHkvjRXWDSxRXgTB7Z2KAE7ezk]]></ToUserName>
<FromUserName><![CDATA[gh_d0b59cc1b2c7]]></FromUserName>
<CreateTime>1503131419</CreateTime>
<MsgType><![CDATA[news]]></MsgType>
<ArticleCount>1</ArticleCount>
<Articles>
    <item>
        <Title><![CDATA[您有4-5斤泰国金枕头榴莲待查收，点击免费领取]]></Title>
        <Description><![CDATA[点击免费领取4-5斤泰国金枕头榴莲]]></Description>
        <PicUrl><![CDATA[http://cdn.pinquduo.cn/weixinliulian.jpg]]></PicUrl>
        <Url><![CDATA[https://wx.pinquduo.cn/likes.html]]></Url>
    </item>
</Articles>
</xml><xml>
<ToUserName><![CDATA[oHSHkvlvVJ8plNLz5vCZGrN45nWw]]></ToUserName>
<FromUserName><![CDATA[gh_d0b59cc1b2c7]]></FromUserName>
<CreateTime>1503131426</CreateTime>
<MsgType><![CDATA[news]]></MsgType>
<ArticleCount>1</ArticleCount>
<Articles>
    <item>
        <Title><![CDATA[您有4-5斤泰国金枕头榴莲待查收，点击免费领取]]></Title>
        <Description><![CDATA[点击免费领取4-5斤泰国金枕头榴莲]]></Description>
        <PicUrl><![CDATA[http://cdn.pinquduo.cn/weixinliulian.jpg]]></PicUrl>
        <Url><![CDATA[https://wx.pinquduo.cn/likes.html]]></Url>
    </item>
</Articles>
</xml><xml>
<ToUserName><![CDATA[oHSHkvoFztvE_bUOBMxkHC85dlTo]]></ToUserName>
<FromUserName><![CDATA[gh_d0b59cc1b2c7]]></FromUserName>
<CreateTime>1503131438</CreateTime>
<MsgType><![CDATA[news]]></MsgType>
<ArticleCount>1</ArticleCount>
<Articles>
    <item>
        <Title><![CDATA[您有4-5斤泰国金枕头榴莲待查收，点击免费领取]]></Title>
        <Description><![CDATA[点击免费领取4-5斤泰国金枕头榴莲]]></Description>
        <PicUrl><![CDATA[http://cdn.pinquduo.cn/weixinliulian.jpg]]></PicUrl>
        <Url><![CDATA[https://wx.pinquduo.cn/likes.html]]></Url>
    </item>
</Articles>
</xml><xml>
<ToUserName><![CDATA[oHSHkvn3a9kyJyFIEBA3vfRTGHPg]]></ToUserName>
<FromUserName><![CDATA[gh_d0b59cc1b2c7]]></FromUserName>
<CreateTime>1503131450</CreateTime>
<MsgType><![CDATA[news]]></MsgType>
<ArticleCount>1</ArticleCount>
<Articles>
    <item>
        <Title><![CDATA[您有4-5斤泰国金枕头榴莲待查收，点击免费领取]]></Title>
        <Description><![CDATA[点击免费领取4-5斤泰国金枕头榴莲]]></Description>
        <PicUrl><![CDATA[http://cdn.pinquduo.cn/weixinliulian.jpg]]></PicUrl>
        <Url><![CDATA[https://wx.pinquduo.cn/likes.html]]></Url>
    </item>
</Articles>
</xml><xml>
<ToUserName><![CDATA[oHSHkvtl0bVHZVRJqo5mni8FHrJM]]></ToUserName>
<FromUserName><![CDATA[gh_d0b59cc1b2c7]]></FromUserName>
<CreateTime>1503131452</CreateTime>
<MsgType><![CDATA[news]]></MsgType>
<ArticleCount>1</ArticleCount>
<Articles>
    <item>
        <Title><![CDATA[您有4-5斤泰国金枕头榴莲待查收，点击免费领取]]></Title>
        <Description><![CDATA[点击免费领取4-5斤泰国金枕头榴莲]]></Description>
        <PicUrl><![CDATA[http://cdn.pinquduo.cn/weixinliulian.jpg]]></PicUrl>
        <Url><![CDATA[https://wx.pinquduo.cn/likes.html]]></Url>
    </item>
</Articles>
</xml><xml>
<ToUserName><![CDATA[oHSHkvufOPFIlsSsUxjgAf0mZwnU]]></ToUserName>
<FromUserName><![CDATA[gh_d0b59cc1b2c7]]></FromUserName>
<CreateTime>1503131454</CreateTime>
<MsgType><![CDATA[news]]></MsgType>
<ArticleCount>1</ArticleCount>
<Articles>
    <item>
        <Title><![CDATA[您有4-5斤泰国金枕头榴莲待查收，点击免费领取]]></Title>
        <Description><![CDATA[点击免费领取4-5斤泰国金枕头榴莲]]></Description>
        <PicUrl><![CDATA[http://cdn.pinquduo.cn/weixinliulian.jpg]]></PicUrl>
        <Url><![CDATA[https://wx.pinquduo.cn/likes.html]]></Url>
    </item>
</Articles>
</xml><xml>
<ToUserName><![CDATA[oHSHkvkMqd63FAKxiFRNy8pQvZfs]]></ToUserName>
<FromUserName><![CDATA[gh_d0b59cc1b2c7]]></FromUserName>
<CreateTime>1503131460</CreateTime>
<MsgType><![CDATA[news]]></MsgType>
<ArticleCount>1</ArticleCount>
<Articles>
    <item>
        <Title><![CDATA[您有4-5斤泰国金枕头榴莲待查收，点击免费领取]]></Title>
        <Description><![CDATA[点击免费领取4-5斤泰国金枕头榴莲]]></Description>
        <PicUrl><![CDATA[http://cdn.pinquduo.cn/weixinliulian.jpg]]></PicUrl>
        <Url><![CDATA[https://wx.pinquduo.cn/likes.html]]></Url>
    </item>
</Articles>
</xml><xml>
<ToUserName><![CDATA[oHSHkvjax2lpdIUCw1IxARWTz1ZU]]></ToUserName>
<FromUserName><![CDATA[gh_d0b59cc1b2c7]]></FromUserName>
<CreateTime>1503131466</CreateTime>
<MsgType><![CDATA[news]]></MsgType>
<ArticleCount>1</ArticleCount>
<Articles>
    <item>
        <Title><![CDATA[您有4-5斤泰国金枕头榴莲待查收，点击免费领取]]></Title>
        <Description><![CDATA[点击免费领取4-5斤泰国金枕头榴莲]]></Description>
        <PicUrl><![CDATA[http://cdn.pinquduo.cn/weixinliulian.jpg]]></PicUrl>
        <Url><![CDATA[https://wx.pinquduo.cn/likes.html]]></Url>
    </item>
</Articles>
</xml><xml>
<ToUserName><![CDATA[oHSHkvmx4_xkiUgz5L9oUVUVPRIg]]></ToUserName>
<FromUserName><![CDATA[gh_d0b59cc1b2c7]]></FromUserName>
<CreateTime>1503131468</CreateTime>
<MsgType><![CDATA[news]]></MsgType>
<ArticleCount>1</ArticleCount>
<Articles>
    <item>
        <Title><![CDATA[您有4-5斤泰国金枕头榴莲待查收，点击免费领取]]></Title>
        <Description><![CDATA[点击免费领取4-5斤泰国金枕头榴莲]]></Description>
        <PicUrl><![CDATA[http://cdn.pinquduo.cn/weixinliulian.jpg]]></PicUrl>
        <Url><![CDATA[https://wx.pinquduo.cn/likes.html]]></Url>
    </item>
</Articles>
</xml><xml>
<ToUserName><![CDATA[oHSHkvvXuFHo6DbqXblkctzSOkOw]]></ToUserName>
<FromUserName><![CDATA[gh_d0b59cc1b2c7]]></FromUserName>
<CreateTime>1503131469</CreateTime>
<MsgType><![CDATA[news]]></MsgType>
<ArticleCount>1</ArticleCount>
<Articles>
    <item>
        <Title><![CDATA[您有4-5斤泰国金枕头榴莲待查收，点击免费领取]]></Title>
        <Description><![CDATA[点击免费领取4-5斤泰国金枕头榴莲]]></Description>
        <PicUrl><![CDATA[http://cdn.pinquduo.cn/weixinliulian.jpg]]></PicUrl>
        <Url><![CDATA[https://wx.pinquduo.cn/likes.html]]></Url>
    </item>
</Articles>
</xml><xml>
<ToUserName><![CDATA[oHSHkvqOnorxzrMuqEPZC7rj5XhE]]></ToUserName>
<FromUserName><![CDATA[gh_d0b59cc1b2c7]]></FromUserName>
<CreateTime>1503131469</CreateTime>
<MsgType><![CDATA[news]]></MsgType>
<ArticleCount>1</ArticleCount>
<Articles>
    <item>
        <Title><![CDATA[您有4-5斤泰国金枕头榴莲待查收，点击免费领取]]></Title>
        <Description><![CDATA[点击免费领取4-5斤泰国金枕头榴莲]]></Description>
        <PicUrl><![CDATA[http://cdn.pinquduo.cn/weixinliulian.jpg]]></PicUrl>
        <Url><![CDATA[https://wx.pinquduo.cn/likes.html]]></Url>
    </item>
</Articles>
</xml><xml>
<ToUserName><![CDATA[oHSHkvoKBaJNk9pj-dbEBohkSduo]]></ToUserName>
<FromUserName><![CDATA[gh_d0b59cc1b2c7]]></FromUserName>
<CreateTime>1503131471</CreateTime>
<MsgType><![CDATA[news]]></MsgType>
<ArticleCount>1</ArticleCount>
<Articles>
    <item>
        <Title><![CDATA[您有4-5斤泰国金枕头榴莲待查收，点击免费领取]]></Title>
        <Description><![CDATA[点击免费领取4-5斤泰国金枕头榴莲]]></Description>
        <PicUrl><![CDATA[http://cdn.pinquduo.cn/weixinliulian.jpg]]></PicUrl>
        <Url><![CDATA[https://wx.pinquduo.cn/likes.html]]></Url>
    </item>
</Articles>
</xml><xml>
<ToUserName><![CDATA[oHSHkvjWvCgDsUhl8fM6kmbsgXoI]]></ToUserName>
<FromUserName><![CDATA[gh_d0b59cc1b2c7]]></FromUserName>
<CreateTime>1503131472</CreateTime>
<MsgType><![CDATA[news]]></MsgType>
<ArticleCount>1</ArticleCount>
<Articles>
    <item>
        <Title><![CDATA[您有4-5斤泰国金枕头榴莲待查收，点击免费领取]]></Title>
        <Description><![CDATA[点击免费领取4-5斤泰国金枕头榴莲]]></Description>
        <PicUrl><![CDATA[http://cdn.pinquduo.cn/weixinliulian.jpg]]></PicUrl>
        <Url><![CDATA[https://wx.pinquduo.cn/likes.html]]></Url>
    </item>
</Articles>
</xml><xml>
<ToUserName><![CDATA[oHSHkvrvtQxX-8oL44r_cCav3lEw]]></ToUserName>
<FromUserName><![CDATA[gh_d0b59cc1b2c7]]></FromUserName>
<CreateTime>1503131473</CreateTime>
<MsgType><![CDATA[news]]></MsgType>
<ArticleCount>1</ArticleCount>
<Articles>
    <item>
        <Title><![CDATA[您有4-5斤泰国金枕头榴莲待查收，点击免费领取]]></Title>
        <Description><![CDATA[点击免费领取4-5斤泰国金枕头榴莲]]></Description>
        <PicUrl><![CDATA[http://cdn.pinquduo.cn/weixinliulian.jpg]]></PicUrl>
        <Url><![CDATA[https://wx.pinquduo.cn/likes.html]]></Url>
    </item>
</Articles>
</xml><xml>
<ToUserName><![CDATA[oHSHkvmj5VyEXOBbrVq-UaFb-VjY]]></ToUserName>
<FromUserName><![CDATA[gh_d0b59cc1b2c7]]></FromUserName>
<CreateTime>1503131476</CreateTime>
<MsgType><![CDATA[news]]></MsgType>
<ArticleCount>1</ArticleCount>
<Articles>
    <item>
        <Title><![CDATA[您有4-5斤泰国金枕头榴莲待查收，点击免费领取]]></Title>
        <Description><![CDATA[点击免费领取4-5斤泰国金枕头榴莲]]></Description>
        <PicUrl><![CDATA[http://cdn.pinquduo.cn/weixinliulian.jpg]]></PicUrl>
        <Url><![CDATA[https://wx.pinquduo.cn/likes.html]]></Url>
    </item>
</Articles>
</xml><xml>
<ToUserName><![CDATA[oHSHkvlERvHZToYA2FjIrci5dOL4]]></ToUserName>
<FromUserName><![CDATA[gh_d0b59cc1b2c7]]></FromUserName>
<CreateTime>1503131481</CreateTime>
<MsgType><![CDATA[news]]></MsgType>
<ArticleCount>1</ArticleCount>
<Articles>
    <item>
        <Title><![CDATA[您有4-5斤泰国金枕头榴莲待查收，点击免费领取]]></Title>
        <Description><![CDATA[点击免费领取4-5斤泰国金枕头榴莲]]></Description>
        <PicUrl><![CDATA[http://cdn.pinquduo.cn/weixinliulian.jpg]]></PicUrl>
        <Url><![CDATA[https://wx.pinquduo.cn/likes.html]]></Url>
    </item>
</Articles>
</xml><xml>
<ToUserName><![CDATA[oHSHkvlQw0x7LvI-CBl33J-rSD6c]]></ToUserName>
<FromUserName><![CDATA[gh_d0b59cc1b2c7]]></FromUserName>
<CreateTime>1503131495</CreateTime>
<MsgType><![CDATA[news]]></MsgType>
<ArticleCount>1</ArticleCount>
<Articles>
    <item>
        <Title><![CDATA[您有4-5斤泰国金枕头榴莲待查收，点击免费领取]]></Title>
        <Description><![CDATA[点击免费领取4-5斤泰国金枕头榴莲]]></Description>
        <PicUrl><![CDATA[http://cdn.pinquduo.cn/weixinliulian.jpg]]></PicUrl>
        <Url><![CDATA[https://wx.pinquduo.cn/likes.html]]></Url>
    </item>
</Articles>
</xml><xml>
<ToUserName><![CDATA[oHSHkvkaC4o0YJe-PK0nScFUfJbw]]></ToUserName>
<FromUserName><![CDATA[gh_d0b59cc1b2c7]]></FromUserName>
<CreateTime>1503131496</CreateTime>
<MsgType><![CDATA[news]]></MsgType>
<ArticleCount>1</ArticleCount>
<Articles>
    <item>
        <Title><![CDATA[您有4-5斤泰国金枕头榴莲待查收，点击免费领取]]></Title>
        <Description><![CDATA[点击免费领取4-5斤泰国金枕头榴莲]]></Description>
        <PicUrl><![CDATA[http://cdn.pinquduo.cn/weixinliulian.jpg]]></PicUrl>
        <Url><![CDATA[https://wx.pinquduo.cn/likes.html]]></Url>
    </item>
</Articles>
</xml><xml>
<ToUserName><![CDATA[oHSHkvor8T7SjsKaI8loiw39vkmM]]></ToUserName>
<FromUserName><![CDATA[gh_d0b59cc1b2c7]]></FromUserName>
<CreateTime>1503131496</CreateTime>
<MsgType><![CDATA[news]]></MsgType>
<ArticleCount>1</ArticleCount>
<Articles>
    <item>
        <Title><![CDATA[您有4-5斤泰国金枕头榴莲待查收，点击免费领取]]></Title>
        <Description><![CDATA[点击免费领取4-5斤泰国金枕头榴莲]]></Description>
        <PicUrl><![CDATA[http://cdn.pinquduo.cn/weixinliulian.jpg]]></PicUrl>
        <Url><![CDATA[https://wx.pinquduo.cn/likes.html]]></Url>
    </item>
</Articles>
</xml><xml>
<ToUserName><![CDATA[oHSHkviRyN86ReT90kCalg7wlIxQ]]></ToUserName>
<FromUserName><![CDATA[gh_d0b59cc1b2c7]]></FromUserName>
<CreateTime>1503131499</CreateTime>
<MsgType><![CDATA[news]]></MsgType>
<ArticleCount>1</ArticleCount>
<Articles>
    <item>
        <Title><![CDATA[您有4-5斤泰国金枕头榴莲待查收，点击免费领取]]></Title>
        <Description><![CDATA[点击免费领取4-5斤泰国金枕头榴莲]]></Description>
        <PicUrl><![CDATA[http://cdn.pinquduo.cn/weixinliulian.jpg]]></PicUrl>
        <Url><![CDATA[https://wx.pinquduo.cn/likes.html]]></Url>
    </item>
</Articles>
</xml><xml>
<ToUserName><![CDATA[oHSHkvv5wkF7-r0WrRuvSkT0Vu2M]]></ToUserName>
<FromUserName><![CDATA[gh_d0b59cc1b2c7]]></FromUserName>
<CreateTime>1503131499</CreateTime>
<MsgType><![CDATA[news]]></MsgType>
<ArticleCount>1</ArticleCount>
<Articles>
    <item>
        <Title><![CDATA[您有4-5斤泰国金枕头榴莲待查收，点击免费领取]]></Title>
        <Description><![CDATA[点击免费领取4-5斤泰国金枕头榴莲]]></Description>
        <PicUrl><![CDATA[http://cdn.pinquduo.cn/weixinliulian.jpg]]></PicUrl>
        <Url><![CDATA[https://wx.pinquduo.cn/likes.html]]></Url>
    </item>
</Articles>
</xml><xml>
<ToUserName><![CDATA[oHSHkvhDVzKIF5_p8QB2XuBvs_sQ]]></ToUserName>
<FromUserName><![CDATA[gh_d0b59cc1b2c7]]></FromUserName>
<CreateTime>1503131500</CreateTime>
<MsgType><![CDATA[news]]></MsgType>
<ArticleCount>1</ArticleCount>
<Articles>
    <item>
        <Title><![CDATA[您有4-5斤泰国金枕头榴莲待查收，点击免费领取]]></Title>
        <Description><![CDATA[点击免费领取4-5斤泰国金枕头榴莲]]></Description>
        <PicUrl><![CDATA[http://cdn.pinquduo.cn/weixinliulian.jpg]]></PicUrl>
        <Url><![CDATA[https://wx.pinquduo.cn/likes.html]]></Url>
    </item>
</Articles>
</xml><xml>
<ToUserName><![CDATA[oHSHkvu1A0qoVZLVyFeqhMdwN_kw]]></ToUserName>
<FromUserName><![CDATA[gh_d0b59cc1b2c7]]></FromUserName>
<CreateTime>1503131503</CreateTime>
<MsgType><![CDATA[news]]></MsgType>
<ArticleCount>1</ArticleCount>
<Articles>
    <item>
        <Title><![CDATA[您有4-5斤泰国金枕头榴莲待查收，点击免费领取]]></Title>
        <Description><![CDATA[点击免费领取4-5斤泰国金枕头榴莲]]></Description>
        <PicUrl><![CDATA[http://cdn.pinquduo.cn/weixinliulian.jpg]]></PicUrl>
        <Url><![CDATA[https://wx.pinquduo.cn/likes.html]]></Url>
    </item>
</Articles>
</xml><xml>
<ToUserName><![CDATA[oHSHkvkj4Dd5mObcQ8DviSMfRVqI]]></ToUserName>
<FromUserName><![CDATA[gh_d0b59cc1b2c7]]></FromUserName>
<CreateTime>1503131504</CreateTime>
<MsgType><![CDATA[news]]></MsgType>
<ArticleCount>1</ArticleCount>
<Articles>
    <item>
        <Title><![CDATA[您有4-5斤泰国金枕头榴莲待查收，点击免费领取]]></Title>
        <Description><![CDATA[点击免费领取4-5斤泰国金枕头榴莲]]></Description>
        <PicUrl><![CDATA[http://cdn.pinquduo.cn/weixinliulian.jpg]]></PicUrl>
        <Url><![CDATA[https://wx.pinquduo.cn/likes.html]]></Url>
    </item>
</Articles>
</xml><xml>
<ToUserName><![CDATA[oHSHkvt014rib2aiQKQp1xB1kDx0]]></ToUserName>
<FromUserName><![CDATA[gh_d0b59cc1b2c7]]></FromUserName>
<CreateTime>1503131504</CreateTime>
<MsgType><![CDATA[news]]></MsgType>
<ArticleCount>1</ArticleCount>
<Articles>
    <item>
        <Title><![CDATA[您有4-5斤泰国金枕头榴莲待查收，点击免费领取]]></Title>
        <Description><![CDATA[点击免费领取4-5斤泰国金枕头榴莲]]></Description>
        <PicUrl><![CDATA[http://cdn.pinquduo.cn/weixinliulian.jpg]]></PicUrl>
        <Url><![CDATA[https://wx.pinquduo.cn/likes.html]]></Url>
    </item>
</Articles>
</xml><xml>
<ToUserName><![CDATA[oHSHkvuCwZVW7heyeCNO1seUV66E]]></ToUserName>
<FromUserName><![CDATA[gh_d0b59cc1b2c7]]></FromUserName>
<CreateTime>1503131505</CreateTime>
<MsgType><![CDATA[news]]></MsgType>
<ArticleCount>1</ArticleCount>
<Articles>
    <item>
        <Title><![CDATA[您有4-5斤泰国金枕头榴莲待查收，点击免费领取]]></Title>
        <Description><![CDATA[点击免费领取4-5斤泰国金枕头榴莲]]></Description>
        <PicUrl><![CDATA[http://cdn.pinquduo.cn/weixinliulian.jpg]]></PicUrl>
        <Url><![CDATA[https://wx.pinquduo.cn/likes.html]]></Url>
    </item>
</Articles>
</xml><xml>
<ToUserName><![CDATA[oHSHkvtKLueUwRFVZsNs2C70Ga0Q]]></ToUserName>
<FromUserName><![CDATA[gh_d0b59cc1b2c7]]></FromUserName>
<CreateTime>1503131506</CreateTime>
<MsgType><![CDATA[news]]></MsgType>
<ArticleCount>1</ArticleCount>
<Articles>
    <item>
        <Title><![CDATA[您有4-5斤泰国金枕头榴莲待查收，点击免费领取]]></Title>
        <Description><![CDATA[点击免费领取4-5斤泰国金枕头榴莲]]></Description>
        <PicUrl><![CDATA[http://cdn.pinquduo.cn/weixinliulian.jpg]]></PicUrl>
        <Url><![CDATA[https://wx.pinquduo.cn/likes.html]]></Url>
    </item>
</Articles>
</xml><xml>
<ToUserName><![CDATA[oHSHkvvQ9m_oLxwzRHtoGV5gDIpE]]></ToUserName>
<FromUserName><![CDATA[gh_d0b59cc1b2c7]]></FromUserName>
<CreateTime>1503131510</CreateTime>
<MsgType><![CDATA[news]]></MsgType>
<ArticleCount>1</ArticleCount>
<Articles>
    <item>
        <Title><![CDATA[您有4-5斤泰国金枕头榴莲待查收，点击免费领取]]></Title>
        <Description><![CDATA[点击免费领取4-5斤泰国金枕头榴莲]]></Description>
        <PicUrl><![CDATA[http://cdn.pinquduo.cn/weixinliulian.jpg]]></PicUrl>
        <Url><![CDATA[https://wx.pinquduo.cn/likes.html]]></Url>
    </item>
</Articles>
</xml><xml>
<ToUserName><![CDATA[oHSHkviLy4Uc6P3XL48G8FLhHxYk]]></ToUserName>
<FromUserName><![CDATA[gh_d0b59cc1b2c7]]></FromUserName>
<CreateTime>1503131511</CreateTime>
<MsgType><![CDATA[news]]></MsgType>
<ArticleCount>1</ArticleCount>
<Articles>
    <item>
        <Title><![CDATA[您有4-5斤泰国金枕头榴莲待查收，点击免费领取]]></Title>
        <Description><![CDATA[点击免费领取4-5斤泰国金枕头榴莲]]></Description>
        <PicUrl><![CDATA[http://cdn.pinquduo.cn/weixinliulian.jpg]]></PicUrl>
        <Url><![CDATA[https://wx.pinquduo.cn/likes.html]]></Url>
    </item>
</Articles>
</xml><xml>
<ToUserName><![CDATA[oHSHkvu_kypk3QHSC-qV6bfV0IJI]]></ToUserName>
<FromUserName><![CDATA[gh_d0b59cc1b2c7]]></FromUserName>
<CreateTime>1503131512</CreateTime>
<MsgType><![CDATA[news]]></MsgType>
<ArticleCount>1</ArticleCount>
<Articles>
    <item>
        <Title><![CDATA[您有4-5斤泰国金枕头榴莲待查收，点击免费领取]]></Title>
        <Description><![CDATA[点击免费领取4-5斤泰国金枕头榴莲]]></Description>
        <PicUrl><![CDATA[http://cdn.pinquduo.cn/weixinliulian.jpg]]></PicUrl>
        <Url><![CDATA[https://wx.pinquduo.cn/likes.html]]></Url>
    </item>
</Articles>
</xml><xml>
<ToUserName><![CDATA[oHSHkvj5EwNNi5xAtJaow1TkKOfE]]></ToUserName>
<FromUserName><![CDATA[gh_d0b59cc1b2c7]]></FromUserName>
<CreateTime>1503131514</CreateTime>
<MsgType><![CDATA[news]]></MsgType>
<ArticleCount>1</ArticleCount>
<Articles>
    <item>
        <Title><![CDATA[您有4-5斤泰国金枕头榴莲待查收，点击免费领取]]></Title>
        <Description><![CDATA[点击免费领取4-5斤泰国金枕头榴莲]]></Description>
        <PicUrl><![CDATA[http://cdn.pinquduo.cn/weixinliulian.jpg]]></PicUrl>
        <Url><![CDATA[https://wx.pinquduo.cn/likes.html]]></Url>
    </item>
</Articles>
</xml><xml>
<ToUserName><![CDATA[oHSHkvmxzHsC9xkn0iNFz4Z61pyE]]></ToUserName>
<FromUserName><![CDATA[gh_d0b59cc1b2c7]]></FromUserName>
<CreateTime>1503131517</CreateTime>
<MsgType><![CDATA[news]]></MsgType>
<ArticleCount>1</ArticleCount>
<Articles>
    <item>
        <Title><![CDATA[您有4-5斤泰国金枕头榴莲待查收，点击免费领取]]></Title>
        <Description><![CDATA[点击免费领取4-5斤泰国金枕头榴莲]]></Description>
        <PicUrl><![CDATA[http://cdn.pinquduo.cn/weixinliulian.jpg]]></PicUrl>
        <Url><![CDATA[https://wx.pinquduo.cn/likes.html]]></Url>
    </item>
</Articles>
</xml><xml>
<ToUserName><![CDATA[oHSHkvrAXPuiB0c1iU-zx7oBUY4w]]></ToUserName>
<FromUserName><![CDATA[gh_d0b59cc1b2c7]]></FromUserName>
<CreateTime>1503131524</CreateTime>
<MsgType><![CDATA[news]]></MsgType>
<ArticleCount>1</ArticleCount>
<Articles>
    <item>
        <Title><![CDATA[您有4-5斤泰国金枕头榴莲待查收，点击免费领取]]></Title>
        <Description><![CDATA[点击免费领取4-5斤泰国金枕头榴莲]]></Description>
        <PicUrl><![CDATA[http://cdn.pinquduo.cn/weixinliulian.jpg]]></PicUrl>
        <Url><![CDATA[https://wx.pinquduo.cn/likes.html]]></Url>
    </item>
</Articles>
</xml><xml>
<ToUserName><![CDATA[oHSHkviOYAA4ZTaifbyUaUgiRxC0]]></ToUserName>
<FromUserName><![CDATA[gh_d0b59cc1b2c7]]></FromUserName>
<CreateTime>1503131526</CreateTime>
<MsgType><![CDATA[news]]></MsgType>
<ArticleCount>1</ArticleCount>
<Articles>
    <item>
        <Title><![CDATA[您有4-5斤泰国金枕头榴莲待查收，点击免费领取]]></Title>
        <Description><![CDATA[点击免费领取4-5斤泰国金枕头榴莲]]></Description>
        <PicUrl><![CDATA[http://cdn.pinquduo.cn/weixinliulian.jpg]]></PicUrl>
        <Url><![CDATA[https://wx.pinquduo.cn/likes.html]]></Url>
    </item>
</Articles>
</xml><xml>
<ToUserName><![CDATA[oHSHkvseqeoE1Fuy0SdJ4qG0Wk4M]]></ToUserName>
<FromUserName><![CDATA[gh_d0b59cc1b2c7]]></FromUserName>
<CreateTime>1503131530</CreateTime>
<MsgType><![CDATA[news]]></MsgType>
<ArticleCount>1</ArticleCount>
<Articles>
    <item>
        <Title><![CDATA[您有4-5斤泰国金枕头榴莲待查收，点击免费领取]]></Title>
        <Description><![CDATA[点击免费领取4-5斤泰国金枕头榴莲]]></Description>
        <PicUrl><![CDATA[http://cdn.pinquduo.cn/weixinliulian.jpg]]></PicUrl>
        <Url><![CDATA[https://wx.pinquduo.cn/likes.html]]></Url>
    </item>
</Articles>
</xml><xml>
<ToUserName><![CDATA[oHSHkvovdkqqX1_O_W6sTSpfn_NM]]></ToUserName>
<FromUserName><![CDATA[gh_d0b59cc1b2c7]]></FromUserName>
<CreateTime>1503131531</CreateTime>
<MsgType><![CDATA[news]]></MsgType>
<ArticleCount>1</ArticleCount>
<Articles>
    <item>
        <Title><![CDATA[您有4-5斤泰国金枕头榴莲待查收，点击免费领取]]></Title>
        <Description><![CDATA[点击免费领取4-5斤泰国金枕头榴莲]]></Description>
        <PicUrl><![CDATA[http://cdn.pinquduo.cn/weixinliulian.jpg]]></PicUrl>
        <Url><![CDATA[https://wx.pinquduo.cn/likes.html]]></Url>
    </item>
</Articles>
</xml><xml>
<ToUserName><![CDATA[oHSHkvhyVSMZ0WjQNhyKmB0zCcz0]]></ToUserName>
<FromUserName><![CDATA[gh_d0b59cc1b2c7]]></FromUserName>
<CreateTime>1503131531</CreateTime>
<MsgType><![CDATA[news]]></MsgType>
<ArticleCount>1</ArticleCount>
<Articles>
    <item>
        <Title><![CDATA[您有4-5斤泰国金枕头榴莲待查收，点击免费领取]]></Title>
        <Description><![CDATA[点击免费领取4-5斤泰国金枕头榴莲]]></Description>
        <PicUrl><![CDATA[http://cdn.pinquduo.cn/weixinliulian.jpg]]></PicUrl>
        <Url><![CDATA[https://wx.pinquduo.cn/likes.html]]></Url>
    </item>
</Articles>
</xml><xml>
<ToUserName><![CDATA[oHSHkvhpzyCaMrYak63xTJP4rCoo]]></ToUserName>
<FromUserName><![CDATA[gh_d0b59cc1b2c7]]></FromUserName>
<CreateTime>1503131533</CreateTime>
<MsgType><![CDATA[news]]></MsgType>
<ArticleCount>1</ArticleCount>
<Articles>
    <item>
        <Title><![CDATA[您有4-5斤泰国金枕头榴莲待查收，点击免费领取]]></Title>
        <Description><![CDATA[点击免费领取4-5斤泰国金枕头榴莲]]></Description>
        <PicUrl><![CDATA[http://cdn.pinquduo.cn/weixinliulian.jpg]]></PicUrl>
        <Url><![CDATA[https://wx.pinquduo.cn/likes.html]]></Url>
    </item>
</Articles>
</xml><xml>
<ToUserName><![CDATA[oHSHkvg-L_l22DVflanyfZLvuk_Y]]></ToUserName>
<FromUserName><![CDATA[gh_d0b59cc1b2c7]]></FromUserName>
<CreateTime>1503131534</CreateTime>
<MsgType><![CDATA[news]]></MsgType>
<ArticleCount>1</ArticleCount>
<Articles>
    <item>
        <Title><![CDATA[您有4-5斤泰国金枕头榴莲待查收，点击免费领取]]></Title>
        <Description><![CDATA[点击免费领取4-5斤泰国金枕头榴莲]]></Description>
        <PicUrl><![CDATA[http://cdn.pinquduo.cn/weixinliulian.jpg]]></PicUrl>
        <Url><![CDATA[https://wx.pinquduo.cn/likes.html]]></Url>
    </item>
</Articles>
</xml><xml>
<ToUserName><![CDATA[oHSHkvs1NTLWyMIBj2BusgVpl3dk]]></ToUserName>
<FromUserName><![CDATA[gh_d0b59cc1b2c7]]></FromUserName>
<CreateTime>1503131536</CreateTime>
<MsgType><![CDATA[news]]></MsgType>
<ArticleCount>1</ArticleCount>
<Articles>
    <item>
        <Title><![CDATA[您有4-5斤泰国金枕头榴莲待查收，点击免费领取]]></Title>
        <Description><![CDATA[点击免费领取4-5斤泰国金枕头榴莲]]></Description>
        <PicUrl><![CDATA[http://cdn.pinquduo.cn/weixinliulian.jpg]]></PicUrl>
        <Url><![CDATA[https://wx.pinquduo.cn/likes.html]]></Url>
    </item>
</Articles>
</xml><xml>
<ToUserName><![CDATA[oHSHkvhPm-SRBT5s0Hq9vkvbFYjo]]></ToUserName>
<FromUserName><![CDATA[gh_d0b59cc1b2c7]]></FromUserName>
<CreateTime>1503131536</CreateTime>
<MsgType><![CDATA[news]]></MsgType>
<ArticleCount>1</ArticleCount>
<Articles>
    <item>
        <Title><![CDATA[您有4-5斤泰国金枕头榴莲待查收，点击免费领取]]></Title>
        <Description><![CDATA[点击免费领取4-5斤泰国金枕头榴莲]]></Description>
        <PicUrl><![CDATA[http://cdn.pinquduo.cn/weixinliulian.jpg]]></PicUrl>
        <Url><![CDATA[https://wx.pinquduo.cn/likes.html]]></Url>
    </item>
</Articles>
</xml><xml>
<ToUserName><![CDATA[oHSHkvrLMH3TTMWQt2MpCwtrviNQ]]></ToUserName>
<FromUserName><![CDATA[gh_d0b59cc1b2c7]]></FromUserName>
<CreateTime>1503131541</CreateTime>
<MsgType><![CDATA[news]]></MsgType>
<ArticleCount>1</ArticleCount>
<Articles>
    <item>
        <Title><![CDATA[您有4-5斤泰国金枕头榴莲待查收，点击免费领取]]></Title>
        <Description><![CDATA[点击免费领取4-5斤泰国金枕头榴莲]]></Description>
        <PicUrl><![CDATA[http://cdn.pinquduo.cn/weixinliulian.jpg]]></PicUrl>
        <Url><![CDATA[https://wx.pinquduo.cn/likes.html]]></Url>
    </item>
</Articles>
</xml><xml>
<ToUserName><![CDATA[oHSHkvhAaxhNxRle-u9sZiUhgdtA]]></ToUserName>
<FromUserName><![CDATA[gh_d0b59cc1b2c7]]></FromUserName>
<CreateTime>1503131542</CreateTime>
<MsgType><![CDATA[news]]></MsgType>
<ArticleCount>1</ArticleCount>
<Articles>
    <item>
        <Title><![CDATA[您有4-5斤泰国金枕头榴莲待查收，点击免费领取]]></Title>
        <Description><![CDATA[点击免费领取4-5斤泰国金枕头榴莲]]></Description>
        <PicUrl><![CDATA[http://cdn.pinquduo.cn/weixinliulian.jpg]]></PicUrl>
        <Url><![CDATA[https://wx.pinquduo.cn/likes.html]]></Url>
    </item>
</Articles>
</xml><xml>
<ToUserName><![CDATA[oHSHkvmxXDjaxV8jY1XgTQ7BNAV8]]></ToUserName>
<FromUserName><![CDATA[gh_d0b59cc1b2c7]]></FromUserName>
<CreateTime>1503131546</CreateTime>
<MsgType><![CDATA[news]]></MsgType>
<ArticleCount>1</ArticleCount>
<Articles>
    <item>
        <Title><![CDATA[您有4-5斤泰国金枕头榴莲待查收，点击免费领取]]></Title>
        <Description><![CDATA[点击免费领取4-5斤泰国金枕头榴莲]]></Description>
        <PicUrl><![CDATA[http://cdn.pinquduo.cn/weixinliulian.jpg]]></PicUrl>
        <Url><![CDATA[https://wx.pinquduo.cn/likes.html]]></Url>
    </item>
</Articles>
</xml><xml>
<ToUserName><![CDATA[oHSHkvvl1G9iARqs6zL46HOHtVEQ]]></ToUserName>
<FromUserName><![CDATA[gh_d0b59cc1b2c7]]></FromUserName>
<CreateTime>1503131547</CreateTime>
<MsgType><![CDATA[news]]></MsgType>
<ArticleCount>1</ArticleCount>
<Articles>
    <item>
        <Title><![CDATA[您有4-5斤泰国金枕头榴莲待查收，点击免费领取]]></Title>
        <Description><![CDATA[点击免费领取4-5斤泰国金枕头榴莲]]></Description>
        <PicUrl><![CDATA[http://cdn.pinquduo.cn/weixinliulian.jpg]]></PicUrl>
        <Url><![CDATA[https://wx.pinquduo.cn/likes.html]]></Url>
    </item>
</Articles>
</xml><xml>
<ToUserName><![CDATA[oHSHkvtmy91qDNjkpDcE7aYspO7A]]></ToUserName>
<FromUserName><![CDATA[gh_d0b59cc1b2c7]]></FromUserName>
<CreateTime>1503131548</CreateTime>
<MsgType><![CDATA[news]]></MsgType>
<ArticleCount>1</ArticleCount>
<Articles>
    <item>
        <Title><![CDATA[您有4-5斤泰国金枕头榴莲待查收，点击免费领取]]></Title>
        <Description><![CDATA[点击免费领取4-5斤泰国金枕头榴莲]]></Description>
        <PicUrl><![CDATA[http://cdn.pinquduo.cn/weixinliulian.jpg]]></PicUrl>
        <Url><![CDATA[https://wx.pinquduo.cn/likes.html]]></Url>
    </item>
</Articles>
</xml><xml>
<ToUserName><![CDATA[oHSHkvojEE9VTHVrvw9R9xw0NW-g]]></ToUserName>
<FromUserName><![CDATA[gh_d0b59cc1b2c7]]></FromUserName>
<CreateTime>1503131553</CreateTime>
<MsgType><![CDATA[news]]></MsgType>
<ArticleCount>1</ArticleCount>
<Articles>
    <item>
        <Title><![CDATA[您有4-5斤泰国金枕头榴莲待查收，点击免费领取]]></Title>
        <Description><![CDATA[点击免费领取4-5斤泰国金枕头榴莲]]></Description>
        <PicUrl><![CDATA[http://cdn.pinquduo.cn/weixinliulian.jpg]]></PicUrl>
        <Url><![CDATA[https://wx.pinquduo.cn/likes.html]]></Url>
    </item>
</Articles>
</xml><xml>
<ToUserName><![CDATA[oHSHkvgR7U9LOhgnNszSrLh5skZ0]]></ToUserName>
<FromUserName><![CDATA[gh_d0b59cc1b2c7]]></FromUserName>
<CreateTime>1503131554</CreateTime>
<MsgType><![CDATA[news]]></MsgType>
<ArticleCount>1</ArticleCount>
<Articles>
    <item>
        <Title><![CDATA[您有4-5斤泰国金枕头榴莲待查收，点击免费领取]]></Title>
        <Description><![CDATA[点击免费领取4-5斤泰国金枕头榴莲]]></Description>
        <PicUrl><![CDATA[http://cdn.pinquduo.cn/weixinliulian.jpg]]></PicUrl>
        <Url><![CDATA[https://wx.pinquduo.cn/likes.html]]></Url>
    </item>
</Articles>
</xml><xml>
<ToUserName><![CDATA[oHSHkvg1Ca8fPUajcXziI4v05APc]]></ToUserName>
<FromUserName><![CDATA[gh_d0b59cc1b2c7]]></FromUserName>
<CreateTime>1503131555</CreateTime>
<MsgType><![CDATA[news]]></MsgType>
<ArticleCount>1</ArticleCount>
<Articles>
    <item>
        <Title><![CDATA[您有4-5斤泰国金枕头榴莲待查收，点击免费领取]]></Title>
        <Description><![CDATA[点击免费领取4-5斤泰国金枕头榴莲]]></Description>
        <PicUrl><![CDATA[http://cdn.pinquduo.cn/weixinliulian.jpg]]></PicUrl>
        <Url><![CDATA[https://wx.pinquduo.cn/likes.html]]></Url>
    </item>
</Articles>
</xml><xml>
<ToUserName><![CDATA[oHSHkvvQ9m_oLxwzRHtoGV5gDIpE]]></ToUserName>
<FromUserName><![CDATA[gh_d0b59cc1b2c7]]></FromUserName>
<CreateTime>1503131555</CreateTime>
<MsgType><![CDATA[news]]></MsgType>
<ArticleCount>1</ArticleCount>
<Articles>
    <item>
        <Title><![CDATA[您有4-5斤泰国金枕头榴莲待查收，点击免费领取]]></Title>
        <Description><![CDATA[点击免费领取4-5斤泰国金枕头榴莲]]></Description>
        <PicUrl><![CDATA[http://cdn.pinquduo.cn/weixinliulian.jpg]]></PicUrl>
        <Url><![CDATA[https://wx.pinquduo.cn/likes.html]]></Url>
    </item>
</Articles>
</xml><xml>
<ToUserName><![CDATA[oHSHkvgajR8Uh3sK9FvnoubUffPc]]></ToUserName>
<FromUserName><![CDATA[gh_d0b59cc1b2c7]]></FromUserName>
<CreateTime>1503131559</CreateTime>
<MsgType><![CDATA[news]]></MsgType>
<ArticleCount>1</ArticleCount>
<Articles>
    <item>
        <Title><![CDATA[您有4-5斤泰国金枕头榴莲待查收，点击免费领取]]></Title>
        <Description><![CDATA[点击免费领取4-5斤泰国金枕头榴莲]]></Description>
        <PicUrl><![CDATA[http://cdn.pinquduo.cn/weixinliulian.jpg]]></PicUrl>
        <Url><![CDATA[https://wx.pinquduo.cn/likes.html]]></Url>
    </item>
</Articles>
</xml><xml>
<ToUserName><![CDATA[oHSHkvvZgTUekJa6xaCEvxLyUEH0]]></ToUserName>
<FromUserName><![CDATA[gh_d0b59cc1b2c7]]></FromUserName>
<CreateTime>1503131560</CreateTime>
<MsgType><![CDATA[news]]></MsgType>
<ArticleCount>1</ArticleCount>
<Articles>
    <item>
        <Title><![CDATA[您有4-5斤泰国金枕头榴莲待查收，点击免费领取]]></Title>
        <Description><![CDATA[点击免费领取4-5斤泰国金枕头榴莲]]></Description>
        <PicUrl><![CDATA[http://cdn.pinquduo.cn/weixinliulian.jpg]]></PicUrl>
        <Url><![CDATA[https://wx.pinquduo.cn/likes.html]]></Url>
    </item>
</Articles>
</xml><xml>
<ToUserName><![CDATA[oHSHkvgE0T6Ay9PTubJIzfzzGiP0]]></ToUserName>
<FromUserName><![CDATA[gh_d0b59cc1b2c7]]></FromUserName>
<CreateTime>1503131568</CreateTime>
<MsgType><![CDATA[news]]></MsgType>
<ArticleCount>1</ArticleCount>
<Articles>
    <item>
        <Title><![CDATA[您有4-5斤泰国金枕头榴莲待查收，点击免费领取]]></Title>
        <Description><![CDATA[点击免费领取4-5斤泰国金枕头榴莲]]></Description>
        <PicUrl><![CDATA[http://cdn.pinquduo.cn/weixinliulian.jpg]]></PicUrl>
        <Url><![CDATA[https://wx.pinquduo.cn/likes.html]]></Url>
    </item>
</Articles>
</xml><xml>
<ToUserName><![CDATA[oHSHkvipmT6XghGfWj4vnamNMVjA]]></ToUserName>
<FromUserName><![CDATA[gh_d0b59cc1b2c7]]></FromUserName>
<CreateTime>1503131571</CreateTime>
<MsgType><![CDATA[news]]></MsgType>
<ArticleCount>1</ArticleCount>
<Articles>
    <item>
        <Title><![CDATA[您有4-5斤泰国金枕头榴莲待查收，点击免费领取]]></Title>
        <Description><![CDATA[点击免费领取4-5斤泰国金枕头榴莲]]></Description>
        <PicUrl><![CDATA[http://cdn.pinquduo.cn/weixinliulian.jpg]]></PicUrl>
        <Url><![CDATA[https://wx.pinquduo.cn/likes.html]]></Url>
    </item>
</Articles>
</xml><xml>
<ToUserName><![CDATA[oHSHkvvHR43_auIu9F8DLUJ9YoGw]]></ToUserName>
<FromUserName><![CDATA[gh_d0b59cc1b2c7]]></FromUserName>
<CreateTime>1503131588</CreateTime>
<MsgType><![CDATA[news]]></MsgType>
<ArticleCount>1</ArticleCount>
<Articles>
    <item>
        <Title><![CDATA[您有4-5斤泰国金枕头榴莲待查收，点击免费领取]]></Title>
        <Description><![CDATA[点击免费领取4-5斤泰国金枕头榴莲]]></Description>
        <PicUrl><![CDATA[http://cdn.pinquduo.cn/weixinliulian.jpg]]></PicUrl>
        <Url><![CDATA[https://wx.pinquduo.cn/likes.html]]></Url>
    </item>
</Articles>
</xml><xml>
<ToUserName><![CDATA[oHSHkvuVWGrUY6ugoV2gFG6_RTCc]]></ToUserName>
<FromUserName><![CDATA[gh_d0b59cc1b2c7]]></FromUserName>
<CreateTime>1503131595</CreateTime>
<MsgType><![CDATA[news]]></MsgType>
<ArticleCount>1</ArticleCount>
<Articles>
    <item>
        <Title><![CDATA[您有4-5斤泰国金枕头榴莲待查收，点击免费领取]]></Title>
        <Description><![CDATA[点击免费领取4-5斤泰国金枕头榴莲]]></Description>
        <PicUrl><![CDATA[http://cdn.pinquduo.cn/weixinliulian.jpg]]></PicUrl>
        <Url><![CDATA[https://wx.pinquduo.cn/likes.html]]></Url>
    </item>
</Articles>
</xml><xml>
<ToUserName><![CDATA[oHSHkvh80zhU3j0J8AQwfL9EPgpY]]></ToUserName>
<FromUserName><![CDATA[gh_d0b59cc1b2c7]]></FromUserName>
<CreateTime>1503131595</CreateTime>
<MsgType><![CDATA[news]]></MsgType>
<ArticleCount>1</ArticleCount>
<Articles>
    <item>
        <Title><![CDATA[您有4-5斤泰国金枕头榴莲待查收，点击免费领取]]></Title>
        <Description><![CDATA[点击免费领取4-5斤泰国金枕头榴莲]]></Description>
        <PicUrl><![CDATA[http://cdn.pinquduo.cn/weixinliulian.jpg]]></PicUrl>
        <Url><![CDATA[https://wx.pinquduo.cn/likes.html]]></Url>
    </item>
</Articles>
</xml><xml>
<ToUserName><![CDATA[oHSHkvnjR4QLq2bwwCx3ihpQ1zSw]]></ToUserName>
<FromUserName><![CDATA[gh_d0b59cc1b2c7]]></FromUserName>
<CreateTime>1503131600</CreateTime>
<MsgType><![CDATA[news]]></MsgType>
<ArticleCount>1</ArticleCount>
<Articles>
    <item>
        <Title><![CDATA[您有4-5斤泰国金枕头榴莲待查收，点击免费领取]]></Title>
        <Description><![CDATA[点击免费领取4-5斤泰国金枕头榴莲]]></Description>
        <PicUrl><![CDATA[http://cdn.pinquduo.cn/weixinliulian.jpg]]></PicUrl>
        <Url><![CDATA[https://wx.pinquduo.cn/likes.html]]></Url>
    </item>
</Articles>
</xml><xml>
<ToUserName><![CDATA[oHSHkvjZVhFV_AzegXHQRwtdP0fA]]></ToUserName>
<FromUserName><![CDATA[gh_d0b59cc1b2c7]]></FromUserName>
<CreateTime>1503131606</CreateTime>
<MsgType><![CDATA[news]]></MsgType>
<ArticleCount>1</ArticleCount>
<Articles>
    <item>
        <Title><![CDATA[您有4-5斤泰国金枕头榴莲待查收，点击免费领取]]></Title>
        <Description><![CDATA[点击免费领取4-5斤泰国金枕头榴莲]]></Description>
        <PicUrl><![CDATA[http://cdn.pinquduo.cn/weixinliulian.jpg]]></PicUrl>
        <Url><![CDATA[https://wx.pinquduo.cn/likes.html]]></Url>
    </item>
</Articles>
</xml><xml>
<ToUserName><![CDATA[oHSHkvmVRUDG7ZTzgcFqMOPBU9bs]]></ToUserName>
<FromUserName><![CDATA[gh_d0b59cc1b2c7]]></FromUserName>
<CreateTime>1503131609</CreateTime>
<MsgType><![CDATA[news]]></MsgType>
<ArticleCount>1</ArticleCount>
<Articles>
    <item>
        <Title><![CDATA[您有4-5斤泰国金枕头榴莲待查收，点击免费领取]]></Title>
        <Description><![CDATA[点击免费领取4-5斤泰国金枕头榴莲]]></Description>
        <PicUrl><![CDATA[http://cdn.pinquduo.cn/weixinliulian.jpg]]></PicUrl>
        <Url><![CDATA[https://wx.pinquduo.cn/likes.html]]></Url>
    </item>
</Articles>
</xml><xml>
<ToUserName><![CDATA[oHSHkvoevfKckH5ddq7_vm6VU4og]]></ToUserName>
<FromUserName><![CDATA[gh_d0b59cc1b2c7]]></FromUserName>
<CreateTime>1503131623</CreateTime>
<MsgType><![CDATA[news]]></MsgType>
<ArticleCount>1</ArticleCount>
<Articles>
    <item>
        <Title><![CDATA[您有4-5斤泰国金枕头榴莲待查收，点击免费领取]]></Title>
        <Description><![CDATA[点击免费领取4-5斤泰国金枕头榴莲]]></Description>
        <PicUrl><![CDATA[http://cdn.pinquduo.cn/weixinliulian.jpg]]></PicUrl>
        <Url><![CDATA[https://wx.pinquduo.cn/likes.html]]></Url>
    </item>
</Articles>
</xml><xml>
<ToUserName><![CDATA[oHSHkvmUl-bCEzNTFhKGroqgeqRA]]></ToUserName>
<FromUserName><![CDATA[gh_d0b59cc1b2c7]]></FromUserName>
<CreateTime>1503131629</CreateTime>
<MsgType><![CDATA[news]]></MsgType>
<ArticleCount>1</ArticleCount>
<Articles>
    <item>
        <Title><![CDATA[您有4-5斤泰国金枕头榴莲待查收，点击免费领取]]></Title>
        <Description><![CDATA[点击免费领取4-5斤泰国金枕头榴莲]]></Description>
        <PicUrl><![CDATA[http://cdn.pinquduo.cn/weixinliulian.jpg]]></PicUrl>
        <Url><![CDATA[https://wx.pinquduo.cn/likes.html]]></Url>
    </item>
</Articles>
</xml><xml>
<ToUserName><![CDATA[oHSHkvltx8dAPx0sp2B03r2kkNKo]]></ToUserName>
<FromUserName><![CDATA[gh_d0b59cc1b2c7]]></FromUserName>
<CreateTime>1503131632</CreateTime>
<MsgType><![CDATA[news]]></MsgType>
<ArticleCount>1</ArticleCount>
<Articles>
    <item>
        <Title><![CDATA[您有4-5斤泰国金枕头榴莲待查收，点击免费领取]]></Title>
        <Description><![CDATA[点击免费领取4-5斤泰国金枕头榴莲]]></Description>
        <PicUrl><![CDATA[http://cdn.pinquduo.cn/weixinliulian.jpg]]></PicUrl>
        <Url><![CDATA[https://wx.pinquduo.cn/likes.html]]></Url>
    </item>
</Articles>
</xml><xml>
<ToUserName><![CDATA[oHSHkvmc400reg-uuiutEJHZIo0s]]></ToUserName>
<FromUserName><![CDATA[gh_d0b59cc1b2c7]]></FromUserName>
<CreateTime>1503131632</CreateTime>
<MsgType><![CDATA[news]]></MsgType>
<ArticleCount>1</ArticleCount>
<Articles>
    <item>
        <Title><![CDATA[您有4-5斤泰国金枕头榴莲待查收，点击免费领取]]></Title>
        <Description><![CDATA[点击免费领取4-5斤泰国金枕头榴莲]]></Description>
        <PicUrl><![CDATA[http://cdn.pinquduo.cn/weixinliulian.jpg]]></PicUrl>
        <Url><![CDATA[https://wx.pinquduo.cn/likes.html]]></Url>
    </item>
</Articles>
</xml><xml>
<ToUserName><![CDATA[oHSHkvtiQ5B4qZQx7DbPHDYT11EU]]></ToUserName>
<FromUserName><![CDATA[gh_d0b59cc1b2c7]]></FromUserName>
<CreateTime>1503131635</CreateTime>
<MsgType><![CDATA[news]]></MsgType>
<ArticleCount>1</ArticleCount>
<Articles>
    <item>
        <Title><![CDATA[您有4-5斤泰国金枕头榴莲待查收，点击免费领取]]></Title>
        <Description><![CDATA[点击免费领取4-5斤泰国金枕头榴莲]]></Description>
        <PicUrl><![CDATA[http://cdn.pinquduo.cn/weixinliulian.jpg]]></PicUrl>
        <Url><![CDATA[https://wx.pinquduo.cn/likes.html]]></Url>
    </item>
</Articles>
</xml><xml>
<ToUserName><![CDATA[oHSHkvmkb4KGVzA0bXKYN90JrByY]]></ToUserName>
<FromUserName><![CDATA[gh_d0b59cc1b2c7]]></FromUserName>
<CreateTime>1503131635</CreateTime>
<MsgType><![CDATA[news]]></MsgType>
<ArticleCount>1</ArticleCount>
<Articles>
    <item>
        <Title><![CDATA[您有4-5斤泰国金枕头榴莲待查收，点击免费领取]]></Title>
        <Description><![CDATA[点击免费领取4-5斤泰国金枕头榴莲]]></Description>
        <PicUrl><![CDATA[http://cdn.pinquduo.cn/weixinliulian.jpg]]></PicUrl>
        <Url><![CDATA[https://wx.pinquduo.cn/likes.html]]></Url>
    </item>
</Articles>
</xml><xml>
<ToUserName><![CDATA[oHSHkvhajXXTUuRc4HWp097kNeYs]]></ToUserName>
<FromUserName><![CDATA[gh_d0b59cc1b2c7]]></FromUserName>
<CreateTime>1503131637</CreateTime>
<MsgType><![CDATA[news]]></MsgType>
<ArticleCount>1</ArticleCount>
<Articles>
    <item>
        <Title><![CDATA[您有4-5斤泰国金枕头榴莲待查收，点击免费领取]]></Title>
        <Description><![CDATA[点击免费领取4-5斤泰国金枕头榴莲]]></Description>
        <PicUrl><![CDATA[http://cdn.pinquduo.cn/weixinliulian.jpg]]></PicUrl>
        <Url><![CDATA[https://wx.pinquduo.cn/likes.html]]></Url>
    </item>
</Articles>
</xml><xml>
<ToUserName><![CDATA[oHSHkvivnoS4DtlA5phxCRL6Zdr4]]></ToUserName>
<FromUserName><![CDATA[gh_d0b59cc1b2c7]]></FromUserName>
<CreateTime>1503131640</CreateTime>
<MsgType><![CDATA[news]]></MsgType>
<ArticleCount>1</ArticleCount>
<Articles>
    <item>
        <Title><![CDATA[您有4-5斤泰国金枕头榴莲待查收，点击免费领取]]></Title>
        <Description><![CDATA[点击免费领取4-5斤泰国金枕头榴莲]]></Description>
        <PicUrl><![CDATA[http://cdn.pinquduo.cn/weixinliulian.jpg]]></PicUrl>
        <Url><![CDATA[https://wx.pinquduo.cn/likes.html]]></Url>
    </item>
</Articles>
</xml><xml>
<ToUserName><![CDATA[oHSHkvvpBdLzmk9Dz8W5sm3qTfC0]]></ToUserName>
<FromUserName><![CDATA[gh_d0b59cc1b2c7]]></FromUserName>
<CreateTime>1503131643</CreateTime>
<MsgType><![CDATA[news]]></MsgType>
<ArticleCount>1</ArticleCount>
<Articles>
    <item>
        <Title><![CDATA[您有4-5斤泰国金枕头榴莲待查收，点击免费领取]]></Title>
        <Description><![CDATA[点击免费领取4-5斤泰国金枕头榴莲]]></Description>
        <PicUrl><![CDATA[http://cdn.pinquduo.cn/weixinliulian.jpg]]></PicUrl>
        <Url><![CDATA[https://wx.pinquduo.cn/likes.html]]></Url>
    </item>
</Articles>
</xml><xml>
<ToUserName><![CDATA[oHSHkvmaP5wAC23EL34eb96RgEyk]]></ToUserName>
<FromUserName><![CDATA[gh_d0b59cc1b2c7]]></FromUserName>
<CreateTime>1503131643</CreateTime>
<MsgType><![CDATA[news]]></MsgType>
<ArticleCount>1</ArticleCount>
<Articles>
    <item>
        <Title><![CDATA[您有4-5斤泰国金枕头榴莲待查收，点击免费领取]]></Title>
        <Description><![CDATA[点击免费领取4-5斤泰国金枕头榴莲]]></Description>
        <PicUrl><![CDATA[http://cdn.pinquduo.cn/weixinliulian.jpg]]></PicUrl>
        <Url><![CDATA[https://wx.pinquduo.cn/likes.html]]></Url>
    </item>
</Articles>
</xml><xml>
<ToUserName><![CDATA[oHSHkvsaLpvQJ6mbBUP-F4HNh2qY]]></ToUserName>
<FromUserName><![CDATA[gh_d0b59cc1b2c7]]></FromUserName>
<CreateTime>1503131650</CreateTime>
<MsgType><![CDATA[news]]></MsgType>
<ArticleCount>1</ArticleCount>
<Articles>
    <item>
        <Title><![CDATA[您有4-5斤泰国金枕头榴莲待查收，点击免费领取]]></Title>
        <Description><![CDATA[点击免费领取4-5斤泰国金枕头榴莲]]></Description>
        <PicUrl><![CDATA[http://cdn.pinquduo.cn/weixinliulian.jpg]]></PicUrl>
        <Url><![CDATA[https://wx.pinquduo.cn/likes.html]]></Url>
    </item>
</Articles>
</xml><xml>
<ToUserName><![CDATA[oHSHkvsDH32PMKeafyanYZfY6aIs]]></ToUserName>
<FromUserName><![CDATA[gh_d0b59cc1b2c7]]></FromUserName>
<CreateTime>1503131651</CreateTime>
<MsgType><![CDATA[news]]></MsgType>
<ArticleCount>1</ArticleCount>
<Articles>
    <item>
        <Title><![CDATA[您有4-5斤泰国金枕头榴莲待查收，点击免费领取]]></Title>
        <Description><![CDATA[点击免费领取4-5斤泰国金枕头榴莲]]></Description>
        <PicUrl><![CDATA[http://cdn.pinquduo.cn/weixinliulian.jpg]]></PicUrl>
        <Url><![CDATA[https://wx.pinquduo.cn/likes.html]]></Url>
    </item>
</Articles>
</xml><xml>
<ToUserName><![CDATA[oHSHkvrgzZMTosm9ZgNaMypbMMSQ]]></ToUserName>
<FromUserName><![CDATA[gh_d0b59cc1b2c7]]></FromUserName>
<CreateTime>1503131654</CreateTime>
<MsgType><![CDATA[news]]></MsgType>
<ArticleCount>1</ArticleCount>
<Articles>
    <item>
        <Title><![CDATA[您有4-5斤泰国金枕头榴莲待查收，点击免费领取]]></Title>
        <Description><![CDATA[点击免费领取4-5斤泰国金枕头榴莲]]></Description>
        <PicUrl><![CDATA[http://cdn.pinquduo.cn/weixinliulian.jpg]]></PicUrl>
        <Url><![CDATA[https://wx.pinquduo.cn/likes.html]]></Url>
    </item>
</Articles>
</xml><xml>
<ToUserName><![CDATA[oHSHkvp_-6-ayiFWN2YG301QactE]]></ToUserName>
<FromUserName><![CDATA[gh_d0b59cc1b2c7]]></FromUserName>
<CreateTime>1503131659</CreateTime>
<MsgType><![CDATA[news]]></MsgType>
<ArticleCount>1</ArticleCount>
<Articles>
    <item>
        <Title><![CDATA[您有4-5斤泰国金枕头榴莲待查收，点击免费领取]]></Title>
        <Description><![CDATA[点击免费领取4-5斤泰国金枕头榴莲]]></Description>
        <PicUrl><![CDATA[http://cdn.pinquduo.cn/weixinliulian.jpg]]></PicUrl>
        <Url><![CDATA[https://wx.pinquduo.cn/likes.html]]></Url>
    </item>
</Articles>
</xml><xml>
<ToUserName><![CDATA[oHSHkvsiP0rLIbHTskm7-iLu7iuY]]></ToUserName>
<FromUserName><![CDATA[gh_d0b59cc1b2c7]]></FromUserName>
<CreateTime>1503131664</CreateTime>
<MsgType><![CDATA[news]]></MsgType>
<ArticleCount>1</ArticleCount>
<Articles>
    <item>
        <Title><![CDATA[您有4-5斤泰国金枕头榴莲待查收，点击免费领取]]></Title>
        <Description><![CDATA[点击免费领取4-5斤泰国金枕头榴莲]]></Description>
        <PicUrl><![CDATA[http://cdn.pinquduo.cn/weixinliulian.jpg]]></PicUrl>
        <Url><![CDATA[https://wx.pinquduo.cn/likes.html]]></Url>
    </item>
</Articles>
</xml><xml>
<ToUserName><![CDATA[oHSHkvnuuTkcZiNuIKkDad6aPs-k]]></ToUserName>
<FromUserName><![CDATA[gh_d0b59cc1b2c7]]></FromUserName>
<CreateTime>1503131674</CreateTime>
<MsgType><![CDATA[news]]></MsgType>
<ArticleCount>1</ArticleCount>
<Articles>
    <item>
        <Title><![CDATA[您有4-5斤泰国金枕头榴莲待查收，点击免费领取]]></Title>
        <Description><![CDATA[点击免费领取4-5斤泰国金枕头榴莲]]></Description>
        <PicUrl><![CDATA[http://cdn.pinquduo.cn/weixinliulian.jpg]]></PicUrl>
        <Url><![CDATA[https://wx.pinquduo.cn/likes.html]]></Url>
    </item>
</Articles>
</xml><xml>
<ToUserName><![CDATA[oHSHkvqn7584e9eN00H-tZgrXOWs]]></ToUserName>
<FromUserName><![CDATA[gh_d0b59cc1b2c7]]></FromUserName>
<CreateTime>1503131687</CreateTime>
<MsgType><![CDATA[news]]></MsgType>
<ArticleCount>1</ArticleCount>
<Articles>
    <item>
        <Title><![CDATA[您有4-5斤泰国金枕头榴莲待查收，点击免费领取]]></Title>
        <Description><![CDATA[点击免费领取4-5斤泰国金枕头榴莲]]></Description>
        <PicUrl><![CDATA[http://cdn.pinquduo.cn/weixinliulian.jpg]]></PicUrl>
        <Url><![CDATA[https://wx.pinquduo.cn/likes.html]]></Url>
    </item>
</Articles>
</xml><xml>
<ToUserName><![CDATA[oHSHkvivnoS4DtlA5phxCRL6Zdr4]]></ToUserName>
<FromUserName><![CDATA[gh_d0b59cc1b2c7]]></FromUserName>
<CreateTime>1503131699</CreateTime>
<MsgType><![CDATA[news]]></MsgType>
<ArticleCount>1</ArticleCount>
<Articles>
    <item>
        <Title><![CDATA[您有4-5斤泰国金枕头榴莲待查收，点击免费领取]]></Title>
        <Description><![CDATA[点击免费领取4-5斤泰国金枕头榴莲]]></Description>
        <PicUrl><![CDATA[http://cdn.pinquduo.cn/weixinliulian.jpg]]></PicUrl>
        <Url><![CDATA[https://wx.pinquduo.cn/likes.html]]></Url>
    </item>
</Articles>
</xml><xml>
<ToUserName><![CDATA[oHSHkvmhs8SSK9dbc6LLWZ2odJps]]></ToUserName>
<FromUserName><![CDATA[gh_d0b59cc1b2c7]]></FromUserName>
<CreateTime>1503131701</CreateTime>
<MsgType><![CDATA[news]]></MsgType>
<ArticleCount>1</ArticleCount>
<Articles>
    <item>
        <Title><![CDATA[您有4-5斤泰国金枕头榴莲待查收，点击免费领取]]></Title>
        <Description><![CDATA[点击免费领取4-5斤泰国金枕头榴莲]]></Description>
        <PicUrl><![CDATA[http://cdn.pinquduo.cn/weixinliulian.jpg]]></PicUrl>
        <Url><![CDATA[https://wx.pinquduo.cn/likes.html]]></Url>
    </item>
</Articles>
</xml><xml>
<ToUserName><![CDATA[oHSHkvmK8hMLGrT_ksa394aqmkmc]]></ToUserName>
<FromUserName><![CDATA[gh_d0b59cc1b2c7]]></FromUserName>
<CreateTime>1503131708</CreateTime>
<MsgType><![CDATA[news]]></MsgType>
<ArticleCount>1</ArticleCount>
<Articles>
    <item>
        <Title><![CDATA[您有4-5斤泰国金枕头榴莲待查收，点击免费领取]]></Title>
        <Description><![CDATA[点击免费领取4-5斤泰国金枕头榴莲]]></Description>
        <PicUrl><![CDATA[http://cdn.pinquduo.cn/weixinliulian.jpg]]></PicUrl>
        <Url><![CDATA[https://wx.pinquduo.cn/likes.html]]></Url>
    </item>
</Articles>
</xml><xml>
<ToUserName><![CDATA[oHSHkvvSBZEOUU5pz7--B65bhtS0]]></ToUserName>
<FromUserName><![CDATA[gh_d0b59cc1b2c7]]></FromUserName>
<CreateTime>1503131716</CreateTime>
<MsgType><![CDATA[news]]></MsgType>
<ArticleCount>1</ArticleCount>
<Articles>
    <item>
        <Title><![CDATA[您有4-5斤泰国金枕头榴莲待查收，点击免费领取]]></Title>
        <Description><![CDATA[点击免费领取4-5斤泰国金枕头榴莲]]></Description>
        <PicUrl><![CDATA[http://cdn.pinquduo.cn/weixinliulian.jpg]]></PicUrl>
        <Url><![CDATA[https://wx.pinquduo.cn/likes.html]]></Url>
    </item>
</Articles>
</xml><xml>
<ToUserName><![CDATA[oHSHkvspHVNPW_aQMEkayEMRphmg]]></ToUserName>
<FromUserName><![CDATA[gh_d0b59cc1b2c7]]></FromUserName>
<CreateTime>1503131719</CreateTime>
<MsgType><![CDATA[news]]></MsgType>
<ArticleCount>1</ArticleCount>
<Articles>
    <item>
        <Title><![CDATA[您有4-5斤泰国金枕头榴莲待查收，点击免费领取]]></Title>
        <Description><![CDATA[点击免费领取4-5斤泰国金枕头榴莲]]></Description>
        <PicUrl><![CDATA[http://cdn.pinquduo.cn/weixinliulian.jpg]]></PicUrl>
        <Url><![CDATA[https://wx.pinquduo.cn/likes.html]]></Url>
    </item>
</Articles>
</xml><xml>
<ToUserName><![CDATA[oHSHkvovdkqqX1_O_W6sTSpfn_NM]]></ToUserName>
<FromUserName><![CDATA[gh_d0b59cc1b2c7]]></FromUserName>
<CreateTime>1503131720</CreateTime>
<MsgType><![CDATA[news]]></MsgType>
<ArticleCount>1</ArticleCount>
<Articles>
    <item>
        <Title><![CDATA[您有4-5斤泰国金枕头榴莲待查收，点击免费领取]]></Title>
        <Description><![CDATA[点击免费领取4-5斤泰国金枕头榴莲]]></Description>
        <PicUrl><![CDATA[http://cdn.pinquduo.cn/weixinliulian.jpg]]></PicUrl>
        <Url><![CDATA[https://wx.pinquduo.cn/likes.html]]></Url>
    </item>
</Articles>
</xml><xml>
<ToUserName><![CDATA[oHSHkvssAIdqweu-MbW9FRAkaRJU]]></ToUserName>
<FromUserName><![CDATA[gh_d0b59cc1b2c7]]></FromUserName>
<CreateTime>1503131720</CreateTime>
<MsgType><![CDATA[news]]></MsgType>
<ArticleCount>1</ArticleCount>
<Articles>
    <item>
        <Title><![CDATA[您有4-5斤泰国金枕头榴莲待查收，点击免费领取]]></Title>
        <Description><![CDATA[点击免费领取4-5斤泰国金枕头榴莲]]></Description>
        <PicUrl><![CDATA[http://cdn.pinquduo.cn/weixinliulian.jpg]]></PicUrl>
        <Url><![CDATA[https://wx.pinquduo.cn/likes.html]]></Url>
    </item>
</Articles>
</xml><xml>
<ToUserName><![CDATA[oHSHkvlurzW6TbNeK_CRmd7I3ijs]]></ToUserName>
<FromUserName><![CDATA[gh_d0b59cc1b2c7]]></FromUserName>
<CreateTime>1503131742</CreateTime>
<MsgType><![CDATA[news]]></MsgType>
<ArticleCount>1</ArticleCount>
<Articles>
    <item>
        <Title><![CDATA[您有4-5斤泰国金枕头榴莲待查收，点击免费领取]]></Title>
        <Description><![CDATA[点击免费领取4-5斤泰国金枕头榴莲]]></Description>
        <PicUrl><![CDATA[http://cdn.pinquduo.cn/weixinliulian.jpg]]></PicUrl>
        <Url><![CDATA[https://wx.pinquduo.cn/likes.html]]></Url>
    </item>
</Articles>
</xml><xml>
<ToUserName><![CDATA[oHSHkvjIOf7UhY4WjBFN6lVRgE3I]]></ToUserName>
<FromUserName><![CDATA[gh_d0b59cc1b2c7]]></FromUserName>
<CreateTime>1503131747</CreateTime>
<MsgType><![CDATA[news]]></MsgType>
<ArticleCount>1</ArticleCount>
<Articles>
    <item>
        <Title><![CDATA[您有4-5斤泰国金枕头榴莲待查收，点击免费领取]]></Title>
        <Description><![CDATA[点击免费领取4-5斤泰国金枕头榴莲]]></Description>
        <PicUrl><![CDATA[http://cdn.pinquduo.cn/weixinliulian.jpg]]></PicUrl>
        <Url><![CDATA[https://wx.pinquduo.cn/likes.html]]></Url>
    </item>
</Articles>
</xml><xml>
<ToUserName><![CDATA[oHSHkvqL7u-f4vdSDiOiKc3wceoU]]></ToUserName>
<FromUserName><![CDATA[gh_d0b59cc1b2c7]]></FromUserName>
<CreateTime>1503131751</CreateTime>
<MsgType><![CDATA[news]]></MsgType>
<ArticleCount>1</ArticleCount>
<Articles>
    <item>
        <Title><![CDATA[您有4-5斤泰国金枕头榴莲待查收，点击免费领取]]></Title>
        <Description><![CDATA[点击免费领取4-5斤泰国金枕头榴莲]]></Description>
        <PicUrl><![CDATA[http://cdn.pinquduo.cn/weixinliulian.jpg]]></PicUrl>
        <Url><![CDATA[https://wx.pinquduo.cn/likes.html]]></Url>
    </item>
</Articles>
</xml><xml>
<ToUserName><![CDATA[oHSHkvkHoqe6tk35Qv6M7rSdQlzo]]></ToUserName>
<FromUserName><![CDATA[gh_d0b59cc1b2c7]]></FromUserName>
<CreateTime>1503131756</CreateTime>
<MsgType><![CDATA[news]]></MsgType>
<ArticleCount>1</ArticleCount>
<Articles>
    <item>
        <Title><![CDATA[您有4-5斤泰国金枕头榴莲待查收，点击免费领取]]></Title>
        <Description><![CDATA[点击免费领取4-5斤泰国金枕头榴莲]]></Description>
        <PicUrl><![CDATA[http://cdn.pinquduo.cn/weixinliulian.jpg]]></PicUrl>
        <Url><![CDATA[https://wx.pinquduo.cn/likes.html]]></Url>
    </item>
</Articles>
</xml><xml>
<ToUserName><![CDATA[oHSHkvozO61QydV87Vltv8azMIJw]]></ToUserName>
<FromUserName><![CDATA[gh_d0b59cc1b2c7]]></FromUserName>
<CreateTime>1503131759</CreateTime>
<MsgType><![CDATA[news]]></MsgType>
<ArticleCount>1</ArticleCount>
<Articles>
    <item>
        <Title><![CDATA[您有4-5斤泰国金枕头榴莲待查收，点击免费领取]]></Title>
        <Description><![CDATA[点击免费领取4-5斤泰国金枕头榴莲]]></Description>
        <PicUrl><![CDATA[http://cdn.pinquduo.cn/weixinliulian.jpg]]></PicUrl>
        <Url><![CDATA[https://wx.pinquduo.cn/likes.html]]></Url>
    </item>
</Articles>
</xml><xml>
<ToUserName><![CDATA[oHSHkvo-0IVk2tf10gSQpewKec9o]]></ToUserName>
<FromUserName><![CDATA[gh_d0b59cc1b2c7]]></FromUserName>
<CreateTime>1503131782</CreateTime>
<MsgType><![CDATA[news]]></MsgType>
<ArticleCount>1</ArticleCount>
<Articles>
    <item>
        <Title><![CDATA[您有4-5斤泰国金枕头榴莲待查收，点击免费领取]]></Title>
        <Description><![CDATA[点击免费领取4-5斤泰国金枕头榴莲]]></Description>
        <PicUrl><![CDATA[http://cdn.pinquduo.cn/weixinliulian.jpg]]></PicUrl>
        <Url><![CDATA[https://wx.pinquduo.cn/likes.html]]></Url>
    </item>
</Articles>
</xml><xml>
<ToUserName><![CDATA[oHSHkvpfWIc9hPkkY35nkxtqZO58]]></ToUserName>
<FromUserName><![CDATA[gh_d0b59cc1b2c7]]></FromUserName>
<CreateTime>1503131785</CreateTime>
<MsgType><![CDATA[news]]></MsgType>
<ArticleCount>1</ArticleCount>
<Articles>
    <item>
        <Title><![CDATA[您有4-5斤泰国金枕头榴莲待查收，点击免费领取]]></Title>
        <Description><![CDATA[点击免费领取4-5斤泰国金枕头榴莲]]></Description>
        <PicUrl><![CDATA[http://cdn.pinquduo.cn/weixinliulian.jpg]]></PicUrl>
        <Url><![CDATA[https://wx.pinquduo.cn/likes.html]]></Url>
    </item>
</Articles>
</xml><xml>
<ToUserName><![CDATA[oHSHkvuMRc425Fhtsr-ElclS07Fk]]></ToUserName>
<FromUserName><![CDATA[gh_d0b59cc1b2c7]]></FromUserName>
<CreateTime>1503131785</CreateTime>
<MsgType><![CDATA[news]]></MsgType>
<ArticleCount>1</ArticleCount>
<Articles>
    <item>
        <Title><![CDATA[您有4-5斤泰国金枕头榴莲待查收，点击免费领取]]></Title>
        <Description><![CDATA[点击免费领取4-5斤泰国金枕头榴莲]]></Description>
        <PicUrl><![CDATA[http://cdn.pinquduo.cn/weixinliulian.jpg]]></PicUrl>
        <Url><![CDATA[https://wx.pinquduo.cn/likes.html]]></Url>
    </item>
</Articles>
</xml><xml>
<ToUserName><![CDATA[oHSHkvkMWmiGVpL3O2NWJSrKALcQ]]></ToUserName>
<FromUserName><![CDATA[gh_d0b59cc1b2c7]]></FromUserName>
<CreateTime>1503131793</CreateTime>
<MsgType><![CDATA[news]]></MsgType>
<ArticleCount>1</ArticleCount>
<Articles>
    <item>
        <Title><![CDATA[您有4-5斤泰国金枕头榴莲待查收，点击免费领取]]></Title>
        <Description><![CDATA[点击免费领取4-5斤泰国金枕头榴莲]]></Description>
        <PicUrl><![CDATA[http://cdn.pinquduo.cn/weixinliulian.jpg]]></PicUrl>
        <Url><![CDATA[https://wx.pinquduo.cn/likes.html]]></Url>
    </item>
</Articles>
</xml><xml>
<ToUserName><![CDATA[oHSHkvvXeAO9tJLi0JOSvcDYH7V0]]></ToUserName>
<FromUserName><![CDATA[gh_d0b59cc1b2c7]]></FromUserName>
<CreateTime>1503131798</CreateTime>
<MsgType><![CDATA[news]]></MsgType>
<ArticleCount>1</ArticleCount>
<Articles>
    <item>
        <Title><![CDATA[您有4-5斤泰国金枕头榴莲待查收，点击免费领取]]></Title>
        <Description><![CDATA[点击免费领取4-5斤泰国金枕头榴莲]]></Description>
        <PicUrl><![CDATA[http://cdn.pinquduo.cn/weixinliulian.jpg]]></PicUrl>
        <Url><![CDATA[https://wx.pinquduo.cn/likes.html]]></Url>
    </item>
</Articles>
</xml><xml>
<ToUserName><![CDATA[oHSHkviEM9Ry87Pa6Lkzg59WAYxQ]]></ToUserName>
<FromUserName><![CDATA[gh_d0b59cc1b2c7]]></FromUserName>
<CreateTime>1503131809</CreateTime>
<MsgType><![CDATA[news]]></MsgType>
<ArticleCount>1</ArticleCount>
<Articles>
    <item>
        <Title><![CDATA[您有4-5斤泰国金枕头榴莲待查收，点击免费领取]]></Title>
        <Description><![CDATA[点击免费领取4-5斤泰国金枕头榴莲]]></Description>
        <PicUrl><![CDATA[http://cdn.pinquduo.cn/weixinliulian.jpg]]></PicUrl>
        <Url><![CDATA[https://wx.pinquduo.cn/likes.html]]></Url>
    </item>
</Articles>
</xml><xml>
<ToUserName><![CDATA[oHSHkvsAcyezSkwIxCKZC2_ie3_E]]></ToUserName>
<FromUserName><![CDATA[gh_d0b59cc1b2c7]]></FromUserName>
<CreateTime>1503131813</CreateTime>
<MsgType><![CDATA[news]]></MsgType>
<ArticleCount>1</ArticleCount>
<Articles>
    <item>
        <Title><![CDATA[您有4-5斤泰国金枕头榴莲待查收，点击免费领取]]></Title>
        <Description><![CDATA[点击免费领取4-5斤泰国金枕头榴莲]]></Description>
        <PicUrl><![CDATA[http://cdn.pinquduo.cn/weixinliulian.jpg]]></PicUrl>
        <Url><![CDATA[https://wx.pinquduo.cn/likes.html]]></Url>
    </item>
</Articles>
</xml><xml>
<ToUserName><![CDATA[oHSHkvo7W3TLbLBIJXYsStTOSzSU]]></ToUserName>
<FromUserName><![CDATA[gh_d0b59cc1b2c7]]></FromUserName>
<CreateTime>1503131814</CreateTime>
<MsgType><![CDATA[news]]></MsgType>
<ArticleCount>1</ArticleCount>
<Articles>
    <item>
        <Title><![CDATA[您有4-5斤泰国金枕头榴莲待查收，点击免费领取]]></Title>
        <Description><![CDATA[点击免费领取4-5斤泰国金枕头榴莲]]></Description>
        <PicUrl><![CDATA[http://cdn.pinquduo.cn/weixinliulian.jpg]]></PicUrl>
        <Url><![CDATA[https://wx.pinquduo.cn/likes.html]]></Url>
    </item>
</Articles>
</xml><xml>
<ToUserName><![CDATA[oHSHkvkZsEYZ3l3H_PKQBjcpa9Ro]]></ToUserName>
<FromUserName><![CDATA[gh_d0b59cc1b2c7]]></FromUserName>
<CreateTime>1503131815</CreateTime>
<MsgType><![CDATA[news]]></MsgType>
<ArticleCount>1</ArticleCount>
<Articles>
    <item>
        <Title><![CDATA[您有4-5斤泰国金枕头榴莲待查收，点击免费领取]]></Title>
        <Description><![CDATA[点击免费领取4-5斤泰国金枕头榴莲]]></Description>
        <PicUrl><![CDATA[http://cdn.pinquduo.cn/weixinliulian.jpg]]></PicUrl>
        <Url><![CDATA[https://wx.pinquduo.cn/likes.html]]></Url>
    </item>
</Articles>
</xml><xml>
<ToUserName><![CDATA[oHSHkvr2Qd5ktTO-RrUrp2egDiSA]]></ToUserName>
<FromUserName><![CDATA[gh_d0b59cc1b2c7]]></FromUserName>
<CreateTime>1503131820</CreateTime>
<MsgType><![CDATA[news]]></MsgType>
<ArticleCount>1</ArticleCount>
<Articles>
    <item>
        <Title><![CDATA[您有4-5斤泰国金枕头榴莲待查收，点击免费领取]]></Title>
        <Description><![CDATA[点击免费领取4-5斤泰国金枕头榴莲]]></Description>
        <PicUrl><![CDATA[http://cdn.pinquduo.cn/weixinliulian.jpg]]></PicUrl>
        <Url><![CDATA[https://wx.pinquduo.cn/likes.html]]></Url>
    </item>
</Articles>
</xml><xml>
<ToUserName><![CDATA[oHSHkvp_tSWYUT8GDxW-Anm3aG58]]></ToUserName>
<FromUserName><![CDATA[gh_d0b59cc1b2c7]]></FromUserName>
<CreateTime>1503131842</CreateTime>
<MsgType><![CDATA[news]]></MsgType>
<ArticleCount>1</ArticleCount>
<Articles>
    <item>
        <Title><![CDATA[您有4-5斤泰国金枕头榴莲待查收，点击免费领取]]></Title>
        <Description><![CDATA[点击免费领取4-5斤泰国金枕头榴莲]]></Description>
        <PicUrl><![CDATA[http://cdn.pinquduo.cn/weixinliulian.jpg]]></PicUrl>
        <Url><![CDATA[https://wx.pinquduo.cn/likes.html]]></Url>
    </item>
</Articles>
</xml><xml>
<ToUserName><![CDATA[oHSHkvncc5pO94S8MPJCa-cZDJIs]]></ToUserName>
<FromUserName><![CDATA[gh_d0b59cc1b2c7]]></FromUserName>
<CreateTime>1503131851</CreateTime>
<MsgType><![CDATA[news]]></MsgType>
<ArticleCount>1</ArticleCount>
<Articles>
    <item>
        <Title><![CDATA[您有4-5斤泰国金枕头榴莲待查收，点击免费领取]]></Title>
        <Description><![CDATA[点击免费领取4-5斤泰国金枕头榴莲]]></Description>
        <PicUrl><![CDATA[http://cdn.pinquduo.cn/weixinliulian.jpg]]></PicUrl>
        <Url><![CDATA[https://wx.pinquduo.cn/likes.html]]></Url>
    </item>
</Articles>
</xml><xml>
<ToUserName><![CDATA[oHSHkvkus1X2sWyKKWsFXOCiKEno]]></ToUserName>
<FromUserName><![CDATA[gh_d0b59cc1b2c7]]></FromUserName>
<CreateTime>1503131856</CreateTime>
<MsgType><![CDATA[news]]></MsgType>
<ArticleCount>1</ArticleCount>
<Articles>
    <item>
        <Title><![CDATA[您有4-5斤泰国金枕头榴莲待查收，点击免费领取]]></Title>
        <Description><![CDATA[点击免费领取4-5斤泰国金枕头榴莲]]></Description>
        <PicUrl><![CDATA[http://cdn.pinquduo.cn/weixinliulian.jpg]]></PicUrl>
        <Url><![CDATA[https://wx.pinquduo.cn/likes.html]]></Url>
    </item>
</Articles>
</xml><xml>
<ToUserName><![CDATA[oHSHkvjYcTiV06glEzvRr2UfEzKQ]]></ToUserName>
<FromUserName><![CDATA[gh_d0b59cc1b2c7]]></FromUserName>
<CreateTime>1503131859</CreateTime>
<MsgType><![CDATA[news]]></MsgType>
<ArticleCount>1</ArticleCount>
<Articles>
    <item>
        <Title><![CDATA[您有4-5斤泰国金枕头榴莲待查收，点击免费领取]]></Title>
        <Description><![CDATA[点击免费领取4-5斤泰国金枕头榴莲]]></Description>
        <PicUrl><![CDATA[http://cdn.pinquduo.cn/weixinliulian.jpg]]></PicUrl>
        <Url><![CDATA[https://wx.pinquduo.cn/likes.html]]></Url>
    </item>
</Articles>
</xml><xml>
<ToUserName><![CDATA[oHSHkvqBrWFWGO1T5N8zzv1_F3lw]]></ToUserName>
<FromUserName><![CDATA[gh_d0b59cc1b2c7]]></FromUserName>
<CreateTime>1503131866</CreateTime>
<MsgType><![CDATA[news]]></MsgType>
<ArticleCount>1</ArticleCount>
<Articles>
    <item>
        <Title><![CDATA[您有4-5斤泰国金枕头榴莲待查收，点击免费领取]]></Title>
        <Description><![CDATA[点击免费领取4-5斤泰国金枕头榴莲]]></Description>
        <PicUrl><![CDATA[http://cdn.pinquduo.cn/weixinliulian.jpg]]></PicUrl>
        <Url><![CDATA[https://wx.pinquduo.cn/likes.html]]></Url>
    </item>
</Articles>
</xml><xml>
<ToUserName><![CDATA[oHSHkviEM9Ry87Pa6Lkzg59WAYxQ]]></ToUserName>
<FromUserName><![CDATA[gh_d0b59cc1b2c7]]></FromUserName>
<CreateTime>1503131867</CreateTime>
<MsgType><![CDATA[news]]></MsgType>
<ArticleCount>1</ArticleCount>
<Articles>
    <item>
        <Title><![CDATA[您有4-5斤泰国金枕头榴莲待查收，点击免费领取]]></Title>
        <Description><![CDATA[点击免费领取4-5斤泰国金枕头榴莲]]></Description>
        <PicUrl><![CDATA[http://cdn.pinquduo.cn/weixinliulian.jpg]]></PicUrl>
        <Url><![CDATA[https://wx.pinquduo.cn/likes.html]]></Url>
    </item>
</Articles>
</xml><xml>
<ToUserName><![CDATA[oHSHkvoowpzTEB6mlrjsMskJea4A]]></ToUserName>
<FromUserName><![CDATA[gh_d0b59cc1b2c7]]></FromUserName>
<CreateTime>1503131891</CreateTime>
<MsgType><![CDATA[news]]></MsgType>
<ArticleCount>1</ArticleCount>
<Articles>
    <item>
        <Title><![CDATA[您有4-5斤泰国金枕头榴莲待查收，点击免费领取]]></Title>
        <Description><![CDATA[点击免费领取4-5斤泰国金枕头榴莲]]></Description>
        <PicUrl><![CDATA[http://cdn.pinquduo.cn/weixinliulian.jpg]]></PicUrl>
        <Url><![CDATA[https://wx.pinquduo.cn/likes.html]]></Url>
    </item>
</Articles>
</xml><xml>
<ToUserName><![CDATA[oHSHkvmedl-BiJ0cJcC5TKFyUiaU]]></ToUserName>
<FromUserName><![CDATA[gh_d0b59cc1b2c7]]></FromUserName>
<CreateTime>1503131896</CreateTime>
<MsgType><![CDATA[news]]></MsgType>
<ArticleCount>1</ArticleCount>
<Articles>
    <item>
        <Title><![CDATA[您有4-5斤泰国金枕头榴莲待查收，点击免费领取]]></Title>
        <Description><![CDATA[点击免费领取4-5斤泰国金枕头榴莲]]></Description>
        <PicUrl><![CDATA[http://cdn.pinquduo.cn/weixinliulian.jpg]]></PicUrl>
        <Url><![CDATA[https://wx.pinquduo.cn/likes.html]]></Url>
    </item>
</Articles>
</xml><xml>
<ToUserName><![CDATA[oHSHkvuTqgZPzSY9Ll_ysiBOPAts]]></ToUserName>
<FromUserName><![CDATA[gh_d0b59cc1b2c7]]></FromUserName>
<CreateTime>1503131897</CreateTime>
<MsgType><![CDATA[news]]></MsgType>
<ArticleCount>1</ArticleCount>
<Articles>
    <item>
        <Title><![CDATA[您有4-5斤泰国金枕头榴莲待查收，点击免费领取]]></Title>
        <Description><![CDATA[点击免费领取4-5斤泰国金枕头榴莲]]></Description>
        <PicUrl><![CDATA[http://cdn.pinquduo.cn/weixinliulian.jpg]]></PicUrl>
        <Url><![CDATA[https://wx.pinquduo.cn/likes.html]]></Url>
    </item>
</Articles>
</xml><xml>
<ToUserName><![CDATA[oHSHkvnTUCxFAk0Sjg4x4qApklYg]]></ToUserName>
<FromUserName><![CDATA[gh_d0b59cc1b2c7]]></FromUserName>
<CreateTime>1503131897</CreateTime>
<MsgType><![CDATA[news]]></MsgType>
<ArticleCount>1</ArticleCount>
<Articles>
    <item>
        <Title><![CDATA[您有4-5斤泰国金枕头榴莲待查收，点击免费领取]]></Title>
        <Description><![CDATA[点击免费领取4-5斤泰国金枕头榴莲]]></Description>
        <PicUrl><![CDATA[http://cdn.pinquduo.cn/weixinliulian.jpg]]></PicUrl>
        <Url><![CDATA[https://wx.pinquduo.cn/likes.html]]></Url>
    </item>
</Articles>
</xml><xml>
<ToUserName><![CDATA[oHSHkvnw9eE8XDEmfLzVgoeDMiDM]]></ToUserName>
<FromUserName><![CDATA[gh_d0b59cc1b2c7]]></FromUserName>
<CreateTime>1503131897</CreateTime>
<MsgType><![CDATA[news]]></MsgType>
<ArticleCount>1</ArticleCount>
<Articles>
    <item>
        <Title><![CDATA[您有4-5斤泰国金枕头榴莲待查收，点击免费领取]]></Title>
        <Description><![CDATA[点击免费领取4-5斤泰国金枕头榴莲]]></Description>
        <PicUrl><![CDATA[http://cdn.pinquduo.cn/weixinliulian.jpg]]></PicUrl>
        <Url><![CDATA[https://wx.pinquduo.cn/likes.html]]></Url>
    </item>
</Articles>
</xml><xml>
<ToUserName><![CDATA[oHSHkvuwKB4aCafQv-ecrTwtkUOM]]></ToUserName>
<FromUserName><![CDATA[gh_d0b59cc1b2c7]]></FromUserName>
<CreateTime>1503131909</CreateTime>
<MsgType><![CDATA[news]]></MsgType>
<ArticleCount>1</ArticleCount>
<Articles>
    <item>
        <Title><![CDATA[您有4-5斤泰国金枕头榴莲待查收，点击免费领取]]></Title>
        <Description><![CDATA[点击免费领取4-5斤泰国金枕头榴莲]]></Description>
        <PicUrl><![CDATA[http://cdn.pinquduo.cn/weixinliulian.jpg]]></PicUrl>
        <Url><![CDATA[https://wx.pinquduo.cn/likes.html]]></Url>
    </item>
</Articles>
</xml><xml>
<ToUserName><![CDATA[oHSHkvrpAV0VejKDS6bKsyJiSvKY]]></ToUserName>
<FromUserName><![CDATA[gh_d0b59cc1b2c7]]></FromUserName>
<CreateTime>1503131910</CreateTime>
<MsgType><![CDATA[news]]></MsgType>
<ArticleCount>1</ArticleCount>
<Articles>
    <item>
        <Title><![CDATA[您有4-5斤泰国金枕头榴莲待查收，点击免费领取]]></Title>
        <Description><![CDATA[点击免费领取4-5斤泰国金枕头榴莲]]></Description>
        <PicUrl><![CDATA[http://cdn.pinquduo.cn/weixinliulian.jpg]]></PicUrl>
        <Url><![CDATA[https://wx.pinquduo.cn/likes.html]]></Url>
    </item>
</Articles>
</xml><xml>
<ToUserName><![CDATA[oHSHkvovdkqqX1_O_W6sTSpfn_NM]]></ToUserName>
<FromUserName><![CDATA[gh_d0b59cc1b2c7]]></FromUserName>
<CreateTime>1503131911</CreateTime>
<MsgType><![CDATA[news]]></MsgType>
<ArticleCount>1</ArticleCount>
<Articles>
    <item>
        <Title><![CDATA[您有4-5斤泰国金枕头榴莲待查收，点击免费领取]]></Title>
        <Description><![CDATA[点击免费领取4-5斤泰国金枕头榴莲]]></Description>
        <PicUrl><![CDATA[http://cdn.pinquduo.cn/weixinliulian.jpg]]></PicUrl>
        <Url><![CDATA[https://wx.pinquduo.cn/likes.html]]></Url>
    </item>
</Articles>
</xml><xml>
<ToUserName><![CDATA[oHSHkvh1bcEClW9kMIxOJSKME6wg]]></ToUserName>
<FromUserName><![CDATA[gh_d0b59cc1b2c7]]></FromUserName>
<CreateTime>1503131914</CreateTime>
<MsgType><![CDATA[news]]></MsgType>
<ArticleCount>1</ArticleCount>
<Articles>
    <item>
        <Title><![CDATA[您有4-5斤泰国金枕头榴莲待查收，点击免费领取]]></Title>
        <Description><![CDATA[点击免费领取4-5斤泰国金枕头榴莲]]></Description>
        <PicUrl><![CDATA[http://cdn.pinquduo.cn/weixinliulian.jpg]]></PicUrl>
        <Url><![CDATA[https://wx.pinquduo.cn/likes.html]]></Url>
    </item>
</Articles>
</xml><xml>
<ToUserName><![CDATA[oHSHkvq_0dcvlxdJJJRvjjf80oVA]]></ToUserName>
<FromUserName><![CDATA[gh_d0b59cc1b2c7]]></FromUserName>
<CreateTime>1503131917</CreateTime>
<MsgType><![CDATA[news]]></MsgType>
<ArticleCount>1</ArticleCount>
<Articles>
    <item>
        <Title><![CDATA[您有4-5斤泰国金枕头榴莲待查收，点击免费领取]]></Title>
        <Description><![CDATA[点击免费领取4-5斤泰国金枕头榴莲]]></Description>
        <PicUrl><![CDATA[http://cdn.pinquduo.cn/weixinliulian.jpg]]></PicUrl>
        <Url><![CDATA[https://wx.pinquduo.cn/likes.html]]></Url>
    </item>
</Articles>
</xml><xml>
<ToUserName><![CDATA[oHSHkvsqzIKtCDxCstDuMZqrBi7E]]></ToUserName>
<FromUserName><![CDATA[gh_d0b59cc1b2c7]]></FromUserName>
<CreateTime>1503131926</CreateTime>
<MsgType><![CDATA[news]]></MsgType>
<ArticleCount>1</ArticleCount>
<Articles>
    <item>
        <Title><![CDATA[您有4-5斤泰国金枕头榴莲待查收，点击免费领取]]></Title>
        <Description><![CDATA[点击免费领取4-5斤泰国金枕头榴莲]]></Description>
        <PicUrl><![CDATA[http://cdn.pinquduo.cn/weixinliulian.jpg]]></PicUrl>
        <Url><![CDATA[https://wx.pinquduo.cn/likes.html]]></Url>
    </item>
</Articles>
</xml><xml>
<ToUserName><![CDATA[oHSHkvu0S1SE8IjtauYlq8YQaiJM]]></ToUserName>
<FromUserName><![CDATA[gh_d0b59cc1b2c7]]></FromUserName>
<CreateTime>1503131937</CreateTime>
<MsgType><![CDATA[news]]></MsgType>
<ArticleCount>1</ArticleCount>
<Articles>
    <item>
        <Title><![CDATA[您有4-5斤泰国金枕头榴莲待查收，点击免费领取]]></Title>
        <Description><![CDATA[点击免费领取4-5斤泰国金枕头榴莲]]></Description>
        <PicUrl><![CDATA[http://cdn.pinquduo.cn/weixinliulian.jpg]]></PicUrl>
        <Url><![CDATA[https://wx.pinquduo.cn/likes.html]]></Url>
    </item>
</Articles>
</xml><xml>
<ToUserName><![CDATA[oHSHkvho9PAhye46N_t8sC64hP9U]]></ToUserName>
<FromUserName><![CDATA[gh_d0b59cc1b2c7]]></FromUserName>
<CreateTime>1503131939</CreateTime>
<MsgType><![CDATA[news]]></MsgType>
<ArticleCount>1</ArticleCount>
<Articles>
    <item>
        <Title><![CDATA[您有4-5斤泰国金枕头榴莲待查收，点击免费领取]]></Title>
        <Description><![CDATA[点击免费领取4-5斤泰国金枕头榴莲]]></Description>
        <PicUrl><![CDATA[http://cdn.pinquduo.cn/weixinliulian.jpg]]></PicUrl>
        <Url><![CDATA[https://wx.pinquduo.cn/likes.html]]></Url>
    </item>
</Articles>
</xml><xml>
<ToUserName><![CDATA[oHSHkvgIGauWgE9qQgnjv8FSUDQY]]></ToUserName>
<FromUserName><![CDATA[gh_d0b59cc1b2c7]]></FromUserName>
<CreateTime>1503131939</CreateTime>
<MsgType><![CDATA[news]]></MsgType>
<ArticleCount>1</ArticleCount>
<Articles>
    <item>
        <Title><![CDATA[您有4-5斤泰国金枕头榴莲待查收，点击免费领取]]></Title>
        <Description><![CDATA[点击免费领取4-5斤泰国金枕头榴莲]]></Description>
        <PicUrl><![CDATA[http://cdn.pinquduo.cn/weixinliulian.jpg]]></PicUrl>
        <Url><![CDATA[https://wx.pinquduo.cn/likes.html]]></Url>
    </item>
</Articles>
</xml><xml>
<ToUserName><![CDATA[oHSHkvuqH47NSGH6jbWrnyyqQ9G0]]></ToUserName>
<FromUserName><![CDATA[gh_d0b59cc1b2c7]]></FromUserName>
<CreateTime>1503131947</CreateTime>
<MsgType><![CDATA[news]]></MsgType>
<ArticleCount>1</ArticleCount>
<Articles>
    <item>
        <Title><![CDATA[您有4-5斤泰国金枕头榴莲待查收，点击免费领取]]></Title>
        <Description><![CDATA[点击免费领取4-5斤泰国金枕头榴莲]]></Description>
        <PicUrl><![CDATA[http://cdn.pinquduo.cn/weixinliulian.jpg]]></PicUrl>
        <Url><![CDATA[https://wx.pinquduo.cn/likes.html]]></Url>
    </item>
</Articles>
</xml><xml>
<ToUserName><![CDATA[oHSHkvizh9Csn8ld4ol2P7GMBJlM]]></ToUserName>
<FromUserName><![CDATA[gh_d0b59cc1b2c7]]></FromUserName>
<CreateTime>1503131952</CreateTime>
<MsgType><![CDATA[news]]></MsgType>
<ArticleCount>1</ArticleCount>
<Articles>
    <item>
        <Title><![CDATA[您有4-5斤泰国金枕头榴莲待查收，点击免费领取]]></Title>
        <Description><![CDATA[点击免费领取4-5斤泰国金枕头榴莲]]></Description>
        <PicUrl><![CDATA[http://cdn.pinquduo.cn/weixinliulian.jpg]]></PicUrl>
        <Url><![CDATA[https://wx.pinquduo.cn/likes.html]]></Url>
    </item>
</Articles>
</xml><xml>
<ToUserName><![CDATA[oHSHkvp5In3IHkD7CX_ciKPDbeXk]]></ToUserName>
<FromUserName><![CDATA[gh_d0b59cc1b2c7]]></FromUserName>
<CreateTime>1503131957</CreateTime>
<MsgType><![CDATA[news]]></MsgType>
<ArticleCount>1</ArticleCount>
<Articles>
    <item>
        <Title><![CDATA[您有4-5斤泰国金枕头榴莲待查收，点击免费领取]]></Title>
        <Description><![CDATA[点击免费领取4-5斤泰国金枕头榴莲]]></Description>
        <PicUrl><![CDATA[http://cdn.pinquduo.cn/weixinliulian.jpg]]></PicUrl>
        <Url><![CDATA[https://wx.pinquduo.cn/likes.html]]></Url>
    </item>
</Articles>
</xml><xml>
<ToUserName><![CDATA[oHSHkvu3x-aVY0I5MBHMN8mk4e0w]]></ToUserName>
<FromUserName><![CDATA[gh_d0b59cc1b2c7]]></FromUserName>
<CreateTime>1503131957</CreateTime>
<MsgType><![CDATA[news]]></MsgType>
<ArticleCount>1</ArticleCount>
<Articles>
    <item>
        <Title><![CDATA[您有4-5斤泰国金枕头榴莲待查收，点击免费领取]]></Title>
        <Description><![CDATA[点击免费领取4-5斤泰国金枕头榴莲]]></Description>
        <PicUrl><![CDATA[http://cdn.pinquduo.cn/weixinliulian.jpg]]></PicUrl>
        <Url><![CDATA[https://wx.pinquduo.cn/likes.html]]></Url>
    </item>
</Articles>
</xml><xml>
<ToUserName><![CDATA[oHSHkvrFfCFG1LgOaHh-CuRJOjpo]]></ToUserName>
<FromUserName><![CDATA[gh_d0b59cc1b2c7]]></FromUserName>
<CreateTime>1503131960</CreateTime>
<MsgType><![CDATA[news]]></MsgType>
<ArticleCount>1</ArticleCount>
<Articles>
    <item>
        <Title><![CDATA[您有4-5斤泰国金枕头榴莲待查收，点击免费领取]]></Title>
        <Description><![CDATA[点击免费领取4-5斤泰国金枕头榴莲]]></Description>
        <PicUrl><![CDATA[http://cdn.pinquduo.cn/weixinliulian.jpg]]></PicUrl>
        <Url><![CDATA[https://wx.pinquduo.cn/likes.html]]></Url>
    </item>
</Articles>
</xml><xml>
<ToUserName><![CDATA[oHSHkvo33Jw-hZLnebnOF6axuNeY]]></ToUserName>
<FromUserName><![CDATA[gh_d0b59cc1b2c7]]></FromUserName>
<CreateTime>1503131969</CreateTime>
<MsgType><![CDATA[news]]></MsgType>
<ArticleCount>1</ArticleCount>
<Articles>
    <item>
        <Title><![CDATA[您有4-5斤泰国金枕头榴莲待查收，点击免费领取]]></Title>
        <Description><![CDATA[点击免费领取4-5斤泰国金枕头榴莲]]></Description>
        <PicUrl><![CDATA[http://cdn.pinquduo.cn/weixinliulian.jpg]]></PicUrl>
        <Url><![CDATA[https://wx.pinquduo.cn/likes.html]]></Url>
    </item>
</Articles>
</xml><xml>
<ToUserName><![CDATA[oHSHkvk0MYbK4jFPQELw-HscwKQw]]></ToUserName>
<FromUserName><![CDATA[gh_d0b59cc1b2c7]]></FromUserName>
<CreateTime>1503131975</CreateTime>
<MsgType><![CDATA[news]]></MsgType>
<ArticleCount>1</ArticleCount>
<Articles>
    <item>
        <Title><![CDATA[您有4-5斤泰国金枕头榴莲待查收，点击免费领取]]></Title>
        <Description><![CDATA[点击免费领取4-5斤泰国金枕头榴莲]]></Description>
        <PicUrl><![CDATA[http://cdn.pinquduo.cn/weixinliulian.jpg]]></PicUrl>
        <Url><![CDATA[https://wx.pinquduo.cn/likes.html]]></Url>
    </item>
</Articles>
</xml><xml>
<ToUserName><![CDATA[oHSHkvg8zFJMRQu7GAcSHL4qIYWU]]></ToUserName>
<FromUserName><![CDATA[gh_d0b59cc1b2c7]]></FromUserName>
<CreateTime>1503131980</CreateTime>
<MsgType><![CDATA[news]]></MsgType>
<ArticleCount>1</ArticleCount>
<Articles>
    <item>
        <Title><![CDATA[您有4-5斤泰国金枕头榴莲待查收，点击免费领取]]></Title>
        <Description><![CDATA[点击免费领取4-5斤泰国金枕头榴莲]]></Description>
        <PicUrl><![CDATA[http://cdn.pinquduo.cn/weixinliulian.jpg]]></PicUrl>
        <Url><![CDATA[https://wx.pinquduo.cn/likes.html]]></Url>
    </item>
</Articles>
</xml><xml>
<ToUserName><![CDATA[oHSHkvkAVp663xmKWs-kO4kc3IhM]]></ToUserName>
<FromUserName><![CDATA[gh_d0b59cc1b2c7]]></FromUserName>
<CreateTime>1503131984</CreateTime>
<MsgType><![CDATA[news]]></MsgType>
<ArticleCount>1</ArticleCount>
<Articles>
    <item>
        <Title><![CDATA[您有4-5斤泰国金枕头榴莲待查收，点击免费领取]]></Title>
        <Description><![CDATA[点击免费领取4-5斤泰国金枕头榴莲]]></Description>
        <PicUrl><![CDATA[http://cdn.pinquduo.cn/weixinliulian.jpg]]></PicUrl>
        <Url><![CDATA[https://wx.pinquduo.cn/likes.html]]></Url>
    </item>
</Articles>
</xml><xml>
<ToUserName><![CDATA[oHSHkvovdkqqX1_O_W6sTSpfn_NM]]></ToUserName>
<FromUserName><![CDATA[gh_d0b59cc1b2c7]]></FromUserName>
<CreateTime>1503131992</CreateTime>
<MsgType><![CDATA[news]]></MsgType>
<ArticleCount>1</ArticleCount>
<Articles>
    <item>
        <Title><![CDATA[您有4-5斤泰国金枕头榴莲待查收，点击免费领取]]></Title>
        <Description><![CDATA[点击免费领取4-5斤泰国金枕头榴莲]]></Description>
        <PicUrl><![CDATA[http://cdn.pinquduo.cn/weixinliulian.jpg]]></PicUrl>
        <Url><![CDATA[https://wx.pinquduo.cn/likes.html]]></Url>
    </item>
</Articles>
</xml><xml>
<ToUserName><![CDATA[oHSHkvm4tFj8VvQVfGRpBni4W1qg]]></ToUserName>
<FromUserName><![CDATA[gh_d0b59cc1b2c7]]></FromUserName>
<CreateTime>1503132010</CreateTime>
<MsgType><![CDATA[news]]></MsgType>
<ArticleCount>1</ArticleCount>
<Articles>
    <item>
        <Title><![CDATA[您有4-5斤泰国金枕头榴莲待查收，点击免费领取]]></Title>
        <Description><![CDATA[点击免费领取4-5斤泰国金枕头榴莲]]></Description>
        <PicUrl><![CDATA[http://cdn.pinquduo.cn/weixinliulian.jpg]]></PicUrl>
        <Url><![CDATA[https://wx.pinquduo.cn/likes.html]]></Url>
    </item>
</Articles>
</xml><xml>
<ToUserName><![CDATA[oHSHkvrnzxI0FCInEHxr_nCEOmLY]]></ToUserName>
<FromUserName><![CDATA[gh_d0b59cc1b2c7]]></FromUserName>
<CreateTime>1503132013</CreateTime>
<MsgType><![CDATA[news]]></MsgType>
<ArticleCount>1</ArticleCount>
<Articles>
    <item>
        <Title><![CDATA[您有4-5斤泰国金枕头榴莲待查收，点击免费领取]]></Title>
        <Description><![CDATA[点击免费领取4-5斤泰国金枕头榴莲]]></Description>
        <PicUrl><![CDATA[http://cdn.pinquduo.cn/weixinliulian.jpg]]></PicUrl>
        <Url><![CDATA[https://wx.pinquduo.cn/likes.html]]></Url>
    </item>
</Articles>
</xml><xml>
<ToUserName><![CDATA[oHSHkvv5gm91zYRZtiujqcu5mKu8]]></ToUserName>
<FromUserName><![CDATA[gh_d0b59cc1b2c7]]></FromUserName>
<CreateTime>1503132015</CreateTime>
<MsgType><![CDATA[news]]></MsgType>
<ArticleCount>1</ArticleCount>
<Articles>
    <item>
        <Title><![CDATA[您有4-5斤泰国金枕头榴莲待查收，点击免费领取]]></Title>
        <Description><![CDATA[点击免费领取4-5斤泰国金枕头榴莲]]></Description>
        <PicUrl><![CDATA[http://cdn.pinquduo.cn/weixinliulian.jpg]]></PicUrl>
        <Url><![CDATA[https://wx.pinquduo.cn/likes.html]]></Url>
    </item>
</Articles>
</xml><xml>
<ToUserName><![CDATA[oHSHkvr-3tnYhAajmf6vZ91Ou7HE]]></ToUserName>
<FromUserName><![CDATA[gh_d0b59cc1b2c7]]></FromUserName>
<CreateTime>1503132016</CreateTime>
<MsgType><![CDATA[news]]></MsgType>
<ArticleCount>1</ArticleCount>
<Articles>
    <item>
        <Title><![CDATA[您有4-5斤泰国金枕头榴莲待查收，点击免费领取]]></Title>
        <Description><![CDATA[点击免费领取4-5斤泰国金枕头榴莲]]></Description>
        <PicUrl><![CDATA[http://cdn.pinquduo.cn/weixinliulian.jpg]]></PicUrl>
        <Url><![CDATA[https://wx.pinquduo.cn/likes.html]]></Url>
    </item>
</Articles>
</xml><xml>
<ToUserName><![CDATA[oHSHkvno_NryuzEuDyDwjvIXdc7A]]></ToUserName>
<FromUserName><![CDATA[gh_d0b59cc1b2c7]]></FromUserName>
<CreateTime>1503132019</CreateTime>
<MsgType><![CDATA[news]]></MsgType>
<ArticleCount>1</ArticleCount>
<Articles>
    <item>
        <Title><![CDATA[您有4-5斤泰国金枕头榴莲待查收，点击免费领取]]></Title>
        <Description><![CDATA[点击免费领取4-5斤泰国金枕头榴莲]]></Description>
        <PicUrl><![CDATA[http://cdn.pinquduo.cn/weixinliulian.jpg]]></PicUrl>
        <Url><![CDATA[https://wx.pinquduo.cn/likes.html]]></Url>
    </item>
</Articles>
</xml><xml>
<ToUserName><![CDATA[oHSHkvpfWIc9hPkkY35nkxtqZO58]]></ToUserName>
<FromUserName><![CDATA[gh_d0b59cc1b2c7]]></FromUserName>
<CreateTime>1503132025</CreateTime>
<MsgType><![CDATA[news]]></MsgType>
<ArticleCount>1</ArticleCount>
<Articles>
    <item>
        <Title><![CDATA[您有4-5斤泰国金枕头榴莲待查收，点击免费领取]]></Title>
        <Description><![CDATA[点击免费领取4-5斤泰国金枕头榴莲]]></Description>
        <PicUrl><![CDATA[http://cdn.pinquduo.cn/weixinliulian.jpg]]></PicUrl>
        <Url><![CDATA[https://wx.pinquduo.cn/likes.html]]></Url>
    </item>
</Articles>
</xml><xml>
<ToUserName><![CDATA[oHSHkvlG82XaY-1J6A5lzIarI40o]]></ToUserName>
<FromUserName><![CDATA[gh_d0b59cc1b2c7]]></FromUserName>
<CreateTime>1503132032</CreateTime>
<MsgType><![CDATA[news]]></MsgType>
<ArticleCount>1</ArticleCount>
<Articles>
    <item>
        <Title><![CDATA[您有4-5斤泰国金枕头榴莲待查收，点击免费领取]]></Title>
        <Description><![CDATA[点击免费领取4-5斤泰国金枕头榴莲]]></Description>
        <PicUrl><![CDATA[http://cdn.pinquduo.cn/weixinliulian.jpg]]></PicUrl>
        <Url><![CDATA[https://wx.pinquduo.cn/likes.html]]></Url>
    </item>
</Articles>
</xml><xml>
<ToUserName><![CDATA[oHSHkvi_K-gL0yNMTJej7qfgyMgc]]></ToUserName>
<FromUserName><![CDATA[gh_d0b59cc1b2c7]]></FromUserName>
<CreateTime>1503132035</CreateTime>
<MsgType><![CDATA[news]]></MsgType>
<ArticleCount>1</ArticleCount>
<Articles>
    <item>
        <Title><![CDATA[您有4-5斤泰国金枕头榴莲待查收，点击免费领取]]></Title>
        <Description><![CDATA[点击免费领取4-5斤泰国金枕头榴莲]]></Description>
        <PicUrl><![CDATA[http://cdn.pinquduo.cn/weixinliulian.jpg]]></PicUrl>
        <Url><![CDATA[https://wx.pinquduo.cn/likes.html]]></Url>
    </item>
</Articles>
</xml><xml>
<ToUserName><![CDATA[oHSHkvnFu1sZNlheJZwn8gG0CQMA]]></ToUserName>
<FromUserName><![CDATA[gh_d0b59cc1b2c7]]></FromUserName>
<CreateTime>1503132049</CreateTime>
<MsgType><![CDATA[news]]></MsgType>
<ArticleCount>1</ArticleCount>
<Articles>
    <item>
        <Title><![CDATA[您有4-5斤泰国金枕头榴莲待查收，点击免费领取]]></Title>
        <Description><![CDATA[点击免费领取4-5斤泰国金枕头榴莲]]></Description>
        <PicUrl><![CDATA[http://cdn.pinquduo.cn/weixinliulian.jpg]]></PicUrl>
        <Url><![CDATA[https://wx.pinquduo.cn/likes.html]]></Url>
    </item>
</Articles>
</xml><xml>
<ToUserName><![CDATA[oHSHkvqmaykvLfkmyFOYN5sJaW6I]]></ToUserName>
<FromUserName><![CDATA[gh_d0b59cc1b2c7]]></FromUserName>
<CreateTime>1503132061</CreateTime>
<MsgType><![CDATA[news]]></MsgType>
<ArticleCount>1</ArticleCount>
<Articles>
    <item>
        <Title><![CDATA[您有4-5斤泰国金枕头榴莲待查收，点击免费领取]]></Title>
        <Description><![CDATA[点击免费领取4-5斤泰国金枕头榴莲]]></Description>
        <PicUrl><![CDATA[http://cdn.pinquduo.cn/weixinliulian.jpg]]></PicUrl>
        <Url><![CDATA[https://wx.pinquduo.cn/likes.html]]></Url>
    </item>
</Articles>
</xml><xml>
<ToUserName><![CDATA[oHSHkvvXcRspYTyyAAeY8Pzm_JNA]]></ToUserName>
<FromUserName><![CDATA[gh_d0b59cc1b2c7]]></FromUserName>
<CreateTime>1503132065</CreateTime>
<MsgType><![CDATA[news]]></MsgType>
<ArticleCount>1</ArticleCount>
<Articles>
    <item>
        <Title><![CDATA[您有4-5斤泰国金枕头榴莲待查收，点击免费领取]]></Title>
        <Description><![CDATA[点击免费领取4-5斤泰国金枕头榴莲]]></Description>
        <PicUrl><![CDATA[http://cdn.pinquduo.cn/weixinliulian.jpg]]></PicUrl>
        <Url><![CDATA[https://wx.pinquduo.cn/likes.html]]></Url>
    </item>
</Articles>
</xml><xml>
<ToUserName><![CDATA[oHSHkviHnQGYWes0Hvxq3mQvnqiQ]]></ToUserName>
<FromUserName><![CDATA[gh_d0b59cc1b2c7]]></FromUserName>
<CreateTime>1503132066</CreateTime>
<MsgType><![CDATA[news]]></MsgType>
<ArticleCount>1</ArticleCount>
<Articles>
    <item>
        <Title><![CDATA[您有4-5斤泰国金枕头榴莲待查收，点击免费领取]]></Title>
        <Description><![CDATA[点击免费领取4-5斤泰国金枕头榴莲]]></Description>
        <PicUrl><![CDATA[http://cdn.pinquduo.cn/weixinliulian.jpg]]></PicUrl>
        <Url><![CDATA[https://wx.pinquduo.cn/likes.html]]></Url>
    </item>
</Articles>
</xml><xml>
<ToUserName><![CDATA[oHSHkvoTkT50izdn_KB4Aw2zVWiE]]></ToUserName>
<FromUserName><![CDATA[gh_d0b59cc1b2c7]]></FromUserName>
<CreateTime>1503132067</CreateTime>
<MsgType><![CDATA[news]]></MsgType>
<ArticleCount>1</ArticleCount>
<Articles>
    <item>
        <Title><![CDATA[您有4-5斤泰国金枕头榴莲待查收，点击免费领取]]></Title>
        <Description><![CDATA[点击免费领取4-5斤泰国金枕头榴莲]]></Description>
        <PicUrl><![CDATA[http://cdn.pinquduo.cn/weixinliulian.jpg]]></PicUrl>
        <Url><![CDATA[https://wx.pinquduo.cn/likes.html]]></Url>
    </item>
</Articles>
</xml><xml>
<ToUserName><![CDATA[oHSHkvqc6Nex5VF4y7_tpManVXFw]]></ToUserName>
<FromUserName><![CDATA[gh_d0b59cc1b2c7]]></FromUserName>
<CreateTime>1503132084</CreateTime>
<MsgType><![CDATA[news]]></MsgType>
<ArticleCount>1</ArticleCount>
<Articles>
    <item>
        <Title><![CDATA[您有4-5斤泰国金枕头榴莲待查收，点击免费领取]]></Title>
        <Description><![CDATA[点击免费领取4-5斤泰国金枕头榴莲]]></Description>
        <PicUrl><![CDATA[http://cdn.pinquduo.cn/weixinliulian.jpg]]></PicUrl>
        <Url><![CDATA[https://wx.pinquduo.cn/likes.html]]></Url>
    </item>
</Articles>
</xml><xml>
<ToUserName><![CDATA[oHSHkvnR3b0GUvj8N9q1yBd_l9Uk]]></ToUserName>
<FromUserName><![CDATA[gh_d0b59cc1b2c7]]></FromUserName>
<CreateTime>1503132091</CreateTime>
<MsgType><![CDATA[news]]></MsgType>
<ArticleCount>1</ArticleCount>
<Articles>
    <item>
        <Title><![CDATA[您有4-5斤泰国金枕头榴莲待查收，点击免费领取]]></Title>
        <Description><![CDATA[点击免费领取4-5斤泰国金枕头榴莲]]></Description>
        <PicUrl><![CDATA[http://cdn.pinquduo.cn/weixinliulian.jpg]]></PicUrl>
        <Url><![CDATA[https://wx.pinquduo.cn/likes.html]]></Url>
    </item>
</Articles>
</xml><xml>
<ToUserName><![CDATA[oHSHkvpFzEUTs3KnZv2ZraqOnMe8]]></ToUserName>
<FromUserName><![CDATA[gh_d0b59cc1b2c7]]></FromUserName>
<CreateTime>1503132092</CreateTime>
<MsgType><![CDATA[news]]></MsgType>
<ArticleCount>1</ArticleCount>
<Articles>
    <item>
        <Title><![CDATA[您有4-5斤泰国金枕头榴莲待查收，点击免费领取]]></Title>
        <Description><![CDATA[点击免费领取4-5斤泰国金枕头榴莲]]></Description>
        <PicUrl><![CDATA[http://cdn.pinquduo.cn/weixinliulian.jpg]]></PicUrl>
        <Url><![CDATA[https://wx.pinquduo.cn/likes.html]]></Url>
    </item>
</Articles>
</xml><xml>
<ToUserName><![CDATA[oHSHkvghR0myzzIARe9lABc42Uuk]]></ToUserName>
<FromUserName><![CDATA[gh_d0b59cc1b2c7]]></FromUserName>
<CreateTime>1503132102</CreateTime>
<MsgType><![CDATA[news]]></MsgType>
<ArticleCount>1</ArticleCount>
<Articles>
    <item>
        <Title><![CDATA[您有4-5斤泰国金枕头榴莲待查收，点击免费领取]]></Title>
        <Description><![CDATA[点击免费领取4-5斤泰国金枕头榴莲]]></Description>
        <PicUrl><![CDATA[http://cdn.pinquduo.cn/weixinliulian.jpg]]></PicUrl>
        <Url><![CDATA[https://wx.pinquduo.cn/likes.html]]></Url>
    </item>
</Articles>
</xml><xml>
<ToUserName><![CDATA[oHSHkvphm1Y2D2aNGBxDfOatpbRg]]></ToUserName>
<FromUserName><![CDATA[gh_d0b59cc1b2c7]]></FromUserName>
<CreateTime>1503132105</CreateTime>
<MsgType><![CDATA[news]]></MsgType>
<ArticleCount>1</ArticleCount>
<Articles>
    <item>
        <Title><![CDATA[您有4-5斤泰国金枕头榴莲待查收，点击免费领取]]></Title>
        <Description><![CDATA[点击免费领取4-5斤泰国金枕头榴莲]]></Description>
        <PicUrl><![CDATA[http://cdn.pinquduo.cn/weixinliulian.jpg]]></PicUrl>
        <Url><![CDATA[https://wx.pinquduo.cn/likes.html]]></Url>
    </item>
</Articles>
</xml><xml>
<ToUserName><![CDATA[oHSHkvtFFzhFT9yabWgzaWQ2Gz3E]]></ToUserName>
<FromUserName><![CDATA[gh_d0b59cc1b2c7]]></FromUserName>
<CreateTime>1503132110</CreateTime>
<MsgType><![CDATA[news]]></MsgType>
<ArticleCount>1</ArticleCount>
<Articles>
    <item>
        <Title><![CDATA[您有4-5斤泰国金枕头榴莲待查收，点击免费领取]]></Title>
        <Description><![CDATA[点击免费领取4-5斤泰国金枕头榴莲]]></Description>
        <PicUrl><![CDATA[http://cdn.pinquduo.cn/weixinliulian.jpg]]></PicUrl>
        <Url><![CDATA[https://wx.pinquduo.cn/likes.html]]></Url>
    </item>
</Articles>
</xml><xml>
<ToUserName><![CDATA[oHSHkvpV6JKmHIODTKcjKm93J10U]]></ToUserName>
<FromUserName><![CDATA[gh_d0b59cc1b2c7]]></FromUserName>
<CreateTime>1503132111</CreateTime>
<MsgType><![CDATA[news]]></MsgType>
<ArticleCount>1</ArticleCount>
<Articles>
    <item>
        <Title><![CDATA[您有4-5斤泰国金枕头榴莲待查收，点击免费领取]]></Title>
        <Description><![CDATA[点击免费领取4-5斤泰国金枕头榴莲]]></Description>
        <PicUrl><![CDATA[http://cdn.pinquduo.cn/weixinliulian.jpg]]></PicUrl>
        <Url><![CDATA[https://wx.pinquduo.cn/likes.html]]></Url>
    </item>
</Articles>
</xml><xml>
<ToUserName><![CDATA[oHSHkvriCVw61aKWZVA4RbvvK2iE]]></ToUserName>
<FromUserName><![CDATA[gh_d0b59cc1b2c7]]></FromUserName>
<CreateTime>1503132111</CreateTime>
<MsgType><![CDATA[news]]></MsgType>
<ArticleCount>1</ArticleCount>
<Articles>
    <item>
        <Title><![CDATA[您有4-5斤泰国金枕头榴莲待查收，点击免费领取]]></Title>
        <Description><![CDATA[点击免费领取4-5斤泰国金枕头榴莲]]></Description>
        <PicUrl><![CDATA[http://cdn.pinquduo.cn/weixinliulian.jpg]]></PicUrl>
        <Url><![CDATA[https://wx.pinquduo.cn/likes.html]]></Url>
    </item>
</Articles>
</xml><xml>
<ToUserName><![CDATA[oHSHkviIzEH_KkGSE1Chc0rYbGiM]]></ToUserName>
<FromUserName><![CDATA[gh_d0b59cc1b2c7]]></FromUserName>
<CreateTime>1503132112</CreateTime>
<MsgType><![CDATA[news]]></MsgType>
<ArticleCount>1</ArticleCount>
<Articles>
    <item>
        <Title><![CDATA[您有4-5斤泰国金枕头榴莲待查收，点击免费领取]]></Title>
        <Description><![CDATA[点击免费领取4-5斤泰国金枕头榴莲]]></Description>
        <PicUrl><![CDATA[http://cdn.pinquduo.cn/weixinliulian.jpg]]></PicUrl>
        <Url><![CDATA[https://wx.pinquduo.cn/likes.html]]></Url>
    </item>
</Articles>
</xml><xml>
<ToUserName><![CDATA[oHSHkvoJ6xAVMZnzwZag8ZchrwfA]]></ToUserName>
<FromUserName><![CDATA[gh_d0b59cc1b2c7]]></FromUserName>
<CreateTime>1503132117</CreateTime>
<MsgType><![CDATA[news]]></MsgType>
<ArticleCount>1</ArticleCount>
<Articles>
    <item>
        <Title><![CDATA[您有4-5斤泰国金枕头榴莲待查收，点击免费领取]]></Title>
        <Description><![CDATA[点击免费领取4-5斤泰国金枕头榴莲]]></Description>
        <PicUrl><![CDATA[http://cdn.pinquduo.cn/weixinliulian.jpg]]></PicUrl>
        <Url><![CDATA[https://wx.pinquduo.cn/likes.html]]></Url>
    </item>
</Articles>
</xml>